2026-01-19 07:12:37,931 DEBUG    root            Loaded Command Group: ['gcloud', 'beta', 'emulators']
2026-01-19 07:12:37,954 DEBUG    root            Loaded Command Group: ['gcloud', 'beta', 'emulators', 'pubsub']
2026-01-19 07:12:37,955 DEBUG    root            Loaded Command Group: ['gcloud', 'beta', 'emulators', 'pubsub', 'start']
2026-01-19 07:12:38,144 DEBUG    root            On GCE from disk cache: False
2026-01-19 07:12:38,146 DEBUG    root            Running [gcloud.beta.emulators.pubsub.start] with arguments: [--host-port: "<googlecloudsdk.calliope.arg_parsers.HostPort object at 0x7ffffcb45160>"]
2026-01-19 07:12:38,146 DEBUG    root            Found Cloud SDK root: /usr/lib/google-cloud-sdk
2026-01-19 07:12:38,147 INFO     ___FILE_ONLY___ Executing: /usr/lib/google-cloud-sdk/platform/pubsub-emulator/bin/cloud-pubsub-emulator --host=0.0.0.0 --port=8085

2026-01-19 07:12:38,150 DEBUG    root            Chosen display Format:yaml
2026-01-19 07:12:38,649 INFO     ___FILE_ONLY___ [pubsub] This is the Google Pub/Sub fake.

2026-01-19 07:12:38,650 INFO     ___FILE_ONLY___ [pubsub] Implementation may be incomplete or differ from the real system.

2026-01-19 07:12:38,756 INFO     ___FILE_ONLY___ [pubsub] Jan 19, 2026 7:12:38 AM com.google.cloud.pubsub.testing.v1.Main main

2026-01-19 07:12:38,757 INFO     ___FILE_ONLY___ [pubsub] INFO: IAM integration is disabled. IAM policy methods and ACL checks are not supported

2026-01-19 07:12:38,974 INFO     ___FILE_ONLY___ [pubsub] SLF4J(W): No SLF4J providers were found.

2026-01-19 07:12:38,975 INFO     ___FILE_ONLY___ [pubsub] SLF4J(W): Defaulting to no-operation (NOP) logger implementation

2026-01-19 07:12:38,975 INFO     ___FILE_ONLY___ [pubsub] SLF4J(W): See https://www.slf4j.org/codes.html#noProviders for further details.

2026-01-19 07:12:39,427 INFO     ___FILE_ONLY___ [pubsub] Jan 19, 2026 7:12:39 AM com.google.cloud.pubsub.testing.v1.Main main

2026-01-19 07:12:39,429 INFO     ___FILE_ONLY___ [pubsub] INFO: Server started, listening on 8085

2026-01-19 07:12:40,543 INFO     ___FILE_ONLY___ [pubsub] Jan 19, 2026 7:12:40 AM io.gapi.emulators.netty.HttpVersionRoutingHandler channelRead

2026-01-19 07:12:40,544 INFO     ___FILE_ONLY___ [pubsub] INFO: Detected HTTP/2 connection.

2026-01-19 07:12:40,623 INFO     ___FILE_ONLY___ [pubsub] Jan 19, 2026 7:12:40 AM io.gapi.emulators.netty.HttpVersionRoutingHandler channelRead

2026-01-19 07:12:40,624 INFO     ___FILE_ONLY___ [pubsub] INFO: Detected HTTP/2 connection.

