2026-01-19 07:26:24,496 DEBUG    root            Loaded Command Group: ['gcloud', 'beta', 'emulators']
2026-01-19 07:26:24,532 DEBUG    root            Loaded Command Group: ['gcloud', 'beta', 'emulators', 'pubsub']
2026-01-19 07:26:24,533 DEBUG    root            Loaded Command Group: ['gcloud', 'beta', 'emulators', 'pubsub', 'start']
2026-01-19 07:26:24,793 DEBUG    root            Failed to check metadata server: <urlopen error [Errno -2] Name or service not known>
2026-01-19 07:26:24,794 DEBUG    root            On GCE from server: False
2026-01-19 07:26:24,797 DEBUG    root            Running [gcloud.beta.emulators.pubsub.start] with arguments: [--host-port: "<googlecloudsdk.calliope.arg_parsers.HostPort object at 0x7ffffcb45160>"]
2026-01-19 07:26:24,797 DEBUG    root            Found Cloud SDK root: /usr/lib/google-cloud-sdk
2026-01-19 07:26:24,797 INFO     ___FILE_ONLY___ Executing: /usr/lib/google-cloud-sdk/platform/pubsub-emulator/bin/cloud-pubsub-emulator --host=0.0.0.0 --port=8085

2026-01-19 07:26:24,802 DEBUG    root            Chosen display Format:yaml
2026-01-19 07:26:25,311 INFO     ___FILE_ONLY___ [pubsub] This is the Google Pub/Sub fake.

2026-01-19 07:26:25,312 INFO     ___FILE_ONLY___ [pubsub] Implementation may be incomplete or differ from the real system.

2026-01-19 07:26:25,406 INFO     ___FILE_ONLY___ [pubsub] Jan 19, 2026 7:26:25 AM com.google.cloud.pubsub.testing.v1.Main main

2026-01-19 07:26:25,406 INFO     ___FILE_ONLY___ [pubsub] INFO: IAM integration is disabled. IAM policy methods and ACL checks are not supported

2026-01-19 07:26:25,671 INFO     ___FILE_ONLY___ [pubsub] SLF4J(W): No SLF4J providers were found.

2026-01-19 07:26:25,671 INFO     ___FILE_ONLY___ [pubsub] SLF4J(W): Defaulting to no-operation (NOP) logger implementation

2026-01-19 07:26:25,673 INFO     ___FILE_ONLY___ [pubsub] SLF4J(W): See https://www.slf4j.org/codes.html#noProviders for further details.

2026-01-19 07:26:26,236 INFO     ___FILE_ONLY___ [pubsub] Jan 19, 2026 7:26:26 AM com.google.cloud.pubsub.testing.v1.Main main

2026-01-19 07:26:26,237 INFO     ___FILE_ONLY___ [pubsub] INFO: Server started, listening on 8085

2026-01-19 07:26:26,638 INFO     ___FILE_ONLY___ [pubsub] Jan 19, 2026 7:26:26 AM io.gapi.emulators.netty.HttpVersionRoutingHandler channelRead

2026-01-19 07:26:26,640 INFO     ___FILE_ONLY___ [pubsub] INFO: Detected HTTP/2 connection.

2026-01-19 07:26:26,824 INFO     ___FILE_ONLY___ [pubsub] Jan 19, 2026 7:26:26 AM io.gapi.emulators.netty.HttpVersionRoutingHandler channelRead

2026-01-19 07:26:26,825 INFO     ___FILE_ONLY___ [pubsub] INFO: Detected HTTP/2 connection.

