2026-01-19 08:33:17,741 DEBUG    root            Loaded Command Group: ['gcloud', 'beta', 'emulators']
2026-01-19 08:33:17,768 DEBUG    root            Loaded Command Group: ['gcloud', 'beta', 'emulators', 'pubsub']
2026-01-19 08:33:17,769 DEBUG    root            Loaded Command Group: ['gcloud', 'beta', 'emulators', 'pubsub', 'start']
2026-01-19 08:33:17,969 DEBUG    root            On GCE from disk cache: False
2026-01-19 08:33:17,971 DEBUG    root            Running [gcloud.beta.emulators.pubsub.start] with arguments: [--host-port: "<googlecloudsdk.calliope.arg_parsers.HostPort object at 0x7ffffcb41160>"]
2026-01-19 08:33:17,971 DEBUG    root            Found Cloud SDK root: /usr/lib/google-cloud-sdk
2026-01-19 08:33:17,972 INFO     ___FILE_ONLY___ Executing: /usr/lib/google-cloud-sdk/platform/pubsub-emulator/bin/cloud-pubsub-emulator --host=0.0.0.0 --port=8085

2026-01-19 08:33:17,975 DEBUG    root            Chosen display Format:yaml
2026-01-19 08:33:18,497 INFO     ___FILE_ONLY___ [pubsub] This is the Google Pub/Sub fake.

2026-01-19 08:33:18,498 INFO     ___FILE_ONLY___ [pubsub] Implementation may be incomplete or differ from the real system.

2026-01-19 08:33:18,594 INFO     ___FILE_ONLY___ [pubsub] Jan 19, 2026 8:33:18 AM com.google.cloud.pubsub.testing.v1.Main main

2026-01-19 08:33:18,595 INFO     ___FILE_ONLY___ [pubsub] INFO: IAM integration is disabled. IAM policy methods and ACL checks are not supported

2026-01-19 08:33:18,833 INFO     ___FILE_ONLY___ [pubsub] SLF4J(W): No SLF4J providers were found.

2026-01-19 08:33:18,833 INFO     ___FILE_ONLY___ [pubsub] SLF4J(W): Defaulting to no-operation (NOP) logger implementation

2026-01-19 08:33:18,833 INFO     ___FILE_ONLY___ [pubsub] SLF4J(W): See https://www.slf4j.org/codes.html#noProviders for further details.

2026-01-19 08:33:19,294 INFO     ___FILE_ONLY___ [pubsub] Jan 19, 2026 8:33:19 AM com.google.cloud.pubsub.testing.v1.Main main

2026-01-19 08:33:19,295 INFO     ___FILE_ONLY___ [pubsub] INFO: Server started, listening on 8085

2026-01-19 08:33:20,098 INFO     ___FILE_ONLY___ [pubsub] Jan 19, 2026 8:33:20 AM io.gapi.emulators.netty.HttpVersionRoutingHandler channelRead

2026-01-19 08:33:20,099 INFO     ___FILE_ONLY___ [pubsub] INFO: Detected HTTP/2 connection.

2026-01-19 08:33:20,099 INFO     ___FILE_ONLY___ [pubsub] Jan 19, 2026 8:33:20 AM io.gapi.emulators.netty.HttpVersionRoutingHandler channelRead

2026-01-19 08:33:20,100 INFO     ___FILE_ONLY___ [pubsub] INFO: Detected HTTP/2 connection.

