2026-01-19 08:30:22,922 DEBUG    root            Loaded Command Group: ['gcloud', 'beta', 'emulators']
2026-01-19 08:30:22,958 DEBUG    root            Loaded Command Group: ['gcloud', 'beta', 'emulators', 'pubsub']
2026-01-19 08:30:22,959 DEBUG    root            Loaded Command Group: ['gcloud', 'beta', 'emulators', 'pubsub', 'start']
2026-01-19 08:30:23,227 DEBUG    root            Failed to check metadata server: <urlopen error [Errno -2] Name or service not known>
2026-01-19 08:30:23,228 DEBUG    root            On GCE from server: False
2026-01-19 08:30:23,231 DEBUG    root            Running [gcloud.beta.emulators.pubsub.start] with arguments: [--host-port: "<googlecloudsdk.calliope.arg_parsers.HostPort object at 0x7ffffcb45160>"]
2026-01-19 08:30:23,231 DEBUG    root            Found Cloud SDK root: /usr/lib/google-cloud-sdk
2026-01-19 08:30:23,232 INFO     ___FILE_ONLY___ Executing: /usr/lib/google-cloud-sdk/platform/pubsub-emulator/bin/cloud-pubsub-emulator --host=0.0.0.0 --port=8085

2026-01-19 08:30:23,237 DEBUG    root            Chosen display Format:yaml
2026-01-19 08:30:23,767 INFO     ___FILE_ONLY___ [pubsub] This is the Google Pub/Sub fake.

2026-01-19 08:30:23,768 INFO     ___FILE_ONLY___ [pubsub] Implementation may be incomplete or differ from the real system.

2026-01-19 08:30:23,868 INFO     ___FILE_ONLY___ [pubsub] Jan 19, 2026 8:30:23 AM com.google.cloud.pubsub.testing.v1.Main main

2026-01-19 08:30:23,870 INFO     ___FILE_ONLY___ [pubsub] INFO: IAM integration is disabled. IAM policy methods and ACL checks are not supported

2026-01-19 08:30:24,129 INFO     ___FILE_ONLY___ [pubsub] SLF4J(W): No SLF4J providers were found.

2026-01-19 08:30:24,129 INFO     ___FILE_ONLY___ [pubsub] SLF4J(W): Defaulting to no-operation (NOP) logger implementation

2026-01-19 08:30:24,131 INFO     ___FILE_ONLY___ [pubsub] SLF4J(W): See https://www.slf4j.org/codes.html#noProviders for further details.

2026-01-19 08:30:24,713 INFO     ___FILE_ONLY___ [pubsub] Jan 19, 2026 8:30:24 AM com.google.cloud.pubsub.testing.v1.Main main

2026-01-19 08:30:24,714 INFO     ___FILE_ONLY___ [pubsub] INFO: Server started, listening on 8085

2026-01-19 08:30:25,202 INFO     ___FILE_ONLY___ [pubsub] Jan 19, 2026 8:30:25 AM io.gapi.emulators.netty.HttpVersionRoutingHandler channelRead

2026-01-19 08:30:25,202 INFO     ___FILE_ONLY___ [pubsub] INFO: Detected HTTP/2 connection.

2026-01-19 08:30:25,542 INFO     ___FILE_ONLY___ [pubsub] Jan 19, 2026 8:30:25 AM io.gapi.emulators.netty.HttpVersionRoutingHandler channelRead

2026-01-19 08:30:25,543 INFO     ___FILE_ONLY___ [pubsub] INFO: Detected HTTP/2 connection.

