2026-01-19 08:48:47,986 DEBUG    root            Loaded Command Group: ['gcloud', 'beta', 'emulators']
2026-01-19 08:48:48,114 DEBUG    root            Loaded Command Group: ['gcloud', 'beta', 'emulators', 'pubsub']
2026-01-19 08:48:48,116 DEBUG    root            Loaded Command Group: ['gcloud', 'beta', 'emulators', 'pubsub', 'start']
2026-01-19 08:48:48,344 DEBUG    root            Failed to check metadata server: <urlopen error [Errno -2] Name or service not known>
2026-01-19 08:48:48,345 DEBUG    root            On GCE from server: False
2026-01-19 08:48:48,347 DEBUG    root            Running [gcloud.beta.emulators.pubsub.start] with arguments: [--host-port: "<googlecloudsdk.calliope.arg_parsers.HostPort object at 0x7ffffc7b4830>"]
2026-01-19 08:48:48,347 DEBUG    root            Found Cloud SDK root: /google-cloud-sdk
2026-01-19 08:48:48,348 INFO     ___FILE_ONLY___ Executing: /google-cloud-sdk/platform/pubsub-emulator/bin/cloud-pubsub-emulator --host=0.0.0.0 --port=8085

2026-01-19 08:48:48,351 DEBUG    root            Chosen display Format:yaml
2026-01-19 08:48:48,881 INFO     ___FILE_ONLY___ [pubsub] This is the Google Pub/Sub fake.

2026-01-19 08:48:48,882 INFO     ___FILE_ONLY___ [pubsub] Implementation may be incomplete or differ from the real system.

2026-01-19 08:48:48,994 INFO     ___FILE_ONLY___ [pubsub] Jan 19, 2026 8:48:48 AM com.google.cloud.pubsub.testing.v1.Main main

2026-01-19 08:48:48,995 INFO     ___FILE_ONLY___ [pubsub] INFO: IAM integration is disabled. IAM policy methods and ACL checks are not supported

2026-01-19 08:48:49,209 INFO     ___FILE_ONLY___ [pubsub] SLF4J(W): No SLF4J providers were found.

2026-01-19 08:48:49,211 INFO     ___FILE_ONLY___ [pubsub] SLF4J(W): Defaulting to no-operation (NOP) logger implementation

2026-01-19 08:48:49,212 INFO     ___FILE_ONLY___ [pubsub] SLF4J(W): See https://www.slf4j.org/codes.html#noProviders for further details.

2026-01-19 08:48:49,711 INFO     ___FILE_ONLY___ [pubsub] Jan 19, 2026 8:48:49 AM com.google.cloud.pubsub.testing.v1.Main main

2026-01-19 08:48:49,712 INFO     ___FILE_ONLY___ [pubsub] INFO: Server started, listening on 8085

2026-01-19 08:48:51,116 INFO     ___FILE_ONLY___ [pubsub] Jan 19, 2026 8:48:51 AM io.gapi.emulators.netty.HttpVersionRoutingHandler channelRead

2026-01-19 08:48:51,119 INFO     ___FILE_ONLY___ [pubsub] INFO: Detected HTTP/2 connection.

2026-01-19 08:48:51,402 INFO     ___FILE_ONLY___ [pubsub] Jan 19, 2026 8:48:51 AM io.gapi.emulators.netty.HttpVersionRoutingHandler channelRead

2026-01-19 08:48:51,402 INFO     ___FILE_ONLY___ [pubsub] INFO: Detected HTTP/2 connection.

