2026-01-19 09:15:22,154 DEBUG    root            Loaded Command Group: ['gcloud', 'beta', 'emulators']
2026-01-19 09:15:22,296 DEBUG    root            Loaded Command Group: ['gcloud', 'beta', 'emulators', 'pubsub']
2026-01-19 09:15:22,298 DEBUG    root            Loaded Command Group: ['gcloud', 'beta', 'emulators', 'pubsub', 'start']
2026-01-19 09:15:22,558 DEBUG    root            On GCE from disk cache: False
2026-01-19 09:15:22,559 DEBUG    root            Running [gcloud.beta.emulators.pubsub.start] with arguments: [--host-port: "<googlecloudsdk.calliope.arg_parsers.HostPort object at 0x7ffffc7b4830>"]
2026-01-19 09:15:22,560 DEBUG    root            Found Cloud SDK root: /google-cloud-sdk
2026-01-19 09:15:22,560 INFO     ___FILE_ONLY___ Executing: /google-cloud-sdk/platform/pubsub-emulator/bin/cloud-pubsub-emulator --host=0.0.0.0 --port=8085

2026-01-19 09:15:22,564 DEBUG    root            Chosen display Format:yaml
2026-01-19 09:15:23,146 INFO     ___FILE_ONLY___ [pubsub] This is the Google Pub/Sub fake.

2026-01-19 09:15:23,147 INFO     ___FILE_ONLY___ [pubsub] Implementation may be incomplete or differ from the real system.

2026-01-19 09:15:23,260 INFO     ___FILE_ONLY___ [pubsub] Jan 19, 2026 9:15:23 AM com.google.cloud.pubsub.testing.v1.Main main

2026-01-19 09:15:23,262 INFO     ___FILE_ONLY___ [pubsub] INFO: IAM integration is disabled. IAM policy methods and ACL checks are not supported

2026-01-19 09:15:23,501 INFO     ___FILE_ONLY___ [pubsub] SLF4J(W): No SLF4J providers were found.

2026-01-19 09:15:23,501 INFO     ___FILE_ONLY___ [pubsub] SLF4J(W): Defaulting to no-operation (NOP) logger implementation

2026-01-19 09:15:23,502 INFO     ___FILE_ONLY___ [pubsub] SLF4J(W): See https://www.slf4j.org/codes.html#noProviders for further details.

2026-01-19 09:15:24,052 INFO     ___FILE_ONLY___ [pubsub] Jan 19, 2026 9:15:24 AM com.google.cloud.pubsub.testing.v1.Main main

2026-01-19 09:15:24,053 INFO     ___FILE_ONLY___ [pubsub] INFO: Server started, listening on 8085

2026-01-19 09:15:35,464 INFO     ___FILE_ONLY___ [pubsub] Jan 19, 2026 9:15:35 AM io.gapi.emulators.netty.HttpVersionRoutingHandler channelRead

2026-01-19 09:15:35,465 INFO     ___FILE_ONLY___ [pubsub] INFO: Detected non-HTTP/2 connection.

2026-01-19 09:15:35,491 INFO     ___FILE_ONLY___ [pubsub] Jan 19, 2026 9:15:35 AM io.gapi.emulators.grpc.HttpAdapter$StubMethodHandler handle

2026-01-19 09:15:35,492 INFO     ___FILE_ONLY___ [pubsub] INFO: Forwarding key: Host

2026-01-19 09:15:35,492 INFO     ___FILE_ONLY___ [pubsub] Jan 19, 2026 9:15:35 AM io.gapi.emulators.grpc.HttpAdapter$StubMethodHandler handle

2026-01-19 09:15:35,492 INFO     ___FILE_ONLY___ [pubsub] INFO: Forwarding key: User-Agent

2026-01-19 09:15:35,493 INFO     ___FILE_ONLY___ [pubsub] Jan 19, 2026 9:15:35 AM io.gapi.emulators.grpc.HttpAdapter$StubMethodHandler handle

2026-01-19 09:15:35,493 INFO     ___FILE_ONLY___ [pubsub] INFO: Forwarding key: Accept

2026-01-19 09:15:35,494 INFO     ___FILE_ONLY___ [pubsub] Jan 19, 2026 9:15:35 AM io.gapi.emulators.grpc.HttpAdapter$StubMethodHandler handle

2026-01-19 09:15:35,494 INFO     ___FILE_ONLY___ [pubsub] INFO: Not forwarding key: content-length

2026-01-19 09:15:35,749 INFO     ___FILE_ONLY___ [pubsub] Jan 19, 2026 9:15:35 AM io.gapi.emulators.netty.HttpVersionRoutingHandler channelRead

2026-01-19 09:15:35,750 INFO     ___FILE_ONLY___ [pubsub] INFO: Detected HTTP/2 connection.

2026-01-19 09:15:35,837 INFO     ___FILE_ONLY___ [pubsub] Jan 19, 2026 9:15:35 AM io.gapi.emulators.netty.HttpHandler$1 onError

2026-01-19 09:15:35,838 INFO     ___FILE_ONLY___ [pubsub] INFO: Exception when handling request: NOT_FOUND: Topic not found

2026-01-19 09:15:35,872 INFO     ___FILE_ONLY___ [pubsub] Jan 19, 2026 9:15:35 AM io.gapi.emulators.netty.HttpVersionRoutingHandler channelRead

2026-01-19 09:15:35,872 INFO     ___FILE_ONLY___ [pubsub] INFO: Detected non-HTTP/2 connection.

2026-01-19 09:15:35,885 INFO     ___FILE_ONLY___ [pubsub] Jan 19, 2026 9:15:35 AM io.gapi.emulators.grpc.HttpAdapter$StubMethodHandler handle

2026-01-19 09:15:35,885 INFO     ___FILE_ONLY___ [pubsub] INFO: Forwarding key: Host

2026-01-19 09:15:35,886 INFO     ___FILE_ONLY___ [pubsub] Jan 19, 2026 9:15:35 AM io.gapi.emulators.grpc.HttpAdapter$StubMethodHandler handle

2026-01-19 09:15:35,886 INFO     ___FILE_ONLY___ [pubsub] INFO: Forwarding key: User-Agent

2026-01-19 09:15:35,886 INFO     ___FILE_ONLY___ [pubsub] Jan 19, 2026 9:15:35 AM io.gapi.emulators.grpc.HttpAdapter$StubMethodHandler handle

2026-01-19 09:15:35,887 INFO     ___FILE_ONLY___ [pubsub] INFO: Forwarding key: Accept

2026-01-19 09:15:35,887 INFO     ___FILE_ONLY___ [pubsub] Jan 19, 2026 9:15:35 AM io.gapi.emulators.grpc.HttpAdapter$StubMethodHandler handle

2026-01-19 09:15:35,887 INFO     ___FILE_ONLY___ [pubsub] INFO: Not forwarding key: content-length

2026-01-19 09:15:35,972 INFO     ___FILE_ONLY___ [pubsub] Jan 19, 2026 9:15:35 AM io.gapi.emulators.netty.HttpVersionRoutingHandler channelRead

2026-01-19 09:15:35,972 INFO     ___FILE_ONLY___ [pubsub] INFO: Detected non-HTTP/2 connection.

2026-01-19 09:15:35,974 INFO     ___FILE_ONLY___ [pubsub] Jan 19, 2026 9:15:35 AM io.gapi.emulators.grpc.HttpAdapter$StubMethodHandler handle

2026-01-19 09:15:35,974 INFO     ___FILE_ONLY___ [pubsub] INFO: Forwarding key: Host

2026-01-19 09:15:35,974 INFO     ___FILE_ONLY___ [pubsub] Jan 19, 2026 9:15:35 AM io.gapi.emulators.grpc.HttpAdapter$StubMethodHandler handle

2026-01-19 09:15:35,975 INFO     ___FILE_ONLY___ [pubsub] INFO: Forwarding key: User-Agent

2026-01-19 09:15:35,975 INFO     ___FILE_ONLY___ [pubsub] Jan 19, 2026 9:15:35 AM io.gapi.emulators.grpc.HttpAdapter$StubMethodHandler handle

2026-01-19 09:15:35,976 INFO     ___FILE_ONLY___ [pubsub] INFO: Forwarding key: Accept

2026-01-19 09:15:35,976 INFO     ___FILE_ONLY___ [pubsub] Jan 19, 2026 9:15:35 AM io.gapi.emulators.grpc.HttpAdapter$StubMethodHandler handle

2026-01-19 09:15:35,976 INFO     ___FILE_ONLY___ [pubsub] INFO: Not forwarding key: content-length

2026-01-19 09:15:35,981 INFO     ___FILE_ONLY___ [pubsub] Jan 19, 2026 9:15:35 AM io.gapi.emulators.netty.HttpHandler$1 onError

2026-01-19 09:15:35,982 INFO     ___FILE_ONLY___ [pubsub] INFO: Exception when handling request: NOT_FOUND: Topic not found

2026-01-19 09:15:36,002 INFO     ___FILE_ONLY___ [pubsub] Jan 19, 2026 9:15:36 AM io.gapi.emulators.netty.HttpVersionRoutingHandler channelRead

2026-01-19 09:15:36,003 INFO     ___FILE_ONLY___ [pubsub] INFO: Detected non-HTTP/2 connection.

2026-01-19 09:15:36,007 INFO     ___FILE_ONLY___ [pubsub] Jan 19, 2026 9:15:36 AM io.gapi.emulators.grpc.HttpAdapter$StubMethodHandler handle

2026-01-19 09:15:36,008 INFO     ___FILE_ONLY___ [pubsub] INFO: Forwarding key: Host

2026-01-19 09:15:36,008 INFO     ___FILE_ONLY___ [pubsub] Jan 19, 2026 9:15:36 AM io.gapi.emulators.grpc.HttpAdapter$StubMethodHandler handle

2026-01-19 09:15:36,008 INFO     ___FILE_ONLY___ [pubsub] INFO: Forwarding key: User-Agent

2026-01-19 09:15:36,008 INFO     ___FILE_ONLY___ [pubsub] Jan 19, 2026 9:15:36 AM io.gapi.emulators.grpc.HttpAdapter$StubMethodHandler handle

2026-01-19 09:15:36,009 INFO     ___FILE_ONLY___ [pubsub] INFO: Forwarding key: Accept

2026-01-19 09:15:36,009 INFO     ___FILE_ONLY___ [pubsub] Jan 19, 2026 9:15:36 AM io.gapi.emulators.grpc.HttpAdapter$StubMethodHandler handle

2026-01-19 09:15:36,009 INFO     ___FILE_ONLY___ [pubsub] INFO: Not forwarding key: content-length

2026-01-19 09:15:36,036 INFO     ___FILE_ONLY___ [pubsub] Jan 19, 2026 9:15:36 AM io.gapi.emulators.netty.HttpVersionRoutingHandler channelRead

2026-01-19 09:15:36,037 INFO     ___FILE_ONLY___ [pubsub] INFO: Detected non-HTTP/2 connection.

2026-01-19 09:15:36,039 INFO     ___FILE_ONLY___ [pubsub] Jan 19, 2026 9:15:36 AM io.gapi.emulators.grpc.HttpAdapter$StubMethodHandler handle

2026-01-19 09:15:36,039 INFO     ___FILE_ONLY___ [pubsub] INFO: Forwarding key: Host

2026-01-19 09:15:36,040 INFO     ___FILE_ONLY___ [pubsub] Jan 19, 2026 9:15:36 AM io.gapi.emulators.grpc.HttpAdapter$StubMethodHandler handle

2026-01-19 09:15:36,040 INFO     ___FILE_ONLY___ [pubsub] INFO: Forwarding key: User-Agent

2026-01-19 09:15:36,040 INFO     ___FILE_ONLY___ [pubsub] Jan 19, 2026 9:15:36 AM io.gapi.emulators.grpc.HttpAdapter$StubMethodHandler handle

2026-01-19 09:15:36,041 INFO     ___FILE_ONLY___ [pubsub] INFO: Forwarding key: Accept

2026-01-19 09:15:36,041 INFO     ___FILE_ONLY___ [pubsub] Jan 19, 2026 9:15:36 AM io.gapi.emulators.grpc.HttpAdapter$StubMethodHandler handle

2026-01-19 09:15:36,041 INFO     ___FILE_ONLY___ [pubsub] INFO: Not forwarding key: content-length

2026-01-19 09:15:36,046 INFO     ___FILE_ONLY___ [pubsub] Jan 19, 2026 9:15:36 AM io.gapi.emulators.netty.HttpHandler$1 onError

2026-01-19 09:15:36,047 INFO     ___FILE_ONLY___ [pubsub] INFO: Exception when handling request: NOT_FOUND: Topic not found

2026-01-19 09:15:36,065 INFO     ___FILE_ONLY___ [pubsub] Jan 19, 2026 9:15:36 AM io.gapi.emulators.netty.HttpVersionRoutingHandler channelRead

2026-01-19 09:15:36,065 INFO     ___FILE_ONLY___ [pubsub] INFO: Detected non-HTTP/2 connection.

2026-01-19 09:15:36,072 INFO     ___FILE_ONLY___ [pubsub] Jan 19, 2026 9:15:36 AM io.gapi.emulators.grpc.HttpAdapter$StubMethodHandler handle

2026-01-19 09:15:36,072 INFO     ___FILE_ONLY___ [pubsub] INFO: Forwarding key: Host

2026-01-19 09:15:36,073 INFO     ___FILE_ONLY___ [pubsub] Jan 19, 2026 9:15:36 AM io.gapi.emulators.grpc.HttpAdapter$StubMethodHandler handle

2026-01-19 09:15:36,074 INFO     ___FILE_ONLY___ [pubsub] INFO: Forwarding key: User-Agent

2026-01-19 09:15:36,074 INFO     ___FILE_ONLY___ [pubsub] Jan 19, 2026 9:15:36 AM io.gapi.emulators.grpc.HttpAdapter$StubMethodHandler handle

2026-01-19 09:15:36,075 INFO     ___FILE_ONLY___ [pubsub] INFO: Forwarding key: Accept

2026-01-19 09:15:36,075 INFO     ___FILE_ONLY___ [pubsub] Jan 19, 2026 9:15:36 AM io.gapi.emulators.grpc.HttpAdapter$StubMethodHandler handle

2026-01-19 09:15:36,075 INFO     ___FILE_ONLY___ [pubsub] INFO: Not forwarding key: content-length

2026-01-19 09:15:36,100 INFO     ___FILE_ONLY___ [pubsub] Jan 19, 2026 9:15:36 AM io.gapi.emulators.netty.HttpVersionRoutingHandler channelRead

2026-01-19 09:15:36,100 INFO     ___FILE_ONLY___ [pubsub] INFO: Detected non-HTTP/2 connection.

2026-01-19 09:15:36,103 INFO     ___FILE_ONLY___ [pubsub] Jan 19, 2026 9:15:36 AM io.gapi.emulators.grpc.HttpAdapter$StubMethodHandler handle

2026-01-19 09:15:36,103 INFO     ___FILE_ONLY___ [pubsub] INFO: Forwarding key: Host

2026-01-19 09:15:36,103 INFO     ___FILE_ONLY___ [pubsub] Jan 19, 2026 9:15:36 AM io.gapi.emulators.grpc.HttpAdapter$StubMethodHandler handle

2026-01-19 09:15:36,104 INFO     ___FILE_ONLY___ [pubsub] INFO: Forwarding key: User-Agent

2026-01-19 09:15:36,104 INFO     ___FILE_ONLY___ [pubsub] Jan 19, 2026 9:15:36 AM io.gapi.emulators.grpc.HttpAdapter$StubMethodHandler handle

2026-01-19 09:15:36,104 INFO     ___FILE_ONLY___ [pubsub] INFO: Forwarding key: Accept

2026-01-19 09:15:36,104 INFO     ___FILE_ONLY___ [pubsub] Jan 19, 2026 9:15:36 AM io.gapi.emulators.grpc.HttpAdapter$StubMethodHandler handle

2026-01-19 09:15:36,105 INFO     ___FILE_ONLY___ [pubsub] INFO: Not forwarding key: content-length

2026-01-19 09:15:36,109 INFO     ___FILE_ONLY___ [pubsub] Jan 19, 2026 9:15:36 AM io.gapi.emulators.netty.HttpHandler$1 onError

2026-01-19 09:15:36,110 INFO     ___FILE_ONLY___ [pubsub] INFO: Exception when handling request: NOT_FOUND: Topic not found

2026-01-19 09:15:36,133 INFO     ___FILE_ONLY___ [pubsub] Jan 19, 2026 9:15:36 AM io.gapi.emulators.netty.HttpVersionRoutingHandler channelRead

2026-01-19 09:15:36,133 INFO     ___FILE_ONLY___ [pubsub] INFO: Detected non-HTTP/2 connection.

2026-01-19 09:15:36,135 INFO     ___FILE_ONLY___ [pubsub] Jan 19, 2026 9:15:36 AM io.gapi.emulators.grpc.HttpAdapter$StubMethodHandler handle

2026-01-19 09:15:36,135 INFO     ___FILE_ONLY___ [pubsub] INFO: Forwarding key: Host

2026-01-19 09:15:36,136 INFO     ___FILE_ONLY___ [pubsub] Jan 19, 2026 9:15:36 AM io.gapi.emulators.grpc.HttpAdapter$StubMethodHandler handle

2026-01-19 09:15:36,136 INFO     ___FILE_ONLY___ [pubsub] INFO: Forwarding key: User-Agent

2026-01-19 09:15:36,136 INFO     ___FILE_ONLY___ [pubsub] Jan 19, 2026 9:15:36 AM io.gapi.emulators.grpc.HttpAdapter$StubMethodHandler handle

2026-01-19 09:15:36,137 INFO     ___FILE_ONLY___ [pubsub] INFO: Forwarding key: Accept

2026-01-19 09:15:36,137 INFO     ___FILE_ONLY___ [pubsub] Jan 19, 2026 9:15:36 AM io.gapi.emulators.grpc.HttpAdapter$StubMethodHandler handle

2026-01-19 09:15:36,137 INFO     ___FILE_ONLY___ [pubsub] INFO: Not forwarding key: content-length

2026-01-19 09:15:36,162 INFO     ___FILE_ONLY___ [pubsub] Jan 19, 2026 9:15:36 AM io.gapi.emulators.netty.HttpVersionRoutingHandler channelRead

2026-01-19 09:15:36,163 INFO     ___FILE_ONLY___ [pubsub] INFO: Detected non-HTTP/2 connection.

2026-01-19 09:15:36,165 INFO     ___FILE_ONLY___ [pubsub] Jan 19, 2026 9:15:36 AM io.gapi.emulators.grpc.HttpAdapter$StubMethodHandler handle

2026-01-19 09:15:36,165 INFO     ___FILE_ONLY___ [pubsub] INFO: Forwarding key: Host

2026-01-19 09:15:36,165 INFO     ___FILE_ONLY___ [pubsub] Jan 19, 2026 9:15:36 AM io.gapi.emulators.grpc.HttpAdapter$StubMethodHandler handle

2026-01-19 09:15:36,166 INFO     ___FILE_ONLY___ [pubsub] INFO: Forwarding key: User-Agent

2026-01-19 09:15:36,166 INFO     ___FILE_ONLY___ [pubsub] Jan 19, 2026 9:15:36 AM io.gapi.emulators.grpc.HttpAdapter$StubMethodHandler handle

2026-01-19 09:15:36,166 INFO     ___FILE_ONLY___ [pubsub] INFO: Forwarding key: Accept

2026-01-19 09:15:36,166 INFO     ___FILE_ONLY___ [pubsub] Jan 19, 2026 9:15:36 AM io.gapi.emulators.grpc.HttpAdapter$StubMethodHandler handle

2026-01-19 09:15:36,167 INFO     ___FILE_ONLY___ [pubsub] INFO: Not forwarding key: content-length

2026-01-19 09:15:36,174 INFO     ___FILE_ONLY___ [pubsub] Jan 19, 2026 9:15:36 AM io.gapi.emulators.netty.HttpHandler$1 onError

2026-01-19 09:15:36,174 INFO     ___FILE_ONLY___ [pubsub] INFO: Exception when handling request: NOT_FOUND: Topic not found

2026-01-19 09:15:36,190 INFO     ___FILE_ONLY___ [pubsub] Jan 19, 2026 9:15:36 AM io.gapi.emulators.netty.HttpVersionRoutingHandler channelRead

2026-01-19 09:15:36,191 INFO     ___FILE_ONLY___ [pubsub] INFO: Detected non-HTTP/2 connection.

2026-01-19 09:15:36,193 INFO     ___FILE_ONLY___ [pubsub] Jan 19, 2026 9:15:36 AM io.gapi.emulators.grpc.HttpAdapter$StubMethodHandler handle

2026-01-19 09:15:36,193 INFO     ___FILE_ONLY___ [pubsub] INFO: Forwarding key: Host

2026-01-19 09:15:36,195 INFO     ___FILE_ONLY___ [pubsub] Jan 19, 2026 9:15:36 AM io.gapi.emulators.grpc.HttpAdapter$StubMethodHandler handle

2026-01-19 09:15:36,195 INFO     ___FILE_ONLY___ [pubsub] INFO: Forwarding key: User-Agent

2026-01-19 09:15:36,195 INFO     ___FILE_ONLY___ [pubsub] Jan 19, 2026 9:15:36 AM io.gapi.emulators.grpc.HttpAdapter$StubMethodHandler handle

2026-01-19 09:15:36,195 INFO     ___FILE_ONLY___ [pubsub] INFO: Forwarding key: Accept

2026-01-19 09:15:36,196 INFO     ___FILE_ONLY___ [pubsub] Jan 19, 2026 9:15:36 AM io.gapi.emulators.grpc.HttpAdapter$StubMethodHandler handle

2026-01-19 09:15:36,196 INFO     ___FILE_ONLY___ [pubsub] INFO: Not forwarding key: content-length

2026-01-19 09:15:36,219 INFO     ___FILE_ONLY___ [pubsub] Jan 19, 2026 9:15:36 AM io.gapi.emulators.netty.HttpVersionRoutingHandler channelRead

2026-01-19 09:15:36,219 INFO     ___FILE_ONLY___ [pubsub] INFO: Detected non-HTTP/2 connection.

2026-01-19 09:15:36,220 INFO     ___FILE_ONLY___ [pubsub] Jan 19, 2026 9:15:36 AM io.gapi.emulators.grpc.HttpAdapter$StubMethodHandler handle

2026-01-19 09:15:36,221 INFO     ___FILE_ONLY___ [pubsub] INFO: Forwarding key: Host

2026-01-19 09:15:36,221 INFO     ___FILE_ONLY___ [pubsub] Jan 19, 2026 9:15:36 AM io.gapi.emulators.grpc.HttpAdapter$StubMethodHandler handle

2026-01-19 09:15:36,221 INFO     ___FILE_ONLY___ [pubsub] INFO: Forwarding key: User-Agent

2026-01-19 09:15:36,222 INFO     ___FILE_ONLY___ [pubsub] Jan 19, 2026 9:15:36 AM io.gapi.emulators.grpc.HttpAdapter$StubMethodHandler handle

2026-01-19 09:15:36,222 INFO     ___FILE_ONLY___ [pubsub] INFO: Forwarding key: Accept

2026-01-19 09:15:36,222 INFO     ___FILE_ONLY___ [pubsub] Jan 19, 2026 9:15:36 AM io.gapi.emulators.grpc.HttpAdapter$StubMethodHandler handle

2026-01-19 09:15:36,222 INFO     ___FILE_ONLY___ [pubsub] INFO: Not forwarding key: content-length

2026-01-19 09:15:36,226 INFO     ___FILE_ONLY___ [pubsub] Jan 19, 2026 9:15:36 AM io.gapi.emulators.netty.HttpHandler$1 onError

2026-01-19 09:15:36,226 INFO     ___FILE_ONLY___ [pubsub] INFO: Exception when handling request: NOT_FOUND: Topic not found

2026-01-19 09:15:36,244 INFO     ___FILE_ONLY___ [pubsub] Jan 19, 2026 9:15:36 AM io.gapi.emulators.netty.HttpVersionRoutingHandler channelRead

2026-01-19 09:15:36,244 INFO     ___FILE_ONLY___ [pubsub] INFO: Detected non-HTTP/2 connection.

2026-01-19 09:15:36,247 INFO     ___FILE_ONLY___ [pubsub] Jan 19, 2026 9:15:36 AM io.gapi.emulators.grpc.HttpAdapter$StubMethodHandler handle

2026-01-19 09:15:36,247 INFO     ___FILE_ONLY___ [pubsub] INFO: Forwarding key: Host

2026-01-19 09:15:36,247 INFO     ___FILE_ONLY___ [pubsub] Jan 19, 2026 9:15:36 AM io.gapi.emulators.grpc.HttpAdapter$StubMethodHandler handle

2026-01-19 09:15:36,248 INFO     ___FILE_ONLY___ [pubsub] INFO: Forwarding key: User-Agent

2026-01-19 09:15:36,248 INFO     ___FILE_ONLY___ [pubsub] Jan 19, 2026 9:15:36 AM io.gapi.emulators.grpc.HttpAdapter$StubMethodHandler handle

2026-01-19 09:15:36,248 INFO     ___FILE_ONLY___ [pubsub] INFO: Forwarding key: Accept

2026-01-19 09:15:36,249 INFO     ___FILE_ONLY___ [pubsub] Jan 19, 2026 9:15:36 AM io.gapi.emulators.grpc.HttpAdapter$StubMethodHandler handle

2026-01-19 09:15:36,249 INFO     ___FILE_ONLY___ [pubsub] INFO: Not forwarding key: content-length

2026-01-19 09:15:36,272 INFO     ___FILE_ONLY___ [pubsub] Jan 19, 2026 9:15:36 AM io.gapi.emulators.netty.HttpVersionRoutingHandler channelRead

2026-01-19 09:15:36,273 INFO     ___FILE_ONLY___ [pubsub] INFO: Detected non-HTTP/2 connection.

2026-01-19 09:15:36,274 INFO     ___FILE_ONLY___ [pubsub] Jan 19, 2026 9:15:36 AM io.gapi.emulators.grpc.HttpAdapter$StubMethodHandler handle

2026-01-19 09:15:36,274 INFO     ___FILE_ONLY___ [pubsub] INFO: Forwarding key: Host

2026-01-19 09:15:36,274 INFO     ___FILE_ONLY___ [pubsub] Jan 19, 2026 9:15:36 AM io.gapi.emulators.grpc.HttpAdapter$StubMethodHandler handle

2026-01-19 09:15:36,275 INFO     ___FILE_ONLY___ [pubsub] INFO: Forwarding key: User-Agent

2026-01-19 09:15:36,275 INFO     ___FILE_ONLY___ [pubsub] Jan 19, 2026 9:15:36 AM io.gapi.emulators.grpc.HttpAdapter$StubMethodHandler handle

2026-01-19 09:15:36,275 INFO     ___FILE_ONLY___ [pubsub] INFO: Forwarding key: Accept

2026-01-19 09:15:36,275 INFO     ___FILE_ONLY___ [pubsub] Jan 19, 2026 9:15:36 AM io.gapi.emulators.grpc.HttpAdapter$StubMethodHandler handle

2026-01-19 09:15:36,276 INFO     ___FILE_ONLY___ [pubsub] INFO: Not forwarding key: content-length

2026-01-19 09:15:36,280 INFO     ___FILE_ONLY___ [pubsub] Jan 19, 2026 9:15:36 AM io.gapi.emulators.netty.HttpHandler$1 onError

2026-01-19 09:15:36,280 INFO     ___FILE_ONLY___ [pubsub] INFO: Exception when handling request: NOT_FOUND: Topic not found

2026-01-19 09:15:36,297 INFO     ___FILE_ONLY___ [pubsub] Jan 19, 2026 9:15:36 AM io.gapi.emulators.netty.HttpVersionRoutingHandler channelRead

2026-01-19 09:15:36,299 INFO     ___FILE_ONLY___ [pubsub] INFO: Detected non-HTTP/2 connection.

2026-01-19 09:15:36,300 INFO     ___FILE_ONLY___ [pubsub] Jan 19, 2026 9:15:36 AM io.gapi.emulators.grpc.HttpAdapter$StubMethodHandler handle

2026-01-19 09:15:36,300 INFO     ___FILE_ONLY___ [pubsub] INFO: Forwarding key: Host

2026-01-19 09:15:36,300 INFO     ___FILE_ONLY___ [pubsub] Jan 19, 2026 9:15:36 AM io.gapi.emulators.grpc.HttpAdapter$StubMethodHandler handle

2026-01-19 09:15:36,300 INFO     ___FILE_ONLY___ [pubsub] INFO: Forwarding key: User-Agent

2026-01-19 09:15:36,301 INFO     ___FILE_ONLY___ [pubsub] Jan 19, 2026 9:15:36 AM io.gapi.emulators.grpc.HttpAdapter$StubMethodHandler handle

2026-01-19 09:15:36,301 INFO     ___FILE_ONLY___ [pubsub] INFO: Forwarding key: Accept

2026-01-19 09:15:36,301 INFO     ___FILE_ONLY___ [pubsub] Jan 19, 2026 9:15:36 AM io.gapi.emulators.grpc.HttpAdapter$StubMethodHandler handle

2026-01-19 09:15:36,301 INFO     ___FILE_ONLY___ [pubsub] INFO: Not forwarding key: content-length

2026-01-19 09:15:36,333 INFO     ___FILE_ONLY___ [pubsub] Jan 19, 2026 9:15:36 AM io.gapi.emulators.netty.HttpVersionRoutingHandler channelRead

2026-01-19 09:15:36,334 INFO     ___FILE_ONLY___ [pubsub] INFO: Detected non-HTTP/2 connection.

2026-01-19 09:15:36,336 INFO     ___FILE_ONLY___ [pubsub] Jan 19, 2026 9:15:36 AM io.gapi.emulators.grpc.HttpAdapter$StubMethodHandler handle

2026-01-19 09:15:36,337 INFO     ___FILE_ONLY___ [pubsub] INFO: Forwarding key: Host

2026-01-19 09:15:36,337 INFO     ___FILE_ONLY___ [pubsub] Jan 19, 2026 9:15:36 AM io.gapi.emulators.grpc.HttpAdapter$StubMethodHandler handle

2026-01-19 09:15:36,337 INFO     ___FILE_ONLY___ [pubsub] INFO: Forwarding key: User-Agent

2026-01-19 09:15:36,337 INFO     ___FILE_ONLY___ [pubsub] Jan 19, 2026 9:15:36 AM io.gapi.emulators.grpc.HttpAdapter$StubMethodHandler handle

2026-01-19 09:15:36,338 INFO     ___FILE_ONLY___ [pubsub] INFO: Forwarding key: Accept

2026-01-19 09:15:36,338 INFO     ___FILE_ONLY___ [pubsub] Jan 19, 2026 9:15:36 AM io.gapi.emulators.grpc.HttpAdapter$StubMethodHandler handle

2026-01-19 09:15:36,338 INFO     ___FILE_ONLY___ [pubsub] INFO: Not forwarding key: content-length

2026-01-19 09:15:36,343 INFO     ___FILE_ONLY___ [pubsub] Jan 19, 2026 9:15:36 AM io.gapi.emulators.netty.HttpHandler$1 onError

2026-01-19 09:15:36,343 INFO     ___FILE_ONLY___ [pubsub] INFO: Exception when handling request: NOT_FOUND: Topic not found

2026-01-19 09:15:36,360 INFO     ___FILE_ONLY___ [pubsub] Jan 19, 2026 9:15:36 AM io.gapi.emulators.netty.HttpVersionRoutingHandler channelRead

2026-01-19 09:15:36,360 INFO     ___FILE_ONLY___ [pubsub] INFO: Detected non-HTTP/2 connection.

2026-01-19 09:15:36,362 INFO     ___FILE_ONLY___ [pubsub] Jan 19, 2026 9:15:36 AM io.gapi.emulators.grpc.HttpAdapter$StubMethodHandler handle

2026-01-19 09:15:36,362 INFO     ___FILE_ONLY___ [pubsub] INFO: Forwarding key: Host

2026-01-19 09:15:36,362 INFO     ___FILE_ONLY___ [pubsub] Jan 19, 2026 9:15:36 AM io.gapi.emulators.grpc.HttpAdapter$StubMethodHandler handle

2026-01-19 09:15:36,362 INFO     ___FILE_ONLY___ [pubsub] INFO: Forwarding key: User-Agent

2026-01-19 09:15:36,363 INFO     ___FILE_ONLY___ [pubsub] Jan 19, 2026 9:15:36 AM io.gapi.emulators.grpc.HttpAdapter$StubMethodHandler handle

2026-01-19 09:15:36,363 INFO     ___FILE_ONLY___ [pubsub] INFO: Forwarding key: Accept

2026-01-19 09:15:36,363 INFO     ___FILE_ONLY___ [pubsub] Jan 19, 2026 9:15:36 AM io.gapi.emulators.grpc.HttpAdapter$StubMethodHandler handle

2026-01-19 09:15:36,364 INFO     ___FILE_ONLY___ [pubsub] INFO: Not forwarding key: content-length

2026-01-19 09:15:36,390 INFO     ___FILE_ONLY___ [pubsub] Jan 19, 2026 9:15:36 AM io.gapi.emulators.netty.HttpVersionRoutingHandler channelRead

2026-01-19 09:15:36,393 INFO     ___FILE_ONLY___ [pubsub] INFO: Detected non-HTTP/2 connection.

2026-01-19 09:15:36,393 INFO     ___FILE_ONLY___ [pubsub] Jan 19, 2026 9:15:36 AM io.gapi.emulators.grpc.HttpAdapter$StubMethodHandler handle

2026-01-19 09:15:36,393 INFO     ___FILE_ONLY___ [pubsub] INFO: Forwarding key: Host

2026-01-19 09:15:36,393 INFO     ___FILE_ONLY___ [pubsub] Jan 19, 2026 9:15:36 AM io.gapi.emulators.grpc.HttpAdapter$StubMethodHandler handle

2026-01-19 09:15:36,394 INFO     ___FILE_ONLY___ [pubsub] INFO: Forwarding key: User-Agent

2026-01-19 09:15:36,394 INFO     ___FILE_ONLY___ [pubsub] Jan 19, 2026 9:15:36 AM io.gapi.emulators.grpc.HttpAdapter$StubMethodHandler handle

2026-01-19 09:15:36,395 INFO     ___FILE_ONLY___ [pubsub] INFO: Forwarding key: Accept

2026-01-19 09:15:36,395 INFO     ___FILE_ONLY___ [pubsub] Jan 19, 2026 9:15:36 AM io.gapi.emulators.grpc.HttpAdapter$StubMethodHandler handle

2026-01-19 09:15:36,395 INFO     ___FILE_ONLY___ [pubsub] INFO: Not forwarding key: content-length

2026-01-19 09:15:36,398 INFO     ___FILE_ONLY___ [pubsub] Jan 19, 2026 9:15:36 AM io.gapi.emulators.netty.HttpHandler$1 onError

2026-01-19 09:15:36,399 INFO     ___FILE_ONLY___ [pubsub] INFO: Exception when handling request: NOT_FOUND: Topic not found

2026-01-19 09:15:36,418 INFO     ___FILE_ONLY___ [pubsub] Jan 19, 2026 9:15:36 AM io.gapi.emulators.netty.HttpVersionRoutingHandler channelRead

2026-01-19 09:15:36,418 INFO     ___FILE_ONLY___ [pubsub] INFO: Detected non-HTTP/2 connection.

2026-01-19 09:15:36,420 INFO     ___FILE_ONLY___ [pubsub] Jan 19, 2026 9:15:36 AM io.gapi.emulators.grpc.HttpAdapter$StubMethodHandler handle

2026-01-19 09:15:36,420 INFO     ___FILE_ONLY___ [pubsub] INFO: Forwarding key: Host

2026-01-19 09:15:36,420 INFO     ___FILE_ONLY___ [pubsub] Jan 19, 2026 9:15:36 AM io.gapi.emulators.grpc.HttpAdapter$StubMethodHandler handle

2026-01-19 09:15:36,420 INFO     ___FILE_ONLY___ [pubsub] INFO: Forwarding key: User-Agent

2026-01-19 09:15:36,421 INFO     ___FILE_ONLY___ [pubsub] Jan 19, 2026 9:15:36 AM io.gapi.emulators.grpc.HttpAdapter$StubMethodHandler handle

2026-01-19 09:15:36,421 INFO     ___FILE_ONLY___ [pubsub] INFO: Forwarding key: Accept

2026-01-19 09:15:36,421 INFO     ___FILE_ONLY___ [pubsub] Jan 19, 2026 9:15:36 AM io.gapi.emulators.grpc.HttpAdapter$StubMethodHandler handle

2026-01-19 09:15:36,421 INFO     ___FILE_ONLY___ [pubsub] INFO: Not forwarding key: content-length

2026-01-19 09:15:36,441 INFO     ___FILE_ONLY___ [pubsub] Jan 19, 2026 9:15:36 AM io.gapi.emulators.netty.HttpVersionRoutingHandler channelRead

2026-01-19 09:15:36,442 INFO     ___FILE_ONLY___ [pubsub] INFO: Detected non-HTTP/2 connection.

2026-01-19 09:15:36,443 INFO     ___FILE_ONLY___ [pubsub] Jan 19, 2026 9:15:36 AM io.gapi.emulators.grpc.HttpAdapter$StubMethodHandler handle

2026-01-19 09:15:36,443 INFO     ___FILE_ONLY___ [pubsub] INFO: Forwarding key: Host

2026-01-19 09:15:36,443 INFO     ___FILE_ONLY___ [pubsub] Jan 19, 2026 9:15:36 AM io.gapi.emulators.grpc.HttpAdapter$StubMethodHandler handle

2026-01-19 09:15:36,444 INFO     ___FILE_ONLY___ [pubsub] INFO: Forwarding key: User-Agent

2026-01-19 09:15:36,444 INFO     ___FILE_ONLY___ [pubsub] Jan 19, 2026 9:15:36 AM io.gapi.emulators.grpc.HttpAdapter$StubMethodHandler handle

2026-01-19 09:15:36,444 INFO     ___FILE_ONLY___ [pubsub] INFO: Forwarding key: Accept

2026-01-19 09:15:36,445 INFO     ___FILE_ONLY___ [pubsub] Jan 19, 2026 9:15:36 AM io.gapi.emulators.grpc.HttpAdapter$StubMethodHandler handle

2026-01-19 09:15:36,445 INFO     ___FILE_ONLY___ [pubsub] INFO: Not forwarding key: content-length

2026-01-19 09:15:36,449 INFO     ___FILE_ONLY___ [pubsub] Jan 19, 2026 9:15:36 AM io.gapi.emulators.netty.HttpHandler$1 onError

2026-01-19 09:15:36,450 INFO     ___FILE_ONLY___ [pubsub] INFO: Exception when handling request: NOT_FOUND: Topic not found

2026-01-19 09:15:36,468 INFO     ___FILE_ONLY___ [pubsub] Jan 19, 2026 9:15:36 AM io.gapi.emulators.netty.HttpVersionRoutingHandler channelRead

2026-01-19 09:15:36,470 INFO     ___FILE_ONLY___ [pubsub] INFO: Detected non-HTTP/2 connection.

2026-01-19 09:15:36,471 INFO     ___FILE_ONLY___ [pubsub] Jan 19, 2026 9:15:36 AM io.gapi.emulators.grpc.HttpAdapter$StubMethodHandler handle

2026-01-19 09:15:36,471 INFO     ___FILE_ONLY___ [pubsub] INFO: Forwarding key: Host

2026-01-19 09:15:36,472 INFO     ___FILE_ONLY___ [pubsub] Jan 19, 2026 9:15:36 AM io.gapi.emulators.grpc.HttpAdapter$StubMethodHandler handle

2026-01-19 09:15:36,472 INFO     ___FILE_ONLY___ [pubsub] INFO: Forwarding key: User-Agent

2026-01-19 09:15:36,472 INFO     ___FILE_ONLY___ [pubsub] Jan 19, 2026 9:15:36 AM io.gapi.emulators.grpc.HttpAdapter$StubMethodHandler handle

2026-01-19 09:15:36,472 INFO     ___FILE_ONLY___ [pubsub] INFO: Forwarding key: Accept

2026-01-19 09:15:36,473 INFO     ___FILE_ONLY___ [pubsub] Jan 19, 2026 9:15:36 AM io.gapi.emulators.grpc.HttpAdapter$StubMethodHandler handle

2026-01-19 09:15:36,473 INFO     ___FILE_ONLY___ [pubsub] INFO: Not forwarding key: content-length

2026-01-19 09:15:36,495 INFO     ___FILE_ONLY___ [pubsub] Jan 19, 2026 9:15:36 AM io.gapi.emulators.netty.HttpVersionRoutingHandler channelRead

2026-01-19 09:15:36,495 INFO     ___FILE_ONLY___ [pubsub] INFO: Detected non-HTTP/2 connection.

2026-01-19 09:15:36,499 INFO     ___FILE_ONLY___ [pubsub] Jan 19, 2026 9:15:36 AM io.gapi.emulators.grpc.HttpAdapter$StubMethodHandler handle

2026-01-19 09:15:36,500 INFO     ___FILE_ONLY___ [pubsub] INFO: Forwarding key: Host

2026-01-19 09:15:36,500 INFO     ___FILE_ONLY___ [pubsub] Jan 19, 2026 9:15:36 AM io.gapi.emulators.grpc.HttpAdapter$StubMethodHandler handle

2026-01-19 09:15:36,501 INFO     ___FILE_ONLY___ [pubsub] INFO: Forwarding key: User-Agent

2026-01-19 09:15:36,501 INFO     ___FILE_ONLY___ [pubsub] Jan 19, 2026 9:15:36 AM io.gapi.emulators.grpc.HttpAdapter$StubMethodHandler handle

2026-01-19 09:15:36,501 INFO     ___FILE_ONLY___ [pubsub] INFO: Forwarding key: Accept

2026-01-19 09:15:36,501 INFO     ___FILE_ONLY___ [pubsub] Jan 19, 2026 9:15:36 AM io.gapi.emulators.grpc.HttpAdapter$StubMethodHandler handle

2026-01-19 09:15:36,502 INFO     ___FILE_ONLY___ [pubsub] INFO: Not forwarding key: content-length

2026-01-19 09:15:36,507 INFO     ___FILE_ONLY___ [pubsub] Jan 19, 2026 9:15:36 AM io.gapi.emulators.netty.HttpHandler$1 onError

2026-01-19 09:15:36,508 INFO     ___FILE_ONLY___ [pubsub] INFO: Exception when handling request: NOT_FOUND: Subscription does not exist

2026-01-19 09:15:36,525 INFO     ___FILE_ONLY___ [pubsub] Jan 19, 2026 9:15:36 AM io.gapi.emulators.netty.HttpVersionRoutingHandler channelRead

2026-01-19 09:15:36,526 INFO     ___FILE_ONLY___ [pubsub] INFO: Detected non-HTTP/2 connection.

2026-01-19 09:15:36,544 INFO     ___FILE_ONLY___ [pubsub] Jan 19, 2026 9:15:36 AM io.gapi.emulators.grpc.HttpAdapter$StubMethodHandler handle

2026-01-19 09:15:36,544 INFO     ___FILE_ONLY___ [pubsub] INFO: Forwarding key: Host

2026-01-19 09:15:36,544 INFO     ___FILE_ONLY___ [pubsub] Jan 19, 2026 9:15:36 AM io.gapi.emulators.grpc.HttpAdapter$StubMethodHandler handle

2026-01-19 09:15:36,545 INFO     ___FILE_ONLY___ [pubsub] INFO: Forwarding key: User-Agent

2026-01-19 09:15:36,545 INFO     ___FILE_ONLY___ [pubsub] Jan 19, 2026 9:15:36 AM io.gapi.emulators.grpc.HttpAdapter$StubMethodHandler handle

2026-01-19 09:15:36,545 INFO     ___FILE_ONLY___ [pubsub] INFO: Forwarding key: Accept

2026-01-19 09:15:36,545 INFO     ___FILE_ONLY___ [pubsub] Jan 19, 2026 9:15:36 AM io.gapi.emulators.grpc.HttpAdapter$StubMethodHandler handle

2026-01-19 09:15:36,546 INFO     ___FILE_ONLY___ [pubsub] INFO: Forwarding key: Content-Type

2026-01-19 09:15:36,546 INFO     ___FILE_ONLY___ [pubsub] Jan 19, 2026 9:15:36 AM io.gapi.emulators.grpc.HttpAdapter$StubMethodHandler handle

2026-01-19 09:15:36,546 INFO     ___FILE_ONLY___ [pubsub] INFO: Not forwarding key: Content-Length

2026-01-19 09:15:36,591 INFO     ___FILE_ONLY___ [pubsub] Jan 19, 2026 9:15:36 AM io.gapi.emulators.netty.HttpVersionRoutingHandler channelRead

2026-01-19 09:15:36,591 INFO     ___FILE_ONLY___ [pubsub] INFO: Detected non-HTTP/2 connection.

2026-01-19 09:15:36,593 INFO     ___FILE_ONLY___ [pubsub] Jan 19, 2026 9:15:36 AM io.gapi.emulators.grpc.HttpAdapter$StubMethodHandler handle

2026-01-19 09:15:36,593 INFO     ___FILE_ONLY___ [pubsub] INFO: Forwarding key: Host

2026-01-19 09:15:36,594 INFO     ___FILE_ONLY___ [pubsub] Jan 19, 2026 9:15:36 AM io.gapi.emulators.grpc.HttpAdapter$StubMethodHandler handle

2026-01-19 09:15:36,594 INFO     ___FILE_ONLY___ [pubsub] INFO: Forwarding key: User-Agent

2026-01-19 09:15:36,594 INFO     ___FILE_ONLY___ [pubsub] Jan 19, 2026 9:15:36 AM io.gapi.emulators.grpc.HttpAdapter$StubMethodHandler handle

2026-01-19 09:15:36,594 INFO     ___FILE_ONLY___ [pubsub] INFO: Forwarding key: Accept

2026-01-19 09:15:36,595 INFO     ___FILE_ONLY___ [pubsub] Jan 19, 2026 9:15:36 AM io.gapi.emulators.grpc.HttpAdapter$StubMethodHandler handle

2026-01-19 09:15:36,596 INFO     ___FILE_ONLY___ [pubsub] INFO: Not forwarding key: content-length

2026-01-19 09:15:36,600 INFO     ___FILE_ONLY___ [pubsub] Jan 19, 2026 9:15:36 AM io.gapi.emulators.netty.HttpHandler$1 onError

2026-01-19 09:15:36,600 INFO     ___FILE_ONLY___ [pubsub] INFO: Exception when handling request: NOT_FOUND: Subscription does not exist

2026-01-19 09:15:36,616 INFO     ___FILE_ONLY___ [pubsub] Jan 19, 2026 9:15:36 AM io.gapi.emulators.netty.HttpVersionRoutingHandler channelRead

2026-01-19 09:15:36,617 INFO     ___FILE_ONLY___ [pubsub] INFO: Detected non-HTTP/2 connection.

2026-01-19 09:15:36,618 INFO     ___FILE_ONLY___ [pubsub] Jan 19, 2026 9:15:36 AM io.gapi.emulators.grpc.HttpAdapter$StubMethodHandler handle

2026-01-19 09:15:36,618 INFO     ___FILE_ONLY___ [pubsub] INFO: Forwarding key: Host

2026-01-19 09:15:36,619 INFO     ___FILE_ONLY___ [pubsub] Jan 19, 2026 9:15:36 AM io.gapi.emulators.grpc.HttpAdapter$StubMethodHandler handle

2026-01-19 09:15:36,619 INFO     ___FILE_ONLY___ [pubsub] INFO: Forwarding key: User-Agent

2026-01-19 09:15:36,619 INFO     ___FILE_ONLY___ [pubsub] Jan 19, 2026 9:15:36 AM io.gapi.emulators.grpc.HttpAdapter$StubMethodHandler handle

2026-01-19 09:15:36,619 INFO     ___FILE_ONLY___ [pubsub] INFO: Forwarding key: Accept

2026-01-19 09:15:36,620 INFO     ___FILE_ONLY___ [pubsub] Jan 19, 2026 9:15:36 AM io.gapi.emulators.grpc.HttpAdapter$StubMethodHandler handle

2026-01-19 09:15:36,620 INFO     ___FILE_ONLY___ [pubsub] INFO: Forwarding key: Content-Type

2026-01-19 09:15:36,620 INFO     ___FILE_ONLY___ [pubsub] Jan 19, 2026 9:15:36 AM io.gapi.emulators.grpc.HttpAdapter$StubMethodHandler handle

2026-01-19 09:15:36,620 INFO     ___FILE_ONLY___ [pubsub] INFO: Not forwarding key: Content-Length

2026-01-19 09:15:36,647 INFO     ___FILE_ONLY___ [pubsub] Jan 19, 2026 9:15:36 AM io.gapi.emulators.netty.HttpVersionRoutingHandler channelRead

2026-01-19 09:15:36,647 INFO     ___FILE_ONLY___ [pubsub] INFO: Detected non-HTTP/2 connection.

2026-01-19 09:15:36,648 INFO     ___FILE_ONLY___ [pubsub] Jan 19, 2026 9:15:36 AM io.gapi.emulators.grpc.HttpAdapter$StubMethodHandler handle

2026-01-19 09:15:36,649 INFO     ___FILE_ONLY___ [pubsub] INFO: Forwarding key: Host

2026-01-19 09:15:36,649 INFO     ___FILE_ONLY___ [pubsub] Jan 19, 2026 9:15:36 AM io.gapi.emulators.grpc.HttpAdapter$StubMethodHandler handle

2026-01-19 09:15:36,650 INFO     ___FILE_ONLY___ [pubsub] INFO: Forwarding key: User-Agent

2026-01-19 09:15:36,650 INFO     ___FILE_ONLY___ [pubsub] Jan 19, 2026 9:15:36 AM io.gapi.emulators.grpc.HttpAdapter$StubMethodHandler handle

2026-01-19 09:15:36,650 INFO     ___FILE_ONLY___ [pubsub] INFO: Forwarding key: Accept

2026-01-19 09:15:36,651 INFO     ___FILE_ONLY___ [pubsub] Jan 19, 2026 9:15:36 AM io.gapi.emulators.grpc.HttpAdapter$StubMethodHandler handle

2026-01-19 09:15:36,651 INFO     ___FILE_ONLY___ [pubsub] INFO: Not forwarding key: content-length

2026-01-19 09:15:36,656 INFO     ___FILE_ONLY___ [pubsub] Jan 19, 2026 9:15:36 AM io.gapi.emulators.netty.HttpHandler$1 onError

2026-01-19 09:15:36,657 INFO     ___FILE_ONLY___ [pubsub] INFO: Exception when handling request: NOT_FOUND: Subscription does not exist

2026-01-19 09:15:36,675 INFO     ___FILE_ONLY___ [pubsub] Jan 19, 2026 9:15:36 AM io.gapi.emulators.netty.HttpVersionRoutingHandler channelRead

2026-01-19 09:15:36,675 INFO     ___FILE_ONLY___ [pubsub] INFO: Detected non-HTTP/2 connection.

2026-01-19 09:15:36,676 INFO     ___FILE_ONLY___ [pubsub] Jan 19, 2026 9:15:36 AM io.gapi.emulators.grpc.HttpAdapter$StubMethodHandler handle

2026-01-19 09:15:36,676 INFO     ___FILE_ONLY___ [pubsub] INFO: Forwarding key: Host

2026-01-19 09:15:36,677 INFO     ___FILE_ONLY___ [pubsub] Jan 19, 2026 9:15:36 AM io.gapi.emulators.grpc.HttpAdapter$StubMethodHandler handle

2026-01-19 09:15:36,677 INFO     ___FILE_ONLY___ [pubsub] INFO: Forwarding key: User-Agent

2026-01-19 09:15:36,677 INFO     ___FILE_ONLY___ [pubsub] Jan 19, 2026 9:15:36 AM io.gapi.emulators.grpc.HttpAdapter$StubMethodHandler handle

2026-01-19 09:15:36,678 INFO     ___FILE_ONLY___ [pubsub] INFO: Forwarding key: Accept

2026-01-19 09:15:36,679 INFO     ___FILE_ONLY___ [pubsub] Jan 19, 2026 9:15:36 AM io.gapi.emulators.grpc.HttpAdapter$StubMethodHandler handle

2026-01-19 09:15:36,679 INFO     ___FILE_ONLY___ [pubsub] INFO: Forwarding key: Content-Type

2026-01-19 09:15:36,680 INFO     ___FILE_ONLY___ [pubsub] Jan 19, 2026 9:15:36 AM io.gapi.emulators.grpc.HttpAdapter$StubMethodHandler handle

2026-01-19 09:15:36,681 INFO     ___FILE_ONLY___ [pubsub] INFO: Not forwarding key: Content-Length

2026-01-19 09:15:36,700 INFO     ___FILE_ONLY___ [pubsub] Jan 19, 2026 9:15:36 AM io.gapi.emulators.netty.HttpVersionRoutingHandler channelRead

2026-01-19 09:15:36,700 INFO     ___FILE_ONLY___ [pubsub] INFO: Detected non-HTTP/2 connection.

2026-01-19 09:15:36,701 INFO     ___FILE_ONLY___ [pubsub] Jan 19, 2026 9:15:36 AM io.gapi.emulators.grpc.HttpAdapter$StubMethodHandler handle

2026-01-19 09:15:36,701 INFO     ___FILE_ONLY___ [pubsub] INFO: Forwarding key: Host

2026-01-19 09:15:36,702 INFO     ___FILE_ONLY___ [pubsub] Jan 19, 2026 9:15:36 AM io.gapi.emulators.grpc.HttpAdapter$StubMethodHandler handle

2026-01-19 09:15:36,702 INFO     ___FILE_ONLY___ [pubsub] INFO: Forwarding key: User-Agent

2026-01-19 09:15:36,702 INFO     ___FILE_ONLY___ [pubsub] Jan 19, 2026 9:15:36 AM io.gapi.emulators.grpc.HttpAdapter$StubMethodHandler handle

2026-01-19 09:15:36,703 INFO     ___FILE_ONLY___ [pubsub] INFO: Forwarding key: Accept

2026-01-19 09:15:36,703 INFO     ___FILE_ONLY___ [pubsub] Jan 19, 2026 9:15:36 AM io.gapi.emulators.grpc.HttpAdapter$StubMethodHandler handle

2026-01-19 09:15:36,703 INFO     ___FILE_ONLY___ [pubsub] INFO: Not forwarding key: content-length

2026-01-19 09:15:36,710 INFO     ___FILE_ONLY___ [pubsub] Jan 19, 2026 9:15:36 AM io.gapi.emulators.netty.HttpHandler$1 onError

2026-01-19 09:15:36,710 INFO     ___FILE_ONLY___ [pubsub] INFO: Exception when handling request: NOT_FOUND: Subscription does not exist

2026-01-19 09:15:36,726 INFO     ___FILE_ONLY___ [pubsub] Jan 19, 2026 9:15:36 AM io.gapi.emulators.netty.HttpVersionRoutingHandler channelRead

2026-01-19 09:15:36,726 INFO     ___FILE_ONLY___ [pubsub] INFO: Detected non-HTTP/2 connection.

2026-01-19 09:15:36,727 INFO     ___FILE_ONLY___ [pubsub] Jan 19, 2026 9:15:36 AM io.gapi.emulators.grpc.HttpAdapter$StubMethodHandler handle

2026-01-19 09:15:36,728 INFO     ___FILE_ONLY___ [pubsub] INFO: Forwarding key: Host

2026-01-19 09:15:36,728 INFO     ___FILE_ONLY___ [pubsub] Jan 19, 2026 9:15:36 AM io.gapi.emulators.grpc.HttpAdapter$StubMethodHandler handle

2026-01-19 09:15:36,728 INFO     ___FILE_ONLY___ [pubsub] INFO: Forwarding key: User-Agent

2026-01-19 09:15:36,730 INFO     ___FILE_ONLY___ [pubsub] Jan 19, 2026 9:15:36 AM io.gapi.emulators.grpc.HttpAdapter$StubMethodHandler handle

2026-01-19 09:15:36,730 INFO     ___FILE_ONLY___ [pubsub] INFO: Forwarding key: Accept

2026-01-19 09:15:36,730 INFO     ___FILE_ONLY___ [pubsub] Jan 19, 2026 9:15:36 AM io.gapi.emulators.grpc.HttpAdapter$StubMethodHandler handle

2026-01-19 09:15:36,730 INFO     ___FILE_ONLY___ [pubsub] INFO: Forwarding key: Content-Type

2026-01-19 09:15:36,731 INFO     ___FILE_ONLY___ [pubsub] Jan 19, 2026 9:15:36 AM io.gapi.emulators.grpc.HttpAdapter$StubMethodHandler handle

2026-01-19 09:15:36,731 INFO     ___FILE_ONLY___ [pubsub] INFO: Not forwarding key: Content-Length

2026-01-19 09:15:36,751 INFO     ___FILE_ONLY___ [pubsub] Jan 19, 2026 9:15:36 AM io.gapi.emulators.netty.HttpVersionRoutingHandler channelRead

2026-01-19 09:15:36,751 INFO     ___FILE_ONLY___ [pubsub] INFO: Detected non-HTTP/2 connection.

2026-01-19 09:15:36,752 INFO     ___FILE_ONLY___ [pubsub] Jan 19, 2026 9:15:36 AM io.gapi.emulators.grpc.HttpAdapter$StubMethodHandler handle

2026-01-19 09:15:36,752 INFO     ___FILE_ONLY___ [pubsub] INFO: Forwarding key: Host

2026-01-19 09:15:36,752 INFO     ___FILE_ONLY___ [pubsub] Jan 19, 2026 9:15:36 AM io.gapi.emulators.grpc.HttpAdapter$StubMethodHandler handle

2026-01-19 09:15:36,755 INFO     ___FILE_ONLY___ [pubsub] INFO: Forwarding key: User-Agent

2026-01-19 09:15:36,756 INFO     ___FILE_ONLY___ [pubsub] Jan 19, 2026 9:15:36 AM io.gapi.emulators.grpc.HttpAdapter$StubMethodHandler handle

2026-01-19 09:15:36,756 INFO     ___FILE_ONLY___ [pubsub] INFO: Forwarding key: Accept

2026-01-19 09:15:36,756 INFO     ___FILE_ONLY___ [pubsub] Jan 19, 2026 9:15:36 AM io.gapi.emulators.grpc.HttpAdapter$StubMethodHandler handle

2026-01-19 09:15:36,757 INFO     ___FILE_ONLY___ [pubsub] INFO: Not forwarding key: content-length

2026-01-19 09:15:36,757 INFO     ___FILE_ONLY___ [pubsub] Jan 19, 2026 9:15:36 AM io.gapi.emulators.netty.HttpHandler$1 onError

2026-01-19 09:15:36,757 INFO     ___FILE_ONLY___ [pubsub] INFO: Exception when handling request: NOT_FOUND: Subscription does not exist

2026-01-19 09:15:36,773 INFO     ___FILE_ONLY___ [pubsub] Jan 19, 2026 9:15:36 AM io.gapi.emulators.netty.HttpVersionRoutingHandler channelRead

2026-01-19 09:15:36,773 INFO     ___FILE_ONLY___ [pubsub] INFO: Detected non-HTTP/2 connection.

2026-01-19 09:15:36,776 INFO     ___FILE_ONLY___ [pubsub] Jan 19, 2026 9:15:36 AM io.gapi.emulators.grpc.HttpAdapter$StubMethodHandler handle

2026-01-19 09:15:36,776 INFO     ___FILE_ONLY___ [pubsub] INFO: Forwarding key: Host

2026-01-19 09:15:36,776 INFO     ___FILE_ONLY___ [pubsub] Jan 19, 2026 9:15:36 AM io.gapi.emulators.grpc.HttpAdapter$StubMethodHandler handle

2026-01-19 09:15:36,777 INFO     ___FILE_ONLY___ [pubsub] INFO: Forwarding key: User-Agent

2026-01-19 09:15:36,777 INFO     ___FILE_ONLY___ [pubsub] Jan 19, 2026 9:15:36 AM io.gapi.emulators.grpc.HttpAdapter$StubMethodHandler handle

2026-01-19 09:15:36,777 INFO     ___FILE_ONLY___ [pubsub] INFO: Forwarding key: Accept

2026-01-19 09:15:36,778 INFO     ___FILE_ONLY___ [pubsub] Jan 19, 2026 9:15:36 AM io.gapi.emulators.grpc.HttpAdapter$StubMethodHandler handle

2026-01-19 09:15:36,778 INFO     ___FILE_ONLY___ [pubsub] INFO: Forwarding key: Content-Type

2026-01-19 09:15:36,778 INFO     ___FILE_ONLY___ [pubsub] Jan 19, 2026 9:15:36 AM io.gapi.emulators.grpc.HttpAdapter$StubMethodHandler handle

2026-01-19 09:15:36,778 INFO     ___FILE_ONLY___ [pubsub] INFO: Not forwarding key: Content-Length

2026-01-19 09:15:36,798 INFO     ___FILE_ONLY___ [pubsub] Jan 19, 2026 9:15:36 AM io.gapi.emulators.netty.HttpVersionRoutingHandler channelRead

2026-01-19 09:15:36,799 INFO     ___FILE_ONLY___ [pubsub] INFO: Detected non-HTTP/2 connection.

2026-01-19 09:15:36,800 INFO     ___FILE_ONLY___ [pubsub] Jan 19, 2026 9:15:36 AM io.gapi.emulators.grpc.HttpAdapter$StubMethodHandler handle

2026-01-19 09:15:36,800 INFO     ___FILE_ONLY___ [pubsub] INFO: Forwarding key: Host

2026-01-19 09:15:36,800 INFO     ___FILE_ONLY___ [pubsub] Jan 19, 2026 9:15:36 AM io.gapi.emulators.grpc.HttpAdapter$StubMethodHandler handle

2026-01-19 09:15:36,801 INFO     ___FILE_ONLY___ [pubsub] INFO: Forwarding key: User-Agent

2026-01-19 09:15:36,801 INFO     ___FILE_ONLY___ [pubsub] Jan 19, 2026 9:15:36 AM io.gapi.emulators.grpc.HttpAdapter$StubMethodHandler handle

2026-01-19 09:15:36,801 INFO     ___FILE_ONLY___ [pubsub] INFO: Forwarding key: Accept

2026-01-19 09:15:36,801 INFO     ___FILE_ONLY___ [pubsub] Jan 19, 2026 9:15:36 AM io.gapi.emulators.grpc.HttpAdapter$StubMethodHandler handle

2026-01-19 09:15:36,801 INFO     ___FILE_ONLY___ [pubsub] INFO: Not forwarding key: content-length

2026-01-19 09:15:36,805 INFO     ___FILE_ONLY___ [pubsub] Jan 19, 2026 9:15:36 AM io.gapi.emulators.netty.HttpHandler$1 onError

2026-01-19 09:15:36,805 INFO     ___FILE_ONLY___ [pubsub] INFO: Exception when handling request: NOT_FOUND: Subscription does not exist

2026-01-19 09:15:36,820 INFO     ___FILE_ONLY___ [pubsub] Jan 19, 2026 9:15:36 AM io.gapi.emulators.netty.HttpVersionRoutingHandler channelRead

2026-01-19 09:15:36,820 INFO     ___FILE_ONLY___ [pubsub] INFO: Detected non-HTTP/2 connection.

2026-01-19 09:15:36,824 INFO     ___FILE_ONLY___ [pubsub] Jan 19, 2026 9:15:36 AM io.gapi.emulators.grpc.HttpAdapter$StubMethodHandler handle

2026-01-19 09:15:36,825 INFO     ___FILE_ONLY___ [pubsub] INFO: Forwarding key: Host

2026-01-19 09:15:36,825 INFO     ___FILE_ONLY___ [pubsub] Jan 19, 2026 9:15:36 AM io.gapi.emulators.grpc.HttpAdapter$StubMethodHandler handle

2026-01-19 09:15:36,826 INFO     ___FILE_ONLY___ [pubsub] INFO: Forwarding key: User-Agent

2026-01-19 09:15:36,826 INFO     ___FILE_ONLY___ [pubsub] Jan 19, 2026 9:15:36 AM io.gapi.emulators.grpc.HttpAdapter$StubMethodHandler handle

2026-01-19 09:15:36,826 INFO     ___FILE_ONLY___ [pubsub] INFO: Forwarding key: Accept

2026-01-19 09:15:36,827 INFO     ___FILE_ONLY___ [pubsub] Jan 19, 2026 9:15:36 AM io.gapi.emulators.grpc.HttpAdapter$StubMethodHandler handle

2026-01-19 09:15:36,827 INFO     ___FILE_ONLY___ [pubsub] INFO: Forwarding key: Content-Type

2026-01-19 09:15:36,827 INFO     ___FILE_ONLY___ [pubsub] Jan 19, 2026 9:15:36 AM io.gapi.emulators.grpc.HttpAdapter$StubMethodHandler handle

2026-01-19 09:15:36,827 INFO     ___FILE_ONLY___ [pubsub] INFO: Not forwarding key: Content-Length

2026-01-19 09:15:36,849 INFO     ___FILE_ONLY___ [pubsub] Jan 19, 2026 9:15:36 AM io.gapi.emulators.netty.HttpVersionRoutingHandler channelRead

2026-01-19 09:15:36,849 INFO     ___FILE_ONLY___ [pubsub] INFO: Detected non-HTTP/2 connection.

2026-01-19 09:15:36,851 INFO     ___FILE_ONLY___ [pubsub] Jan 19, 2026 9:15:36 AM io.gapi.emulators.grpc.HttpAdapter$StubMethodHandler handle

2026-01-19 09:15:36,852 INFO     ___FILE_ONLY___ [pubsub] INFO: Forwarding key: Host

2026-01-19 09:15:36,852 INFO     ___FILE_ONLY___ [pubsub] Jan 19, 2026 9:15:36 AM io.gapi.emulators.grpc.HttpAdapter$StubMethodHandler handle

2026-01-19 09:15:36,852 INFO     ___FILE_ONLY___ [pubsub] INFO: Forwarding key: User-Agent

2026-01-19 09:15:36,853 INFO     ___FILE_ONLY___ [pubsub] Jan 19, 2026 9:15:36 AM io.gapi.emulators.grpc.HttpAdapter$StubMethodHandler handle

2026-01-19 09:15:36,853 INFO     ___FILE_ONLY___ [pubsub] INFO: Forwarding key: Accept

2026-01-19 09:15:36,853 INFO     ___FILE_ONLY___ [pubsub] Jan 19, 2026 9:15:36 AM io.gapi.emulators.grpc.HttpAdapter$StubMethodHandler handle

2026-01-19 09:15:36,853 INFO     ___FILE_ONLY___ [pubsub] INFO: Not forwarding key: content-length

2026-01-19 09:15:36,857 INFO     ___FILE_ONLY___ [pubsub] Jan 19, 2026 9:15:36 AM io.gapi.emulators.netty.HttpHandler$1 onError

2026-01-19 09:15:36,857 INFO     ___FILE_ONLY___ [pubsub] INFO: Exception when handling request: NOT_FOUND: Subscription does not exist

2026-01-19 09:15:36,875 INFO     ___FILE_ONLY___ [pubsub] Jan 19, 2026 9:15:36 AM io.gapi.emulators.netty.HttpVersionRoutingHandler channelRead

2026-01-19 09:15:36,875 INFO     ___FILE_ONLY___ [pubsub] INFO: Detected non-HTTP/2 connection.

2026-01-19 09:15:36,879 INFO     ___FILE_ONLY___ [pubsub] Jan 19, 2026 9:15:36 AM io.gapi.emulators.grpc.HttpAdapter$StubMethodHandler handle

2026-01-19 09:15:36,879 INFO     ___FILE_ONLY___ [pubsub] INFO: Forwarding key: Host

2026-01-19 09:15:36,879 INFO     ___FILE_ONLY___ [pubsub] Jan 19, 2026 9:15:36 AM io.gapi.emulators.grpc.HttpAdapter$StubMethodHandler handle

2026-01-19 09:15:36,879 INFO     ___FILE_ONLY___ [pubsub] INFO: Forwarding key: User-Agent

2026-01-19 09:15:36,880 INFO     ___FILE_ONLY___ [pubsub] Jan 19, 2026 9:15:36 AM io.gapi.emulators.grpc.HttpAdapter$StubMethodHandler handle

2026-01-19 09:15:36,880 INFO     ___FILE_ONLY___ [pubsub] INFO: Forwarding key: Accept

2026-01-19 09:15:36,880 INFO     ___FILE_ONLY___ [pubsub] Jan 19, 2026 9:15:36 AM io.gapi.emulators.grpc.HttpAdapter$StubMethodHandler handle

2026-01-19 09:15:36,880 INFO     ___FILE_ONLY___ [pubsub] INFO: Forwarding key: Content-Type

2026-01-19 09:15:36,880 INFO     ___FILE_ONLY___ [pubsub] Jan 19, 2026 9:15:36 AM io.gapi.emulators.grpc.HttpAdapter$StubMethodHandler handle

2026-01-19 09:15:36,881 INFO     ___FILE_ONLY___ [pubsub] INFO: Not forwarding key: Content-Length

2026-01-19 09:15:36,902 INFO     ___FILE_ONLY___ [pubsub] Jan 19, 2026 9:15:36 AM io.gapi.emulators.netty.HttpVersionRoutingHandler channelRead

2026-01-19 09:15:36,903 INFO     ___FILE_ONLY___ [pubsub] INFO: Detected non-HTTP/2 connection.

2026-01-19 09:15:36,904 INFO     ___FILE_ONLY___ [pubsub] Jan 19, 2026 9:15:36 AM io.gapi.emulators.grpc.HttpAdapter$StubMethodHandler handle

2026-01-19 09:15:36,905 INFO     ___FILE_ONLY___ [pubsub] INFO: Forwarding key: Host

2026-01-19 09:15:36,905 INFO     ___FILE_ONLY___ [pubsub] Jan 19, 2026 9:15:36 AM io.gapi.emulators.grpc.HttpAdapter$StubMethodHandler handle

2026-01-19 09:15:36,905 INFO     ___FILE_ONLY___ [pubsub] INFO: Forwarding key: User-Agent

2026-01-19 09:15:36,905 INFO     ___FILE_ONLY___ [pubsub] Jan 19, 2026 9:15:36 AM io.gapi.emulators.grpc.HttpAdapter$StubMethodHandler handle

2026-01-19 09:15:36,905 INFO     ___FILE_ONLY___ [pubsub] INFO: Forwarding key: Accept

2026-01-19 09:15:36,906 INFO     ___FILE_ONLY___ [pubsub] Jan 19, 2026 9:15:36 AM io.gapi.emulators.grpc.HttpAdapter$StubMethodHandler handle

2026-01-19 09:15:36,906 INFO     ___FILE_ONLY___ [pubsub] INFO: Not forwarding key: content-length

2026-01-19 09:15:36,910 INFO     ___FILE_ONLY___ [pubsub] Jan 19, 2026 9:15:36 AM io.gapi.emulators.netty.HttpHandler$1 onError

2026-01-19 09:15:36,911 INFO     ___FILE_ONLY___ [pubsub] INFO: Exception when handling request: NOT_FOUND: Subscription does not exist

2026-01-19 09:15:36,927 INFO     ___FILE_ONLY___ [pubsub] Jan 19, 2026 9:15:36 AM io.gapi.emulators.netty.HttpVersionRoutingHandler channelRead

2026-01-19 09:15:36,927 INFO     ___FILE_ONLY___ [pubsub] INFO: Detected non-HTTP/2 connection.

2026-01-19 09:15:36,928 INFO     ___FILE_ONLY___ [pubsub] Jan 19, 2026 9:15:36 AM io.gapi.emulators.grpc.HttpAdapter$StubMethodHandler handle

2026-01-19 09:15:36,928 INFO     ___FILE_ONLY___ [pubsub] INFO: Forwarding key: Host

2026-01-19 09:15:36,928 INFO     ___FILE_ONLY___ [pubsub] Jan 19, 2026 9:15:36 AM io.gapi.emulators.grpc.HttpAdapter$StubMethodHandler handle

2026-01-19 09:15:36,929 INFO     ___FILE_ONLY___ [pubsub] INFO: Forwarding key: User-Agent

2026-01-19 09:15:36,929 INFO     ___FILE_ONLY___ [pubsub] Jan 19, 2026 9:15:36 AM io.gapi.emulators.grpc.HttpAdapter$StubMethodHandler handle

2026-01-19 09:15:36,929 INFO     ___FILE_ONLY___ [pubsub] INFO: Forwarding key: Accept

2026-01-19 09:15:36,929 INFO     ___FILE_ONLY___ [pubsub] Jan 19, 2026 9:15:36 AM io.gapi.emulators.grpc.HttpAdapter$StubMethodHandler handle

2026-01-19 09:15:36,930 INFO     ___FILE_ONLY___ [pubsub] INFO: Forwarding key: Content-Type

2026-01-19 09:15:36,930 INFO     ___FILE_ONLY___ [pubsub] Jan 19, 2026 9:15:36 AM io.gapi.emulators.grpc.HttpAdapter$StubMethodHandler handle

2026-01-19 09:15:36,930 INFO     ___FILE_ONLY___ [pubsub] INFO: Not forwarding key: Content-Length

2026-01-19 09:15:36,958 INFO     ___FILE_ONLY___ [pubsub] Jan 19, 2026 9:15:36 AM io.gapi.emulators.netty.HttpVersionRoutingHandler channelRead

2026-01-19 09:15:36,959 INFO     ___FILE_ONLY___ [pubsub] INFO: Detected non-HTTP/2 connection.

2026-01-19 09:15:36,960 INFO     ___FILE_ONLY___ [pubsub] Jan 19, 2026 9:15:36 AM io.gapi.emulators.grpc.HttpAdapter$StubMethodHandler handle

2026-01-19 09:15:36,960 INFO     ___FILE_ONLY___ [pubsub] INFO: Forwarding key: Host

2026-01-19 09:15:36,961 INFO     ___FILE_ONLY___ [pubsub] Jan 19, 2026 9:15:36 AM io.gapi.emulators.grpc.HttpAdapter$StubMethodHandler handle

2026-01-19 09:15:36,961 INFO     ___FILE_ONLY___ [pubsub] INFO: Forwarding key: User-Agent

2026-01-19 09:15:36,961 INFO     ___FILE_ONLY___ [pubsub] Jan 19, 2026 9:15:36 AM io.gapi.emulators.grpc.HttpAdapter$StubMethodHandler handle

2026-01-19 09:15:36,961 INFO     ___FILE_ONLY___ [pubsub] INFO: Forwarding key: Accept

2026-01-19 09:15:36,962 INFO     ___FILE_ONLY___ [pubsub] Jan 19, 2026 9:15:36 AM io.gapi.emulators.grpc.HttpAdapter$StubMethodHandler handle

2026-01-19 09:15:36,962 INFO     ___FILE_ONLY___ [pubsub] INFO: Not forwarding key: content-length

2026-01-19 09:15:36,967 INFO     ___FILE_ONLY___ [pubsub] Jan 19, 2026 9:15:36 AM io.gapi.emulators.netty.HttpHandler$1 onError

2026-01-19 09:15:36,967 INFO     ___FILE_ONLY___ [pubsub] INFO: Exception when handling request: NOT_FOUND: Subscription does not exist

2026-01-19 09:15:36,984 INFO     ___FILE_ONLY___ [pubsub] Jan 19, 2026 9:15:36 AM io.gapi.emulators.netty.HttpVersionRoutingHandler channelRead

2026-01-19 09:15:36,984 INFO     ___FILE_ONLY___ [pubsub] INFO: Detected non-HTTP/2 connection.

2026-01-19 09:15:36,985 INFO     ___FILE_ONLY___ [pubsub] Jan 19, 2026 9:15:36 AM io.gapi.emulators.grpc.HttpAdapter$StubMethodHandler handle

2026-01-19 09:15:36,986 INFO     ___FILE_ONLY___ [pubsub] INFO: Forwarding key: Host

2026-01-19 09:15:36,986 INFO     ___FILE_ONLY___ [pubsub] Jan 19, 2026 9:15:36 AM io.gapi.emulators.grpc.HttpAdapter$StubMethodHandler handle

2026-01-19 09:15:36,986 INFO     ___FILE_ONLY___ [pubsub] INFO: Forwarding key: User-Agent

2026-01-19 09:15:36,987 INFO     ___FILE_ONLY___ [pubsub] Jan 19, 2026 9:15:36 AM io.gapi.emulators.grpc.HttpAdapter$StubMethodHandler handle

2026-01-19 09:15:36,987 INFO     ___FILE_ONLY___ [pubsub] INFO: Forwarding key: Accept

2026-01-19 09:15:36,987 INFO     ___FILE_ONLY___ [pubsub] Jan 19, 2026 9:15:36 AM io.gapi.emulators.grpc.HttpAdapter$StubMethodHandler handle

2026-01-19 09:15:36,987 INFO     ___FILE_ONLY___ [pubsub] INFO: Forwarding key: Content-Type

2026-01-19 09:15:36,987 INFO     ___FILE_ONLY___ [pubsub] Jan 19, 2026 9:15:36 AM io.gapi.emulators.grpc.HttpAdapter$StubMethodHandler handle

2026-01-19 09:15:36,988 INFO     ___FILE_ONLY___ [pubsub] INFO: Not forwarding key: Content-Length

