2026-01-19 09:47:02,054 DEBUG    root            Loaded Command Group: ['gcloud', 'beta', 'emulators']
2026-01-19 09:47:02,183 DEBUG    root            Loaded Command Group: ['gcloud', 'beta', 'emulators', 'pubsub']
2026-01-19 09:47:02,185 DEBUG    root            Loaded Command Group: ['gcloud', 'beta', 'emulators', 'pubsub', 'start']
2026-01-19 09:47:02,412 DEBUG    root            Failed to check metadata server: <urlopen error [Errno -2] Name or service not known>
2026-01-19 09:47:02,412 DEBUG    root            On GCE from server: False
2026-01-19 09:47:02,415 DEBUG    root            Running [gcloud.beta.emulators.pubsub.start] with arguments: [--host-port: "<googlecloudsdk.calliope.arg_parsers.HostPort object at 0x7ffffc7b4830>"]
2026-01-19 09:47:02,415 DEBUG    root            Found Cloud SDK root: /google-cloud-sdk
2026-01-19 09:47:02,416 INFO     ___FILE_ONLY___ Executing: /google-cloud-sdk/platform/pubsub-emulator/bin/cloud-pubsub-emulator --host=0.0.0.0 --port=8085

2026-01-19 09:47:02,419 DEBUG    root            Chosen display Format:yaml
2026-01-19 09:47:03,009 INFO     ___FILE_ONLY___ [pubsub] This is the Google Pub/Sub fake.

2026-01-19 09:47:03,010 INFO     ___FILE_ONLY___ [pubsub] Implementation may be incomplete or differ from the real system.

2026-01-19 09:47:03,139 INFO     ___FILE_ONLY___ [pubsub] Jan 19, 2026 9:47:03 AM com.google.cloud.pubsub.testing.v1.Main main

2026-01-19 09:47:03,140 INFO     ___FILE_ONLY___ [pubsub] INFO: IAM integration is disabled. IAM policy methods and ACL checks are not supported

2026-01-19 09:47:03,306 INFO     ___FILE_ONLY___ [pubsub] SLF4J(W): No SLF4J providers were found.

2026-01-19 09:47:03,307 INFO     ___FILE_ONLY___ [pubsub] SLF4J(W): Defaulting to no-operation (NOP) logger implementation

2026-01-19 09:47:03,307 INFO     ___FILE_ONLY___ [pubsub] SLF4J(W): See https://www.slf4j.org/codes.html#noProviders for further details.

2026-01-19 09:47:03,741 INFO     ___FILE_ONLY___ [pubsub] Jan 19, 2026 9:47:03 AM com.google.cloud.pubsub.testing.v1.Main main

2026-01-19 09:47:03,742 INFO     ___FILE_ONLY___ [pubsub] INFO: Server started, listening on 8085

2026-01-19 09:47:05,159 INFO     ___FILE_ONLY___ [pubsub] Jan 19, 2026 9:47:05 AM io.gapi.emulators.netty.HttpVersionRoutingHandler channelRead

2026-01-19 09:47:05,160 INFO     ___FILE_ONLY___ [pubsub] INFO: Detected non-HTTP/2 connection.

2026-01-19 09:47:05,180 INFO     ___FILE_ONLY___ [pubsub] Jan 19, 2026 9:47:05 AM io.gapi.emulators.grpc.HttpAdapter$StubMethodHandler handle

2026-01-19 09:47:05,182 INFO     ___FILE_ONLY___ [pubsub] INFO: Forwarding key: Host

2026-01-19 09:47:05,182 INFO     ___FILE_ONLY___ [pubsub] Jan 19, 2026 9:47:05 AM io.gapi.emulators.grpc.HttpAdapter$StubMethodHandler handle

2026-01-19 09:47:05,183 INFO     ___FILE_ONLY___ [pubsub] INFO: Forwarding key: User-Agent

2026-01-19 09:47:05,183 INFO     ___FILE_ONLY___ [pubsub] Jan 19, 2026 9:47:05 AM io.gapi.emulators.grpc.HttpAdapter$StubMethodHandler handle

2026-01-19 09:47:05,183 INFO     ___FILE_ONLY___ [pubsub] INFO: Forwarding key: Accept

2026-01-19 09:47:05,184 INFO     ___FILE_ONLY___ [pubsub] Jan 19, 2026 9:47:05 AM io.gapi.emulators.grpc.HttpAdapter$StubMethodHandler handle

2026-01-19 09:47:05,184 INFO     ___FILE_ONLY___ [pubsub] INFO: Not forwarding key: content-length

2026-01-19 09:47:05,219 INFO     ___FILE_ONLY___ [pubsub] Jan 19, 2026 9:47:05 AM io.gapi.emulators.netty.HttpVersionRoutingHandler channelRead

2026-01-19 09:47:05,219 INFO     ___FILE_ONLY___ [pubsub] INFO: Detected HTTP/2 connection.

2026-01-19 09:47:05,348 INFO     ___FILE_ONLY___ [pubsub] Jan 19, 2026 9:47:05 AM io.gapi.emulators.netty.HttpVersionRoutingHandler channelRead

2026-01-19 09:47:05,349 INFO     ___FILE_ONLY___ [pubsub] INFO: Detected HTTP/2 connection.

2026-01-19 09:47:05,354 INFO     ___FILE_ONLY___ [pubsub] Jan 19, 2026 9:47:05 AM io.gapi.emulators.netty.HttpVersionRoutingHandler channelRead

2026-01-19 09:47:05,354 INFO     ___FILE_ONLY___ [pubsub] INFO: Detected HTTP/2 connection.

2026-01-19 09:47:05,392 INFO     ___FILE_ONLY___ [pubsub] Jan 19, 2026 9:47:05 AM io.gapi.emulators.netty.HttpVersionRoutingHandler channelRead

2026-01-19 09:47:05,393 INFO     ___FILE_ONLY___ [pubsub] INFO: Detected HTTP/2 connection.

2026-01-19 09:47:05,513 INFO     ___FILE_ONLY___ [pubsub] Jan 19, 2026 9:47:05 AM io.gapi.emulators.netty.HttpVersionRoutingHandler channelRead

2026-01-19 09:47:05,513 INFO     ___FILE_ONLY___ [pubsub] INFO: Detected HTTP/2 connection.

2026-01-19 09:47:05,560 INFO     ___FILE_ONLY___ [pubsub] Jan 19, 2026 9:47:05 AM io.gapi.emulators.netty.HttpHandler$1 onError

2026-01-19 09:47:05,560 INFO     ___FILE_ONLY___ [pubsub] INFO: Exception when handling request: NOT_FOUND: Topic not found

2026-01-19 09:47:05,590 INFO     ___FILE_ONLY___ [pubsub] Jan 19, 2026 9:47:05 AM io.gapi.emulators.netty.HttpVersionRoutingHandler channelRead

2026-01-19 09:47:05,590 INFO     ___FILE_ONLY___ [pubsub] INFO: Detected non-HTTP/2 connection.

2026-01-19 09:47:05,602 INFO     ___FILE_ONLY___ [pubsub] Jan 19, 2026 9:47:05 AM io.gapi.emulators.grpc.HttpAdapter$StubMethodHandler handle

2026-01-19 09:47:05,603 INFO     ___FILE_ONLY___ [pubsub] INFO: Forwarding key: Host

2026-01-19 09:47:05,603 INFO     ___FILE_ONLY___ [pubsub] Jan 19, 2026 9:47:05 AM io.gapi.emulators.grpc.HttpAdapter$StubMethodHandler handle

2026-01-19 09:47:05,603 INFO     ___FILE_ONLY___ [pubsub] INFO: Forwarding key: User-Agent

2026-01-19 09:47:05,603 INFO     ___FILE_ONLY___ [pubsub] Jan 19, 2026 9:47:05 AM io.gapi.emulators.grpc.HttpAdapter$StubMethodHandler handle

2026-01-19 09:47:05,604 INFO     ___FILE_ONLY___ [pubsub] INFO: Forwarding key: Accept

2026-01-19 09:47:05,604 INFO     ___FILE_ONLY___ [pubsub] Jan 19, 2026 9:47:05 AM io.gapi.emulators.grpc.HttpAdapter$StubMethodHandler handle

2026-01-19 09:47:05,605 INFO     ___FILE_ONLY___ [pubsub] INFO: Not forwarding key: content-length

2026-01-19 09:47:05,680 INFO     ___FILE_ONLY___ [pubsub] Jan 19, 2026 9:47:05 AM io.gapi.emulators.netty.HttpVersionRoutingHandler channelRead

2026-01-19 09:47:05,680 INFO     ___FILE_ONLY___ [pubsub] INFO: Detected non-HTTP/2 connection.

2026-01-19 09:47:05,683 INFO     ___FILE_ONLY___ [pubsub] Jan 19, 2026 9:47:05 AM io.gapi.emulators.grpc.HttpAdapter$StubMethodHandler handle

2026-01-19 09:47:05,683 INFO     ___FILE_ONLY___ [pubsub] INFO: Forwarding key: Host

2026-01-19 09:47:05,683 INFO     ___FILE_ONLY___ [pubsub] Jan 19, 2026 9:47:05 AM io.gapi.emulators.grpc.HttpAdapter$StubMethodHandler handle

2026-01-19 09:47:05,684 INFO     ___FILE_ONLY___ [pubsub] INFO: Forwarding key: User-Agent

2026-01-19 09:47:05,684 INFO     ___FILE_ONLY___ [pubsub] Jan 19, 2026 9:47:05 AM io.gapi.emulators.grpc.HttpAdapter$StubMethodHandler handle

2026-01-19 09:47:05,684 INFO     ___FILE_ONLY___ [pubsub] INFO: Forwarding key: Accept

2026-01-19 09:47:05,685 INFO     ___FILE_ONLY___ [pubsub] Jan 19, 2026 9:47:05 AM io.gapi.emulators.grpc.HttpAdapter$StubMethodHandler handle

2026-01-19 09:47:05,685 INFO     ___FILE_ONLY___ [pubsub] INFO: Not forwarding key: content-length

2026-01-19 09:47:05,690 INFO     ___FILE_ONLY___ [pubsub] Jan 19, 2026 9:47:05 AM io.gapi.emulators.netty.HttpHandler$1 onError

2026-01-19 09:47:05,690 INFO     ___FILE_ONLY___ [pubsub] INFO: Exception when handling request: NOT_FOUND: Topic not found

2026-01-19 09:47:05,708 INFO     ___FILE_ONLY___ [pubsub] Jan 19, 2026 9:47:05 AM io.gapi.emulators.netty.HttpVersionRoutingHandler channelRead

2026-01-19 09:47:05,709 INFO     ___FILE_ONLY___ [pubsub] INFO: Detected non-HTTP/2 connection.

2026-01-19 09:47:05,710 INFO     ___FILE_ONLY___ [pubsub] Jan 19, 2026 9:47:05 AM io.gapi.emulators.grpc.HttpAdapter$StubMethodHandler handle

2026-01-19 09:47:05,711 INFO     ___FILE_ONLY___ [pubsub] INFO: Forwarding key: Host

2026-01-19 09:47:05,711 INFO     ___FILE_ONLY___ [pubsub] Jan 19, 2026 9:47:05 AM io.gapi.emulators.grpc.HttpAdapter$StubMethodHandler handle

2026-01-19 09:47:05,711 INFO     ___FILE_ONLY___ [pubsub] INFO: Forwarding key: User-Agent

2026-01-19 09:47:05,711 INFO     ___FILE_ONLY___ [pubsub] Jan 19, 2026 9:47:05 AM io.gapi.emulators.grpc.HttpAdapter$StubMethodHandler handle

2026-01-19 09:47:05,712 INFO     ___FILE_ONLY___ [pubsub] INFO: Forwarding key: Accept

2026-01-19 09:47:05,712 INFO     ___FILE_ONLY___ [pubsub] Jan 19, 2026 9:47:05 AM io.gapi.emulators.grpc.HttpAdapter$StubMethodHandler handle

2026-01-19 09:47:05,713 INFO     ___FILE_ONLY___ [pubsub] INFO: Not forwarding key: content-length

2026-01-19 09:47:05,737 INFO     ___FILE_ONLY___ [pubsub] Jan 19, 2026 9:47:05 AM io.gapi.emulators.netty.HttpVersionRoutingHandler channelRead

2026-01-19 09:47:05,737 INFO     ___FILE_ONLY___ [pubsub] INFO: Detected non-HTTP/2 connection.

2026-01-19 09:47:05,739 INFO     ___FILE_ONLY___ [pubsub] Jan 19, 2026 9:47:05 AM io.gapi.emulators.grpc.HttpAdapter$StubMethodHandler handle

2026-01-19 09:47:05,741 INFO     ___FILE_ONLY___ [pubsub] INFO: Forwarding key: Host

2026-01-19 09:47:05,742 INFO     ___FILE_ONLY___ [pubsub] Jan 19, 2026 9:47:05 AM io.gapi.emulators.grpc.HttpAdapter$StubMethodHandler handle

2026-01-19 09:47:05,742 INFO     ___FILE_ONLY___ [pubsub] INFO: Forwarding key: User-Agent

2026-01-19 09:47:05,742 INFO     ___FILE_ONLY___ [pubsub] Jan 19, 2026 9:47:05 AM io.gapi.emulators.grpc.HttpAdapter$StubMethodHandler handle

2026-01-19 09:47:05,743 INFO     ___FILE_ONLY___ [pubsub] INFO: Forwarding key: Accept

2026-01-19 09:47:05,743 INFO     ___FILE_ONLY___ [pubsub] Jan 19, 2026 9:47:05 AM io.gapi.emulators.grpc.HttpAdapter$StubMethodHandler handle

2026-01-19 09:47:05,744 INFO     ___FILE_ONLY___ [pubsub] INFO: Not forwarding key: content-length

2026-01-19 09:47:05,747 INFO     ___FILE_ONLY___ [pubsub] Jan 19, 2026 9:47:05 AM io.gapi.emulators.netty.HttpHandler$1 onError

2026-01-19 09:47:05,747 INFO     ___FILE_ONLY___ [pubsub] INFO: Exception when handling request: NOT_FOUND: Topic not found

2026-01-19 09:47:05,762 INFO     ___FILE_ONLY___ [pubsub] Jan 19, 2026 9:47:05 AM io.gapi.emulators.netty.HttpVersionRoutingHandler channelRead

2026-01-19 09:47:05,763 INFO     ___FILE_ONLY___ [pubsub] INFO: Detected non-HTTP/2 connection.

2026-01-19 09:47:05,767 INFO     ___FILE_ONLY___ [pubsub] Jan 19, 2026 9:47:05 AM io.gapi.emulators.grpc.HttpAdapter$StubMethodHandler handle

2026-01-19 09:47:05,769 INFO     ___FILE_ONLY___ [pubsub] INFO: Forwarding key: Host

2026-01-19 09:47:05,769 INFO     ___FILE_ONLY___ [pubsub] Jan 19, 2026 9:47:05 AM io.gapi.emulators.grpc.HttpAdapter$StubMethodHandler handle

2026-01-19 09:47:05,770 INFO     ___FILE_ONLY___ [pubsub] INFO: Forwarding key: User-Agent

2026-01-19 09:47:05,770 INFO     ___FILE_ONLY___ [pubsub] Jan 19, 2026 9:47:05 AM io.gapi.emulators.grpc.HttpAdapter$StubMethodHandler handle

2026-01-19 09:47:05,770 INFO     ___FILE_ONLY___ [pubsub] INFO: Forwarding key: Accept

2026-01-19 09:47:05,771 INFO     ___FILE_ONLY___ [pubsub] Jan 19, 2026 9:47:05 AM io.gapi.emulators.grpc.HttpAdapter$StubMethodHandler handle

2026-01-19 09:47:05,771 INFO     ___FILE_ONLY___ [pubsub] INFO: Not forwarding key: content-length

2026-01-19 09:47:05,795 INFO     ___FILE_ONLY___ [pubsub] Jan 19, 2026 9:47:05 AM io.gapi.emulators.netty.HttpVersionRoutingHandler channelRead

2026-01-19 09:47:05,796 INFO     ___FILE_ONLY___ [pubsub] INFO: Detected non-HTTP/2 connection.

2026-01-19 09:47:05,798 INFO     ___FILE_ONLY___ [pubsub] Jan 19, 2026 9:47:05 AM io.gapi.emulators.grpc.HttpAdapter$StubMethodHandler handle

2026-01-19 09:47:05,799 INFO     ___FILE_ONLY___ [pubsub] INFO: Forwarding key: Host

2026-01-19 09:47:05,799 INFO     ___FILE_ONLY___ [pubsub] Jan 19, 2026 9:47:05 AM io.gapi.emulators.grpc.HttpAdapter$StubMethodHandler handle

2026-01-19 09:47:05,799 INFO     ___FILE_ONLY___ [pubsub] INFO: Forwarding key: User-Agent

2026-01-19 09:47:05,799 INFO     ___FILE_ONLY___ [pubsub] Jan 19, 2026 9:47:05 AM io.gapi.emulators.grpc.HttpAdapter$StubMethodHandler handle

2026-01-19 09:47:05,800 INFO     ___FILE_ONLY___ [pubsub] INFO: Forwarding key: Accept

2026-01-19 09:47:05,800 INFO     ___FILE_ONLY___ [pubsub] Jan 19, 2026 9:47:05 AM io.gapi.emulators.grpc.HttpAdapter$StubMethodHandler handle

2026-01-19 09:47:05,800 INFO     ___FILE_ONLY___ [pubsub] INFO: Not forwarding key: content-length

2026-01-19 09:47:05,805 INFO     ___FILE_ONLY___ [pubsub] Jan 19, 2026 9:47:05 AM io.gapi.emulators.netty.HttpHandler$1 onError

2026-01-19 09:47:05,805 INFO     ___FILE_ONLY___ [pubsub] INFO: Exception when handling request: NOT_FOUND: Topic not found

2026-01-19 09:47:05,826 INFO     ___FILE_ONLY___ [pubsub] Jan 19, 2026 9:47:05 AM io.gapi.emulators.netty.HttpVersionRoutingHandler channelRead

2026-01-19 09:47:05,827 INFO     ___FILE_ONLY___ [pubsub] INFO: Detected non-HTTP/2 connection.

2026-01-19 09:47:05,828 INFO     ___FILE_ONLY___ [pubsub] Jan 19, 2026 9:47:05 AM io.gapi.emulators.grpc.HttpAdapter$StubMethodHandler handle

2026-01-19 09:47:05,828 INFO     ___FILE_ONLY___ [pubsub] INFO: Forwarding key: Host

2026-01-19 09:47:05,829 INFO     ___FILE_ONLY___ [pubsub] Jan 19, 2026 9:47:05 AM io.gapi.emulators.grpc.HttpAdapter$StubMethodHandler handle

2026-01-19 09:47:05,829 INFO     ___FILE_ONLY___ [pubsub] INFO: Forwarding key: User-Agent

2026-01-19 09:47:05,829 INFO     ___FILE_ONLY___ [pubsub] Jan 19, 2026 9:47:05 AM io.gapi.emulators.grpc.HttpAdapter$StubMethodHandler handle

2026-01-19 09:47:05,829 INFO     ___FILE_ONLY___ [pubsub] INFO: Forwarding key: Accept

2026-01-19 09:47:05,830 INFO     ___FILE_ONLY___ [pubsub] Jan 19, 2026 9:47:05 AM io.gapi.emulators.grpc.HttpAdapter$StubMethodHandler handle

2026-01-19 09:47:05,830 INFO     ___FILE_ONLY___ [pubsub] INFO: Not forwarding key: content-length

2026-01-19 09:47:05,857 INFO     ___FILE_ONLY___ [pubsub] Jan 19, 2026 9:47:05 AM io.gapi.emulators.netty.HttpVersionRoutingHandler channelRead

2026-01-19 09:47:05,858 INFO     ___FILE_ONLY___ [pubsub] INFO: Detected non-HTTP/2 connection.

2026-01-19 09:47:05,859 INFO     ___FILE_ONLY___ [pubsub] Jan 19, 2026 9:47:05 AM io.gapi.emulators.grpc.HttpAdapter$StubMethodHandler handle

2026-01-19 09:47:05,860 INFO     ___FILE_ONLY___ [pubsub] INFO: Forwarding key: Host

2026-01-19 09:47:05,860 INFO     ___FILE_ONLY___ [pubsub] Jan 19, 2026 9:47:05 AM io.gapi.emulators.grpc.HttpAdapter$StubMethodHandler handle

2026-01-19 09:47:05,860 INFO     ___FILE_ONLY___ [pubsub] INFO: Forwarding key: User-Agent

2026-01-19 09:47:05,861 INFO     ___FILE_ONLY___ [pubsub] Jan 19, 2026 9:47:05 AM io.gapi.emulators.grpc.HttpAdapter$StubMethodHandler handle

2026-01-19 09:47:05,861 INFO     ___FILE_ONLY___ [pubsub] INFO: Forwarding key: Accept

2026-01-19 09:47:05,862 INFO     ___FILE_ONLY___ [pubsub] Jan 19, 2026 9:47:05 AM io.gapi.emulators.grpc.HttpAdapter$StubMethodHandler handle

2026-01-19 09:47:05,863 INFO     ___FILE_ONLY___ [pubsub] INFO: Not forwarding key: content-length

2026-01-19 09:47:05,873 INFO     ___FILE_ONLY___ [pubsub] Jan 19, 2026 9:47:05 AM io.gapi.emulators.netty.HttpHandler$1 onError

2026-01-19 09:47:05,874 INFO     ___FILE_ONLY___ [pubsub] INFO: Exception when handling request: NOT_FOUND: Topic not found

2026-01-19 09:47:05,893 INFO     ___FILE_ONLY___ [pubsub] Jan 19, 2026 9:47:05 AM io.gapi.emulators.netty.HttpVersionRoutingHandler channelRead

2026-01-19 09:47:05,893 INFO     ___FILE_ONLY___ [pubsub] INFO: Detected non-HTTP/2 connection.

2026-01-19 09:47:05,896 INFO     ___FILE_ONLY___ [pubsub] Jan 19, 2026 9:47:05 AM io.gapi.emulators.grpc.HttpAdapter$StubMethodHandler handle

2026-01-19 09:47:05,897 INFO     ___FILE_ONLY___ [pubsub] INFO: Forwarding key: Host

2026-01-19 09:47:05,897 INFO     ___FILE_ONLY___ [pubsub] Jan 19, 2026 9:47:05 AM io.gapi.emulators.grpc.HttpAdapter$StubMethodHandler handle

2026-01-19 09:47:05,897 INFO     ___FILE_ONLY___ [pubsub] INFO: Forwarding key: User-Agent

2026-01-19 09:47:05,898 INFO     ___FILE_ONLY___ [pubsub] Jan 19, 2026 9:47:05 AM io.gapi.emulators.grpc.HttpAdapter$StubMethodHandler handle

2026-01-19 09:47:05,898 INFO     ___FILE_ONLY___ [pubsub] INFO: Forwarding key: Accept

2026-01-19 09:47:05,898 INFO     ___FILE_ONLY___ [pubsub] Jan 19, 2026 9:47:05 AM io.gapi.emulators.grpc.HttpAdapter$StubMethodHandler handle

2026-01-19 09:47:05,898 INFO     ___FILE_ONLY___ [pubsub] INFO: Not forwarding key: content-length

2026-01-19 09:47:05,922 INFO     ___FILE_ONLY___ [pubsub] Jan 19, 2026 9:47:05 AM io.gapi.emulators.netty.HttpVersionRoutingHandler channelRead

2026-01-19 09:47:05,922 INFO     ___FILE_ONLY___ [pubsub] INFO: Detected non-HTTP/2 connection.

2026-01-19 09:47:05,924 INFO     ___FILE_ONLY___ [pubsub] Jan 19, 2026 9:47:05 AM io.gapi.emulators.grpc.HttpAdapter$StubMethodHandler handle

2026-01-19 09:47:05,924 INFO     ___FILE_ONLY___ [pubsub] INFO: Forwarding key: Host

2026-01-19 09:47:05,924 INFO     ___FILE_ONLY___ [pubsub] Jan 19, 2026 9:47:05 AM io.gapi.emulators.grpc.HttpAdapter$StubMethodHandler handle

2026-01-19 09:47:05,925 INFO     ___FILE_ONLY___ [pubsub] INFO: Forwarding key: User-Agent

2026-01-19 09:47:05,925 INFO     ___FILE_ONLY___ [pubsub] Jan 19, 2026 9:47:05 AM io.gapi.emulators.grpc.HttpAdapter$StubMethodHandler handle

2026-01-19 09:47:05,925 INFO     ___FILE_ONLY___ [pubsub] INFO: Forwarding key: Accept

2026-01-19 09:47:05,926 INFO     ___FILE_ONLY___ [pubsub] Jan 19, 2026 9:47:05 AM io.gapi.emulators.grpc.HttpAdapter$StubMethodHandler handle

2026-01-19 09:47:05,926 INFO     ___FILE_ONLY___ [pubsub] INFO: Not forwarding key: content-length

2026-01-19 09:47:05,931 INFO     ___FILE_ONLY___ [pubsub] Jan 19, 2026 9:47:05 AM io.gapi.emulators.netty.HttpHandler$1 onError

2026-01-19 09:47:05,931 INFO     ___FILE_ONLY___ [pubsub] INFO: Exception when handling request: NOT_FOUND: Topic not found

2026-01-19 09:47:05,950 INFO     ___FILE_ONLY___ [pubsub] Jan 19, 2026 9:47:05 AM io.gapi.emulators.netty.HttpVersionRoutingHandler channelRead

2026-01-19 09:47:05,951 INFO     ___FILE_ONLY___ [pubsub] INFO: Detected non-HTTP/2 connection.

2026-01-19 09:47:05,953 INFO     ___FILE_ONLY___ [pubsub] Jan 19, 2026 9:47:05 AM io.gapi.emulators.grpc.HttpAdapter$StubMethodHandler handle

2026-01-19 09:47:05,954 INFO     ___FILE_ONLY___ [pubsub] INFO: Forwarding key: Host

2026-01-19 09:47:05,954 INFO     ___FILE_ONLY___ [pubsub] Jan 19, 2026 9:47:05 AM io.gapi.emulators.grpc.HttpAdapter$StubMethodHandler handle

2026-01-19 09:47:05,954 INFO     ___FILE_ONLY___ [pubsub] INFO: Forwarding key: User-Agent

2026-01-19 09:47:05,954 INFO     ___FILE_ONLY___ [pubsub] Jan 19, 2026 9:47:05 AM io.gapi.emulators.grpc.HttpAdapter$StubMethodHandler handle

2026-01-19 09:47:05,955 INFO     ___FILE_ONLY___ [pubsub] INFO: Forwarding key: Accept

2026-01-19 09:47:05,955 INFO     ___FILE_ONLY___ [pubsub] Jan 19, 2026 9:47:05 AM io.gapi.emulators.grpc.HttpAdapter$StubMethodHandler handle

2026-01-19 09:47:05,955 INFO     ___FILE_ONLY___ [pubsub] INFO: Not forwarding key: content-length

2026-01-19 09:47:05,980 INFO     ___FILE_ONLY___ [pubsub] Jan 19, 2026 9:47:05 AM io.gapi.emulators.netty.HttpVersionRoutingHandler channelRead

2026-01-19 09:47:05,980 INFO     ___FILE_ONLY___ [pubsub] INFO: Detected non-HTTP/2 connection.

2026-01-19 09:47:05,983 INFO     ___FILE_ONLY___ [pubsub] Jan 19, 2026 9:47:05 AM io.gapi.emulators.grpc.HttpAdapter$StubMethodHandler handle

2026-01-19 09:47:05,984 INFO     ___FILE_ONLY___ [pubsub] INFO: Forwarding key: Host

2026-01-19 09:47:05,984 INFO     ___FILE_ONLY___ [pubsub] Jan 19, 2026 9:47:05 AM io.gapi.emulators.grpc.HttpAdapter$StubMethodHandler handle

2026-01-19 09:47:05,984 INFO     ___FILE_ONLY___ [pubsub] INFO: Forwarding key: User-Agent

2026-01-19 09:47:05,984 INFO     ___FILE_ONLY___ [pubsub] Jan 19, 2026 9:47:05 AM io.gapi.emulators.grpc.HttpAdapter$StubMethodHandler handle

2026-01-19 09:47:05,985 INFO     ___FILE_ONLY___ [pubsub] INFO: Forwarding key: Accept

2026-01-19 09:47:05,985 INFO     ___FILE_ONLY___ [pubsub] Jan 19, 2026 9:47:05 AM io.gapi.emulators.grpc.HttpAdapter$StubMethodHandler handle

2026-01-19 09:47:05,985 INFO     ___FILE_ONLY___ [pubsub] INFO: Not forwarding key: content-length

2026-01-19 09:47:05,988 INFO     ___FILE_ONLY___ [pubsub] Jan 19, 2026 9:47:05 AM io.gapi.emulators.netty.HttpHandler$1 onError

2026-01-19 09:47:05,989 INFO     ___FILE_ONLY___ [pubsub] INFO: Exception when handling request: NOT_FOUND: Topic not found

2026-01-19 09:47:06,007 INFO     ___FILE_ONLY___ [pubsub] Jan 19, 2026 9:47:06 AM io.gapi.emulators.netty.HttpVersionRoutingHandler channelRead

2026-01-19 09:47:06,007 INFO     ___FILE_ONLY___ [pubsub] INFO: Detected non-HTTP/2 connection.

2026-01-19 09:47:06,009 INFO     ___FILE_ONLY___ [pubsub] Jan 19, 2026 9:47:06 AM io.gapi.emulators.grpc.HttpAdapter$StubMethodHandler handle

2026-01-19 09:47:06,009 INFO     ___FILE_ONLY___ [pubsub] INFO: Forwarding key: Host

2026-01-19 09:47:06,010 INFO     ___FILE_ONLY___ [pubsub] Jan 19, 2026 9:47:06 AM io.gapi.emulators.grpc.HttpAdapter$StubMethodHandler handle

2026-01-19 09:47:06,010 INFO     ___FILE_ONLY___ [pubsub] INFO: Forwarding key: User-Agent

2026-01-19 09:47:06,010 INFO     ___FILE_ONLY___ [pubsub] Jan 19, 2026 9:47:06 AM io.gapi.emulators.grpc.HttpAdapter$StubMethodHandler handle

2026-01-19 09:47:06,010 INFO     ___FILE_ONLY___ [pubsub] INFO: Forwarding key: Accept

2026-01-19 09:47:06,011 INFO     ___FILE_ONLY___ [pubsub] Jan 19, 2026 9:47:06 AM io.gapi.emulators.grpc.HttpAdapter$StubMethodHandler handle

2026-01-19 09:47:06,011 INFO     ___FILE_ONLY___ [pubsub] INFO: Not forwarding key: content-length

2026-01-19 09:47:06,034 INFO     ___FILE_ONLY___ [pubsub] Jan 19, 2026 9:47:06 AM io.gapi.emulators.netty.HttpVersionRoutingHandler channelRead

2026-01-19 09:47:06,035 INFO     ___FILE_ONLY___ [pubsub] INFO: Detected non-HTTP/2 connection.

2026-01-19 09:47:06,035 INFO     ___FILE_ONLY___ [pubsub] Jan 19, 2026 9:47:06 AM io.gapi.emulators.grpc.HttpAdapter$StubMethodHandler handle

2026-01-19 09:47:06,036 INFO     ___FILE_ONLY___ [pubsub] INFO: Forwarding key: Host

2026-01-19 09:47:06,036 INFO     ___FILE_ONLY___ [pubsub] Jan 19, 2026 9:47:06 AM io.gapi.emulators.grpc.HttpAdapter$StubMethodHandler handle

2026-01-19 09:47:06,036 INFO     ___FILE_ONLY___ [pubsub] INFO: Forwarding key: User-Agent

2026-01-19 09:47:06,036 INFO     ___FILE_ONLY___ [pubsub] Jan 19, 2026 9:47:06 AM io.gapi.emulators.grpc.HttpAdapter$StubMethodHandler handle

2026-01-19 09:47:06,038 INFO     ___FILE_ONLY___ [pubsub] INFO: Forwarding key: Accept

2026-01-19 09:47:06,038 INFO     ___FILE_ONLY___ [pubsub] Jan 19, 2026 9:47:06 AM io.gapi.emulators.grpc.HttpAdapter$StubMethodHandler handle

2026-01-19 09:47:06,038 INFO     ___FILE_ONLY___ [pubsub] INFO: Not forwarding key: content-length

2026-01-19 09:47:06,043 INFO     ___FILE_ONLY___ [pubsub] Jan 19, 2026 9:47:06 AM io.gapi.emulators.netty.HttpHandler$1 onError

2026-01-19 09:47:06,043 INFO     ___FILE_ONLY___ [pubsub] INFO: Exception when handling request: NOT_FOUND: Topic not found

2026-01-19 09:47:06,062 INFO     ___FILE_ONLY___ [pubsub] Jan 19, 2026 9:47:06 AM io.gapi.emulators.netty.HttpVersionRoutingHandler channelRead

2026-01-19 09:47:06,063 INFO     ___FILE_ONLY___ [pubsub] INFO: Detected non-HTTP/2 connection.

2026-01-19 09:47:06,065 INFO     ___FILE_ONLY___ [pubsub] Jan 19, 2026 9:47:06 AM io.gapi.emulators.grpc.HttpAdapter$StubMethodHandler handle

2026-01-19 09:47:06,065 INFO     ___FILE_ONLY___ [pubsub] INFO: Forwarding key: Host

2026-01-19 09:47:06,065 INFO     ___FILE_ONLY___ [pubsub] Jan 19, 2026 9:47:06 AM io.gapi.emulators.grpc.HttpAdapter$StubMethodHandler handle

2026-01-19 09:47:06,066 INFO     ___FILE_ONLY___ [pubsub] INFO: Forwarding key: User-Agent

2026-01-19 09:47:06,066 INFO     ___FILE_ONLY___ [pubsub] Jan 19, 2026 9:47:06 AM io.gapi.emulators.grpc.HttpAdapter$StubMethodHandler handle

2026-01-19 09:47:06,066 INFO     ___FILE_ONLY___ [pubsub] INFO: Forwarding key: Accept

2026-01-19 09:47:06,066 INFO     ___FILE_ONLY___ [pubsub] Jan 19, 2026 9:47:06 AM io.gapi.emulators.grpc.HttpAdapter$StubMethodHandler handle

2026-01-19 09:47:06,067 INFO     ___FILE_ONLY___ [pubsub] INFO: Not forwarding key: content-length

2026-01-19 09:47:06,092 INFO     ___FILE_ONLY___ [pubsub] Jan 19, 2026 9:47:06 AM io.gapi.emulators.netty.HttpVersionRoutingHandler channelRead

2026-01-19 09:47:06,092 INFO     ___FILE_ONLY___ [pubsub] INFO: Detected non-HTTP/2 connection.

2026-01-19 09:47:06,093 INFO     ___FILE_ONLY___ [pubsub] Jan 19, 2026 9:47:06 AM io.gapi.emulators.grpc.HttpAdapter$StubMethodHandler handle

2026-01-19 09:47:06,093 INFO     ___FILE_ONLY___ [pubsub] INFO: Forwarding key: Host

2026-01-19 09:47:06,094 INFO     ___FILE_ONLY___ [pubsub] Jan 19, 2026 9:47:06 AM io.gapi.emulators.grpc.HttpAdapter$StubMethodHandler handle

2026-01-19 09:47:06,094 INFO     ___FILE_ONLY___ [pubsub] INFO: Forwarding key: User-Agent

2026-01-19 09:47:06,095 INFO     ___FILE_ONLY___ [pubsub] Jan 19, 2026 9:47:06 AM io.gapi.emulators.grpc.HttpAdapter$StubMethodHandler handle

2026-01-19 09:47:06,095 INFO     ___FILE_ONLY___ [pubsub] INFO: Forwarding key: Accept

2026-01-19 09:47:06,095 INFO     ___FILE_ONLY___ [pubsub] Jan 19, 2026 9:47:06 AM io.gapi.emulators.grpc.HttpAdapter$StubMethodHandler handle

2026-01-19 09:47:06,095 INFO     ___FILE_ONLY___ [pubsub] INFO: Not forwarding key: content-length

2026-01-19 09:47:06,100 INFO     ___FILE_ONLY___ [pubsub] Jan 19, 2026 9:47:06 AM io.gapi.emulators.netty.HttpHandler$1 onError

2026-01-19 09:47:06,100 INFO     ___FILE_ONLY___ [pubsub] INFO: Exception when handling request: NOT_FOUND: Topic not found

2026-01-19 09:47:06,116 INFO     ___FILE_ONLY___ [pubsub] Jan 19, 2026 9:47:06 AM io.gapi.emulators.netty.HttpVersionRoutingHandler channelRead

2026-01-19 09:47:06,116 INFO     ___FILE_ONLY___ [pubsub] INFO: Detected non-HTTP/2 connection.

2026-01-19 09:47:06,117 INFO     ___FILE_ONLY___ [pubsub] Jan 19, 2026 9:47:06 AM io.gapi.emulators.grpc.HttpAdapter$StubMethodHandler handle

2026-01-19 09:47:06,117 INFO     ___FILE_ONLY___ [pubsub] INFO: Forwarding key: Host

2026-01-19 09:47:06,117 INFO     ___FILE_ONLY___ [pubsub] Jan 19, 2026 9:47:06 AM io.gapi.emulators.grpc.HttpAdapter$StubMethodHandler handle

2026-01-19 09:47:06,118 INFO     ___FILE_ONLY___ [pubsub] INFO: Forwarding key: User-Agent

2026-01-19 09:47:06,118 INFO     ___FILE_ONLY___ [pubsub] Jan 19, 2026 9:47:06 AM io.gapi.emulators.grpc.HttpAdapter$StubMethodHandler handle

2026-01-19 09:47:06,118 INFO     ___FILE_ONLY___ [pubsub] INFO: Forwarding key: Accept

2026-01-19 09:47:06,119 INFO     ___FILE_ONLY___ [pubsub] Jan 19, 2026 9:47:06 AM io.gapi.emulators.grpc.HttpAdapter$StubMethodHandler handle

2026-01-19 09:47:06,119 INFO     ___FILE_ONLY___ [pubsub] INFO: Not forwarding key: content-length

2026-01-19 09:47:06,140 INFO     ___FILE_ONLY___ [pubsub] Jan 19, 2026 9:47:06 AM io.gapi.emulators.netty.HttpVersionRoutingHandler channelRead

2026-01-19 09:47:06,140 INFO     ___FILE_ONLY___ [pubsub] INFO: Detected non-HTTP/2 connection.

2026-01-19 09:47:06,141 INFO     ___FILE_ONLY___ [pubsub] Jan 19, 2026 9:47:06 AM io.gapi.emulators.grpc.HttpAdapter$StubMethodHandler handle

2026-01-19 09:47:06,141 INFO     ___FILE_ONLY___ [pubsub] INFO: Forwarding key: Host

2026-01-19 09:47:06,141 INFO     ___FILE_ONLY___ [pubsub] Jan 19, 2026 9:47:06 AM io.gapi.emulators.grpc.HttpAdapter$StubMethodHandler handle

2026-01-19 09:47:06,142 INFO     ___FILE_ONLY___ [pubsub] INFO: Forwarding key: User-Agent

2026-01-19 09:47:06,142 INFO     ___FILE_ONLY___ [pubsub] Jan 19, 2026 9:47:06 AM io.gapi.emulators.grpc.HttpAdapter$StubMethodHandler handle

2026-01-19 09:47:06,142 INFO     ___FILE_ONLY___ [pubsub] INFO: Forwarding key: Accept

2026-01-19 09:47:06,142 INFO     ___FILE_ONLY___ [pubsub] Jan 19, 2026 9:47:06 AM io.gapi.emulators.grpc.HttpAdapter$StubMethodHandler handle

2026-01-19 09:47:06,143 INFO     ___FILE_ONLY___ [pubsub] INFO: Not forwarding key: content-length

2026-01-19 09:47:06,147 INFO     ___FILE_ONLY___ [pubsub] Jan 19, 2026 9:47:06 AM io.gapi.emulators.netty.HttpHandler$1 onError

2026-01-19 09:47:06,147 INFO     ___FILE_ONLY___ [pubsub] INFO: Exception when handling request: NOT_FOUND: Topic not found

2026-01-19 09:47:06,162 INFO     ___FILE_ONLY___ [pubsub] Jan 19, 2026 9:47:06 AM io.gapi.emulators.netty.HttpVersionRoutingHandler channelRead

2026-01-19 09:47:06,163 INFO     ___FILE_ONLY___ [pubsub] INFO: Detected non-HTTP/2 connection.

2026-01-19 09:47:06,164 INFO     ___FILE_ONLY___ [pubsub] Jan 19, 2026 9:47:06 AM io.gapi.emulators.grpc.HttpAdapter$StubMethodHandler handle

2026-01-19 09:47:06,164 INFO     ___FILE_ONLY___ [pubsub] INFO: Forwarding key: Host

2026-01-19 09:47:06,165 INFO     ___FILE_ONLY___ [pubsub] Jan 19, 2026 9:47:06 AM io.gapi.emulators.grpc.HttpAdapter$StubMethodHandler handle

2026-01-19 09:47:06,165 INFO     ___FILE_ONLY___ [pubsub] INFO: Forwarding key: User-Agent

2026-01-19 09:47:06,165 INFO     ___FILE_ONLY___ [pubsub] Jan 19, 2026 9:47:06 AM io.gapi.emulators.grpc.HttpAdapter$StubMethodHandler handle

2026-01-19 09:47:06,165 INFO     ___FILE_ONLY___ [pubsub] INFO: Forwarding key: Accept

2026-01-19 09:47:06,166 INFO     ___FILE_ONLY___ [pubsub] Jan 19, 2026 9:47:06 AM io.gapi.emulators.grpc.HttpAdapter$StubMethodHandler handle

2026-01-19 09:47:06,166 INFO     ___FILE_ONLY___ [pubsub] INFO: Not forwarding key: content-length

2026-01-19 09:47:06,188 INFO     ___FILE_ONLY___ [pubsub] Jan 19, 2026 9:47:06 AM io.gapi.emulators.netty.HttpVersionRoutingHandler channelRead

2026-01-19 09:47:06,188 INFO     ___FILE_ONLY___ [pubsub] INFO: Detected non-HTTP/2 connection.

2026-01-19 09:47:06,191 INFO     ___FILE_ONLY___ [pubsub] Jan 19, 2026 9:47:06 AM io.gapi.emulators.grpc.HttpAdapter$StubMethodHandler handle

2026-01-19 09:47:06,192 INFO     ___FILE_ONLY___ [pubsub] INFO: Forwarding key: Host

2026-01-19 09:47:06,192 INFO     ___FILE_ONLY___ [pubsub] Jan 19, 2026 9:47:06 AM io.gapi.emulators.grpc.HttpAdapter$StubMethodHandler handle

2026-01-19 09:47:06,192 INFO     ___FILE_ONLY___ [pubsub] INFO: Forwarding key: User-Agent

2026-01-19 09:47:06,192 INFO     ___FILE_ONLY___ [pubsub] Jan 19, 2026 9:47:06 AM io.gapi.emulators.grpc.HttpAdapter$StubMethodHandler handle

2026-01-19 09:47:06,193 INFO     ___FILE_ONLY___ [pubsub] INFO: Forwarding key: Accept

2026-01-19 09:47:06,193 INFO     ___FILE_ONLY___ [pubsub] Jan 19, 2026 9:47:06 AM io.gapi.emulators.grpc.HttpAdapter$StubMethodHandler handle

2026-01-19 09:47:06,193 INFO     ___FILE_ONLY___ [pubsub] INFO: Not forwarding key: content-length

2026-01-19 09:47:06,205 INFO     ___FILE_ONLY___ [pubsub] Jan 19, 2026 9:47:06 AM io.gapi.emulators.netty.HttpHandler$1 onError

2026-01-19 09:47:06,206 INFO     ___FILE_ONLY___ [pubsub] INFO: Exception when handling request: NOT_FOUND: Subscription does not exist

2026-01-19 09:47:06,221 INFO     ___FILE_ONLY___ [pubsub] Jan 19, 2026 9:47:06 AM io.gapi.emulators.netty.HttpVersionRoutingHandler channelRead

2026-01-19 09:47:06,222 INFO     ___FILE_ONLY___ [pubsub] INFO: Detected non-HTTP/2 connection.

2026-01-19 09:47:06,239 INFO     ___FILE_ONLY___ [pubsub] Jan 19, 2026 9:47:06 AM io.gapi.emulators.grpc.HttpAdapter$StubMethodHandler handle

2026-01-19 09:47:06,240 INFO     ___FILE_ONLY___ [pubsub] INFO: Forwarding key: Host

2026-01-19 09:47:06,240 INFO     ___FILE_ONLY___ [pubsub] Jan 19, 2026 9:47:06 AM io.gapi.emulators.grpc.HttpAdapter$StubMethodHandler handle

2026-01-19 09:47:06,241 INFO     ___FILE_ONLY___ [pubsub] INFO: Forwarding key: User-Agent

2026-01-19 09:47:06,241 INFO     ___FILE_ONLY___ [pubsub] Jan 19, 2026 9:47:06 AM io.gapi.emulators.grpc.HttpAdapter$StubMethodHandler handle

2026-01-19 09:47:06,241 INFO     ___FILE_ONLY___ [pubsub] INFO: Forwarding key: Accept

2026-01-19 09:47:06,242 INFO     ___FILE_ONLY___ [pubsub] Jan 19, 2026 9:47:06 AM io.gapi.emulators.grpc.HttpAdapter$StubMethodHandler handle

2026-01-19 09:47:06,242 INFO     ___FILE_ONLY___ [pubsub] INFO: Forwarding key: Content-Type

2026-01-19 09:47:06,243 INFO     ___FILE_ONLY___ [pubsub] Jan 19, 2026 9:47:06 AM io.gapi.emulators.grpc.HttpAdapter$StubMethodHandler handle

2026-01-19 09:47:06,243 INFO     ___FILE_ONLY___ [pubsub] INFO: Not forwarding key: Content-Length

2026-01-19 09:47:06,291 INFO     ___FILE_ONLY___ [pubsub] Jan 19, 2026 9:47:06 AM io.gapi.emulators.netty.HttpVersionRoutingHandler channelRead

2026-01-19 09:47:06,291 INFO     ___FILE_ONLY___ [pubsub] INFO: Detected non-HTTP/2 connection.

2026-01-19 09:47:06,292 INFO     ___FILE_ONLY___ [pubsub] Jan 19, 2026 9:47:06 AM io.gapi.emulators.grpc.HttpAdapter$StubMethodHandler handle

2026-01-19 09:47:06,293 INFO     ___FILE_ONLY___ [pubsub] INFO: Forwarding key: Host

2026-01-19 09:47:06,293 INFO     ___FILE_ONLY___ [pubsub] Jan 19, 2026 9:47:06 AM io.gapi.emulators.grpc.HttpAdapter$StubMethodHandler handle

2026-01-19 09:47:06,293 INFO     ___FILE_ONLY___ [pubsub] INFO: Forwarding key: User-Agent

2026-01-19 09:47:06,294 INFO     ___FILE_ONLY___ [pubsub] Jan 19, 2026 9:47:06 AM io.gapi.emulators.grpc.HttpAdapter$StubMethodHandler handle

2026-01-19 09:47:06,294 INFO     ___FILE_ONLY___ [pubsub] INFO: Forwarding key: Accept

2026-01-19 09:47:06,294 INFO     ___FILE_ONLY___ [pubsub] Jan 19, 2026 9:47:06 AM io.gapi.emulators.grpc.HttpAdapter$StubMethodHandler handle

2026-01-19 09:47:06,294 INFO     ___FILE_ONLY___ [pubsub] INFO: Not forwarding key: content-length

2026-01-19 09:47:06,298 INFO     ___FILE_ONLY___ [pubsub] Jan 19, 2026 9:47:06 AM io.gapi.emulators.netty.HttpHandler$1 onError

2026-01-19 09:47:06,298 INFO     ___FILE_ONLY___ [pubsub] INFO: Exception when handling request: NOT_FOUND: Subscription does not exist

2026-01-19 09:47:06,319 INFO     ___FILE_ONLY___ [pubsub] Jan 19, 2026 9:47:06 AM io.gapi.emulators.netty.HttpVersionRoutingHandler channelRead

2026-01-19 09:47:06,319 INFO     ___FILE_ONLY___ [pubsub] INFO: Detected non-HTTP/2 connection.

2026-01-19 09:47:06,321 INFO     ___FILE_ONLY___ [pubsub] Jan 19, 2026 9:47:06 AM io.gapi.emulators.grpc.HttpAdapter$StubMethodHandler handle

2026-01-19 09:47:06,321 INFO     ___FILE_ONLY___ [pubsub] INFO: Forwarding key: Host

2026-01-19 09:47:06,321 INFO     ___FILE_ONLY___ [pubsub] Jan 19, 2026 9:47:06 AM io.gapi.emulators.grpc.HttpAdapter$StubMethodHandler handle

2026-01-19 09:47:06,322 INFO     ___FILE_ONLY___ [pubsub] INFO: Forwarding key: User-Agent

2026-01-19 09:47:06,322 INFO     ___FILE_ONLY___ [pubsub] Jan 19, 2026 9:47:06 AM io.gapi.emulators.grpc.HttpAdapter$StubMethodHandler handle

2026-01-19 09:47:06,322 INFO     ___FILE_ONLY___ [pubsub] INFO: Forwarding key: Accept

2026-01-19 09:47:06,322 INFO     ___FILE_ONLY___ [pubsub] Jan 19, 2026 9:47:06 AM io.gapi.emulators.grpc.HttpAdapter$StubMethodHandler handle

2026-01-19 09:47:06,323 INFO     ___FILE_ONLY___ [pubsub] INFO: Forwarding key: Content-Type

2026-01-19 09:47:06,323 INFO     ___FILE_ONLY___ [pubsub] Jan 19, 2026 9:47:06 AM io.gapi.emulators.grpc.HttpAdapter$StubMethodHandler handle

2026-01-19 09:47:06,323 INFO     ___FILE_ONLY___ [pubsub] INFO: Not forwarding key: Content-Length

2026-01-19 09:47:06,354 INFO     ___FILE_ONLY___ [pubsub] Jan 19, 2026 9:47:06 AM io.gapi.emulators.netty.HttpVersionRoutingHandler channelRead

2026-01-19 09:47:06,355 INFO     ___FILE_ONLY___ [pubsub] INFO: Detected non-HTTP/2 connection.

2026-01-19 09:47:06,355 INFO     ___FILE_ONLY___ [pubsub] Jan 19, 2026 9:47:06 AM io.gapi.emulators.grpc.HttpAdapter$StubMethodHandler handle

2026-01-19 09:47:06,356 INFO     ___FILE_ONLY___ [pubsub] INFO: Forwarding key: Host

2026-01-19 09:47:06,357 INFO     ___FILE_ONLY___ [pubsub] Jan 19, 2026 9:47:06 AM io.gapi.emulators.grpc.HttpAdapter$StubMethodHandler handle

2026-01-19 09:47:06,357 INFO     ___FILE_ONLY___ [pubsub] INFO: Forwarding key: User-Agent

2026-01-19 09:47:06,357 INFO     ___FILE_ONLY___ [pubsub] Jan 19, 2026 9:47:06 AM io.gapi.emulators.grpc.HttpAdapter$StubMethodHandler handle

2026-01-19 09:47:06,358 INFO     ___FILE_ONLY___ [pubsub] INFO: Forwarding key: Accept

2026-01-19 09:47:06,358 INFO     ___FILE_ONLY___ [pubsub] Jan 19, 2026 9:47:06 AM io.gapi.emulators.grpc.HttpAdapter$StubMethodHandler handle

2026-01-19 09:47:06,358 INFO     ___FILE_ONLY___ [pubsub] INFO: Not forwarding key: content-length

2026-01-19 09:47:06,361 INFO     ___FILE_ONLY___ [pubsub] Jan 19, 2026 9:47:06 AM io.gapi.emulators.netty.HttpHandler$1 onError

2026-01-19 09:47:06,361 INFO     ___FILE_ONLY___ [pubsub] INFO: Exception when handling request: NOT_FOUND: Subscription does not exist

2026-01-19 09:47:06,376 INFO     ___FILE_ONLY___ [pubsub] Jan 19, 2026 9:47:06 AM io.gapi.emulators.netty.HttpVersionRoutingHandler channelRead

2026-01-19 09:47:06,376 INFO     ___FILE_ONLY___ [pubsub] INFO: Detected non-HTTP/2 connection.

2026-01-19 09:47:06,377 INFO     ___FILE_ONLY___ [pubsub] Jan 19, 2026 9:47:06 AM io.gapi.emulators.grpc.HttpAdapter$StubMethodHandler handle

2026-01-19 09:47:06,378 INFO     ___FILE_ONLY___ [pubsub] INFO: Forwarding key: Host

2026-01-19 09:47:06,378 INFO     ___FILE_ONLY___ [pubsub] Jan 19, 2026 9:47:06 AM io.gapi.emulators.grpc.HttpAdapter$StubMethodHandler handle

2026-01-19 09:47:06,378 INFO     ___FILE_ONLY___ [pubsub] INFO: Forwarding key: User-Agent

2026-01-19 09:47:06,378 INFO     ___FILE_ONLY___ [pubsub] Jan 19, 2026 9:47:06 AM io.gapi.emulators.grpc.HttpAdapter$StubMethodHandler handle

2026-01-19 09:47:06,379 INFO     ___FILE_ONLY___ [pubsub] INFO: Forwarding key: Accept

2026-01-19 09:47:06,379 INFO     ___FILE_ONLY___ [pubsub] Jan 19, 2026 9:47:06 AM io.gapi.emulators.grpc.HttpAdapter$StubMethodHandler handle

2026-01-19 09:47:06,380 INFO     ___FILE_ONLY___ [pubsub] INFO: Forwarding key: Content-Type

2026-01-19 09:47:06,380 INFO     ___FILE_ONLY___ [pubsub] Jan 19, 2026 9:47:06 AM io.gapi.emulators.grpc.HttpAdapter$StubMethodHandler handle

2026-01-19 09:47:06,380 INFO     ___FILE_ONLY___ [pubsub] INFO: Not forwarding key: Content-Length

2026-01-19 09:47:06,399 INFO     ___FILE_ONLY___ [pubsub] Jan 19, 2026 9:47:06 AM io.gapi.emulators.netty.HttpVersionRoutingHandler channelRead

2026-01-19 09:47:06,399 INFO     ___FILE_ONLY___ [pubsub] INFO: Detected non-HTTP/2 connection.

2026-01-19 09:47:06,400 INFO     ___FILE_ONLY___ [pubsub] Jan 19, 2026 9:47:06 AM io.gapi.emulators.grpc.HttpAdapter$StubMethodHandler handle

2026-01-19 09:47:06,401 INFO     ___FILE_ONLY___ [pubsub] INFO: Forwarding key: Host

2026-01-19 09:47:06,401 INFO     ___FILE_ONLY___ [pubsub] Jan 19, 2026 9:47:06 AM io.gapi.emulators.grpc.HttpAdapter$StubMethodHandler handle

2026-01-19 09:47:06,401 INFO     ___FILE_ONLY___ [pubsub] INFO: Forwarding key: User-Agent

2026-01-19 09:47:06,401 INFO     ___FILE_ONLY___ [pubsub] Jan 19, 2026 9:47:06 AM io.gapi.emulators.grpc.HttpAdapter$StubMethodHandler handle

2026-01-19 09:47:06,402 INFO     ___FILE_ONLY___ [pubsub] INFO: Forwarding key: Accept

2026-01-19 09:47:06,402 INFO     ___FILE_ONLY___ [pubsub] Jan 19, 2026 9:47:06 AM io.gapi.emulators.grpc.HttpAdapter$StubMethodHandler handle

2026-01-19 09:47:06,402 INFO     ___FILE_ONLY___ [pubsub] INFO: Not forwarding key: content-length

2026-01-19 09:47:06,406 INFO     ___FILE_ONLY___ [pubsub] Jan 19, 2026 9:47:06 AM io.gapi.emulators.netty.HttpHandler$1 onError

2026-01-19 09:47:06,406 INFO     ___FILE_ONLY___ [pubsub] INFO: Exception when handling request: NOT_FOUND: Subscription does not exist

2026-01-19 09:47:06,423 INFO     ___FILE_ONLY___ [pubsub] Jan 19, 2026 9:47:06 AM io.gapi.emulators.netty.HttpVersionRoutingHandler channelRead

2026-01-19 09:47:06,425 INFO     ___FILE_ONLY___ [pubsub] INFO: Detected non-HTTP/2 connection.

2026-01-19 09:47:06,425 INFO     ___FILE_ONLY___ [pubsub] Jan 19, 2026 9:47:06 AM io.gapi.emulators.grpc.HttpAdapter$StubMethodHandler handle

2026-01-19 09:47:06,426 INFO     ___FILE_ONLY___ [pubsub] INFO: Forwarding key: Host

2026-01-19 09:47:06,426 INFO     ___FILE_ONLY___ [pubsub] Jan 19, 2026 9:47:06 AM io.gapi.emulators.grpc.HttpAdapter$StubMethodHandler handle

2026-01-19 09:47:06,426 INFO     ___FILE_ONLY___ [pubsub] INFO: Forwarding key: User-Agent

2026-01-19 09:47:06,427 INFO     ___FILE_ONLY___ [pubsub] Jan 19, 2026 9:47:06 AM io.gapi.emulators.grpc.HttpAdapter$StubMethodHandler handle

2026-01-19 09:47:06,427 INFO     ___FILE_ONLY___ [pubsub] INFO: Forwarding key: Accept

2026-01-19 09:47:06,427 INFO     ___FILE_ONLY___ [pubsub] Jan 19, 2026 9:47:06 AM io.gapi.emulators.grpc.HttpAdapter$StubMethodHandler handle

2026-01-19 09:47:06,427 INFO     ___FILE_ONLY___ [pubsub] INFO: Forwarding key: Content-Type

2026-01-19 09:47:06,428 INFO     ___FILE_ONLY___ [pubsub] Jan 19, 2026 9:47:06 AM io.gapi.emulators.grpc.HttpAdapter$StubMethodHandler handle

2026-01-19 09:47:06,428 INFO     ___FILE_ONLY___ [pubsub] INFO: Not forwarding key: Content-Length

2026-01-19 09:47:06,452 INFO     ___FILE_ONLY___ [pubsub] Jan 19, 2026 9:47:06 AM io.gapi.emulators.netty.HttpVersionRoutingHandler channelRead

2026-01-19 09:47:06,454 INFO     ___FILE_ONLY___ [pubsub] INFO: Detected non-HTTP/2 connection.

2026-01-19 09:47:06,455 INFO     ___FILE_ONLY___ [pubsub] Jan 19, 2026 9:47:06 AM io.gapi.emulators.grpc.HttpAdapter$StubMethodHandler handle

2026-01-19 09:47:06,455 INFO     ___FILE_ONLY___ [pubsub] INFO: Forwarding key: Host

2026-01-19 09:47:06,455 INFO     ___FILE_ONLY___ [pubsub] Jan 19, 2026 9:47:06 AM io.gapi.emulators.grpc.HttpAdapter$StubMethodHandler handle

2026-01-19 09:47:06,455 INFO     ___FILE_ONLY___ [pubsub] INFO: Forwarding key: User-Agent

2026-01-19 09:47:06,456 INFO     ___FILE_ONLY___ [pubsub] Jan 19, 2026 9:47:06 AM io.gapi.emulators.grpc.HttpAdapter$StubMethodHandler handle

2026-01-19 09:47:06,456 INFO     ___FILE_ONLY___ [pubsub] INFO: Forwarding key: Accept

2026-01-19 09:47:06,456 INFO     ___FILE_ONLY___ [pubsub] Jan 19, 2026 9:47:06 AM io.gapi.emulators.grpc.HttpAdapter$StubMethodHandler handle

2026-01-19 09:47:06,457 INFO     ___FILE_ONLY___ [pubsub] INFO: Not forwarding key: content-length

2026-01-19 09:47:06,460 INFO     ___FILE_ONLY___ [pubsub] Jan 19, 2026 9:47:06 AM io.gapi.emulators.netty.HttpHandler$1 onError

2026-01-19 09:47:06,460 INFO     ___FILE_ONLY___ [pubsub] INFO: Exception when handling request: NOT_FOUND: Subscription does not exist

2026-01-19 09:47:06,476 INFO     ___FILE_ONLY___ [pubsub] Jan 19, 2026 9:47:06 AM io.gapi.emulators.netty.HttpVersionRoutingHandler channelRead

2026-01-19 09:47:06,477 INFO     ___FILE_ONLY___ [pubsub] INFO: Detected non-HTTP/2 connection.

2026-01-19 09:47:06,478 INFO     ___FILE_ONLY___ [pubsub] Jan 19, 2026 9:47:06 AM io.gapi.emulators.grpc.HttpAdapter$StubMethodHandler handle

2026-01-19 09:47:06,478 INFO     ___FILE_ONLY___ [pubsub] INFO: Forwarding key: Host

2026-01-19 09:47:06,478 INFO     ___FILE_ONLY___ [pubsub] Jan 19, 2026 9:47:06 AM io.gapi.emulators.grpc.HttpAdapter$StubMethodHandler handle

2026-01-19 09:47:06,478 INFO     ___FILE_ONLY___ [pubsub] INFO: Forwarding key: User-Agent

2026-01-19 09:47:06,478 INFO     ___FILE_ONLY___ [pubsub] Jan 19, 2026 9:47:06 AM io.gapi.emulators.grpc.HttpAdapter$StubMethodHandler handle

2026-01-19 09:47:06,479 INFO     ___FILE_ONLY___ [pubsub] INFO: Forwarding key: Accept

2026-01-19 09:47:06,479 INFO     ___FILE_ONLY___ [pubsub] Jan 19, 2026 9:47:06 AM io.gapi.emulators.grpc.HttpAdapter$StubMethodHandler handle

2026-01-19 09:47:06,479 INFO     ___FILE_ONLY___ [pubsub] INFO: Forwarding key: Content-Type

2026-01-19 09:47:06,479 INFO     ___FILE_ONLY___ [pubsub] Jan 19, 2026 9:47:06 AM io.gapi.emulators.grpc.HttpAdapter$StubMethodHandler handle

2026-01-19 09:47:06,480 INFO     ___FILE_ONLY___ [pubsub] INFO: Not forwarding key: Content-Length

2026-01-19 09:47:06,510 INFO     ___FILE_ONLY___ [pubsub] Jan 19, 2026 9:47:06 AM io.gapi.emulators.netty.HttpVersionRoutingHandler channelRead

2026-01-19 09:47:06,511 INFO     ___FILE_ONLY___ [pubsub] INFO: Detected non-HTTP/2 connection.

2026-01-19 09:47:06,512 INFO     ___FILE_ONLY___ [pubsub] Jan 19, 2026 9:47:06 AM io.gapi.emulators.grpc.HttpAdapter$StubMethodHandler handle

2026-01-19 09:47:06,512 INFO     ___FILE_ONLY___ [pubsub] INFO: Forwarding key: Host

2026-01-19 09:47:06,513 INFO     ___FILE_ONLY___ [pubsub] Jan 19, 2026 9:47:06 AM io.gapi.emulators.grpc.HttpAdapter$StubMethodHandler handle

2026-01-19 09:47:06,513 INFO     ___FILE_ONLY___ [pubsub] INFO: Forwarding key: User-Agent

2026-01-19 09:47:06,513 INFO     ___FILE_ONLY___ [pubsub] Jan 19, 2026 9:47:06 AM io.gapi.emulators.grpc.HttpAdapter$StubMethodHandler handle

2026-01-19 09:47:06,513 INFO     ___FILE_ONLY___ [pubsub] INFO: Forwarding key: Accept

2026-01-19 09:47:06,514 INFO     ___FILE_ONLY___ [pubsub] Jan 19, 2026 9:47:06 AM io.gapi.emulators.grpc.HttpAdapter$StubMethodHandler handle

2026-01-19 09:47:06,515 INFO     ___FILE_ONLY___ [pubsub] INFO: Not forwarding key: content-length

2026-01-19 09:47:06,521 INFO     ___FILE_ONLY___ [pubsub] Jan 19, 2026 9:47:06 AM io.gapi.emulators.netty.HttpHandler$1 onError

2026-01-19 09:47:06,522 INFO     ___FILE_ONLY___ [pubsub] INFO: Exception when handling request: NOT_FOUND: Subscription does not exist

2026-01-19 09:47:06,537 INFO     ___FILE_ONLY___ [pubsub] Jan 19, 2026 9:47:06 AM io.gapi.emulators.netty.HttpVersionRoutingHandler channelRead

2026-01-19 09:47:06,538 INFO     ___FILE_ONLY___ [pubsub] INFO: Detected non-HTTP/2 connection.

2026-01-19 09:47:06,539 INFO     ___FILE_ONLY___ [pubsub] Jan 19, 2026 9:47:06 AM io.gapi.emulators.grpc.HttpAdapter$StubMethodHandler handle

2026-01-19 09:47:06,539 INFO     ___FILE_ONLY___ [pubsub] INFO: Forwarding key: Host

2026-01-19 09:47:06,539 INFO     ___FILE_ONLY___ [pubsub] Jan 19, 2026 9:47:06 AM io.gapi.emulators.grpc.HttpAdapter$StubMethodHandler handle

2026-01-19 09:47:06,541 INFO     ___FILE_ONLY___ [pubsub] INFO: Forwarding key: User-Agent

2026-01-19 09:47:06,541 INFO     ___FILE_ONLY___ [pubsub] Jan 19, 2026 9:47:06 AM io.gapi.emulators.grpc.HttpAdapter$StubMethodHandler handle

2026-01-19 09:47:06,541 INFO     ___FILE_ONLY___ [pubsub] INFO: Forwarding key: Accept

2026-01-19 09:47:06,542 INFO     ___FILE_ONLY___ [pubsub] Jan 19, 2026 9:47:06 AM io.gapi.emulators.grpc.HttpAdapter$StubMethodHandler handle

2026-01-19 09:47:06,542 INFO     ___FILE_ONLY___ [pubsub] INFO: Forwarding key: Content-Type

2026-01-19 09:47:06,542 INFO     ___FILE_ONLY___ [pubsub] Jan 19, 2026 9:47:06 AM io.gapi.emulators.grpc.HttpAdapter$StubMethodHandler handle

2026-01-19 09:47:06,543 INFO     ___FILE_ONLY___ [pubsub] INFO: Not forwarding key: Content-Length

2026-01-19 09:47:06,609 INFO     ___FILE_ONLY___ [pubsub] Jan 19, 2026 9:47:06 AM io.gapi.emulators.netty.HttpVersionRoutingHandler channelRead

2026-01-19 09:47:06,609 INFO     ___FILE_ONLY___ [pubsub] INFO: Detected non-HTTP/2 connection.

2026-01-19 09:47:06,615 INFO     ___FILE_ONLY___ [pubsub] Jan 19, 2026 9:47:06 AM io.gapi.emulators.grpc.HttpAdapter$StubMethodHandler handle

2026-01-19 09:47:06,615 INFO     ___FILE_ONLY___ [pubsub] INFO: Forwarding key: Host

2026-01-19 09:47:06,616 INFO     ___FILE_ONLY___ [pubsub] Jan 19, 2026 9:47:06 AM io.gapi.emulators.grpc.HttpAdapter$StubMethodHandler handle

2026-01-19 09:47:06,616 INFO     ___FILE_ONLY___ [pubsub] INFO: Forwarding key: User-Agent

2026-01-19 09:47:06,616 INFO     ___FILE_ONLY___ [pubsub] Jan 19, 2026 9:47:06 AM io.gapi.emulators.grpc.HttpAdapter$StubMethodHandler handle

2026-01-19 09:47:06,617 INFO     ___FILE_ONLY___ [pubsub] INFO: Forwarding key: Accept

2026-01-19 09:47:06,617 INFO     ___FILE_ONLY___ [pubsub] Jan 19, 2026 9:47:06 AM io.gapi.emulators.grpc.HttpAdapter$StubMethodHandler handle

2026-01-19 09:47:06,617 INFO     ___FILE_ONLY___ [pubsub] INFO: Not forwarding key: content-length

2026-01-19 09:47:06,622 INFO     ___FILE_ONLY___ [pubsub] Jan 19, 2026 9:47:06 AM io.gapi.emulators.netty.HttpHandler$1 onError

2026-01-19 09:47:06,623 INFO     ___FILE_ONLY___ [pubsub] INFO: Exception when handling request: NOT_FOUND: Subscription does not exist

2026-01-19 09:47:06,640 INFO     ___FILE_ONLY___ [pubsub] Jan 19, 2026 9:47:06 AM io.gapi.emulators.netty.HttpVersionRoutingHandler channelRead

2026-01-19 09:47:06,640 INFO     ___FILE_ONLY___ [pubsub] INFO: Detected non-HTTP/2 connection.

2026-01-19 09:47:06,641 INFO     ___FILE_ONLY___ [pubsub] Jan 19, 2026 9:47:06 AM io.gapi.emulators.grpc.HttpAdapter$StubMethodHandler handle

2026-01-19 09:47:06,642 INFO     ___FILE_ONLY___ [pubsub] INFO: Forwarding key: Host

2026-01-19 09:47:06,642 INFO     ___FILE_ONLY___ [pubsub] Jan 19, 2026 9:47:06 AM io.gapi.emulators.grpc.HttpAdapter$StubMethodHandler handle

2026-01-19 09:47:06,642 INFO     ___FILE_ONLY___ [pubsub] INFO: Forwarding key: User-Agent

2026-01-19 09:47:06,643 INFO     ___FILE_ONLY___ [pubsub] Jan 19, 2026 9:47:06 AM io.gapi.emulators.grpc.HttpAdapter$StubMethodHandler handle

2026-01-19 09:47:06,643 INFO     ___FILE_ONLY___ [pubsub] INFO: Forwarding key: Accept

2026-01-19 09:47:06,644 INFO     ___FILE_ONLY___ [pubsub] Jan 19, 2026 9:47:06 AM io.gapi.emulators.grpc.HttpAdapter$StubMethodHandler handle

2026-01-19 09:47:06,644 INFO     ___FILE_ONLY___ [pubsub] INFO: Forwarding key: Content-Type

2026-01-19 09:47:06,644 INFO     ___FILE_ONLY___ [pubsub] Jan 19, 2026 9:47:06 AM io.gapi.emulators.grpc.HttpAdapter$StubMethodHandler handle

2026-01-19 09:47:06,644 INFO     ___FILE_ONLY___ [pubsub] INFO: Not forwarding key: Content-Length

2026-01-19 09:47:06,665 INFO     ___FILE_ONLY___ [pubsub] Jan 19, 2026 9:47:06 AM io.gapi.emulators.netty.HttpVersionRoutingHandler channelRead

2026-01-19 09:47:06,667 INFO     ___FILE_ONLY___ [pubsub] INFO: Detected non-HTTP/2 connection.

2026-01-19 09:47:06,668 INFO     ___FILE_ONLY___ [pubsub] Jan 19, 2026 9:47:06 AM io.gapi.emulators.grpc.HttpAdapter$StubMethodHandler handle

2026-01-19 09:47:06,668 INFO     ___FILE_ONLY___ [pubsub] INFO: Forwarding key: Host

2026-01-19 09:47:06,668 INFO     ___FILE_ONLY___ [pubsub] Jan 19, 2026 9:47:06 AM io.gapi.emulators.grpc.HttpAdapter$StubMethodHandler handle

2026-01-19 09:47:06,668 INFO     ___FILE_ONLY___ [pubsub] INFO: Forwarding key: User-Agent

2026-01-19 09:47:06,669 INFO     ___FILE_ONLY___ [pubsub] Jan 19, 2026 9:47:06 AM io.gapi.emulators.grpc.HttpAdapter$StubMethodHandler handle

2026-01-19 09:47:06,669 INFO     ___FILE_ONLY___ [pubsub] INFO: Forwarding key: Accept

2026-01-19 09:47:06,669 INFO     ___FILE_ONLY___ [pubsub] Jan 19, 2026 9:47:06 AM io.gapi.emulators.grpc.HttpAdapter$StubMethodHandler handle

2026-01-19 09:47:06,670 INFO     ___FILE_ONLY___ [pubsub] INFO: Not forwarding key: content-length

2026-01-19 09:47:06,673 INFO     ___FILE_ONLY___ [pubsub] Jan 19, 2026 9:47:06 AM io.gapi.emulators.netty.HttpHandler$1 onError

2026-01-19 09:47:06,674 INFO     ___FILE_ONLY___ [pubsub] INFO: Exception when handling request: NOT_FOUND: Subscription does not exist

2026-01-19 09:47:06,691 INFO     ___FILE_ONLY___ [pubsub] Jan 19, 2026 9:47:06 AM io.gapi.emulators.netty.HttpVersionRoutingHandler channelRead

2026-01-19 09:47:06,693 INFO     ___FILE_ONLY___ [pubsub] INFO: Detected non-HTTP/2 connection.

2026-01-19 09:47:06,694 INFO     ___FILE_ONLY___ [pubsub] Jan 19, 2026 9:47:06 AM io.gapi.emulators.grpc.HttpAdapter$StubMethodHandler handle

2026-01-19 09:47:06,694 INFO     ___FILE_ONLY___ [pubsub] INFO: Forwarding key: Host

2026-01-19 09:47:06,694 INFO     ___FILE_ONLY___ [pubsub] Jan 19, 2026 9:47:06 AM io.gapi.emulators.grpc.HttpAdapter$StubMethodHandler handle

2026-01-19 09:47:06,694 INFO     ___FILE_ONLY___ [pubsub] INFO: Forwarding key: User-Agent

2026-01-19 09:47:06,695 INFO     ___FILE_ONLY___ [pubsub] Jan 19, 2026 9:47:06 AM io.gapi.emulators.grpc.HttpAdapter$StubMethodHandler handle

2026-01-19 09:47:06,695 INFO     ___FILE_ONLY___ [pubsub] INFO: Forwarding key: Accept

2026-01-19 09:47:06,695 INFO     ___FILE_ONLY___ [pubsub] Jan 19, 2026 9:47:06 AM io.gapi.emulators.grpc.HttpAdapter$StubMethodHandler handle

2026-01-19 09:47:06,695 INFO     ___FILE_ONLY___ [pubsub] INFO: Forwarding key: Content-Type

2026-01-19 09:47:06,696 INFO     ___FILE_ONLY___ [pubsub] Jan 19, 2026 9:47:06 AM io.gapi.emulators.grpc.HttpAdapter$StubMethodHandler handle

2026-01-19 09:47:06,696 INFO     ___FILE_ONLY___ [pubsub] INFO: Not forwarding key: Content-Length

2026-01-19 09:47:06,714 INFO     ___FILE_ONLY___ [pubsub] Jan 19, 2026 9:47:06 AM io.gapi.emulators.netty.HttpVersionRoutingHandler channelRead

2026-01-19 09:47:06,714 INFO     ___FILE_ONLY___ [pubsub] INFO: Detected non-HTTP/2 connection.

2026-01-19 09:47:06,715 INFO     ___FILE_ONLY___ [pubsub] Jan 19, 2026 9:47:06 AM io.gapi.emulators.grpc.HttpAdapter$StubMethodHandler handle

2026-01-19 09:47:06,716 INFO     ___FILE_ONLY___ [pubsub] INFO: Forwarding key: Host

2026-01-19 09:47:06,716 INFO     ___FILE_ONLY___ [pubsub] Jan 19, 2026 9:47:06 AM io.gapi.emulators.grpc.HttpAdapter$StubMethodHandler handle

2026-01-19 09:47:06,716 INFO     ___FILE_ONLY___ [pubsub] INFO: Forwarding key: User-Agent

2026-01-19 09:47:06,716 INFO     ___FILE_ONLY___ [pubsub] Jan 19, 2026 9:47:06 AM io.gapi.emulators.grpc.HttpAdapter$StubMethodHandler handle

2026-01-19 09:47:06,717 INFO     ___FILE_ONLY___ [pubsub] INFO: Forwarding key: Accept

2026-01-19 09:47:06,717 INFO     ___FILE_ONLY___ [pubsub] Jan 19, 2026 9:47:06 AM io.gapi.emulators.grpc.HttpAdapter$StubMethodHandler handle

2026-01-19 09:47:06,718 INFO     ___FILE_ONLY___ [pubsub] INFO: Not forwarding key: content-length

2026-01-19 09:47:06,723 INFO     ___FILE_ONLY___ [pubsub] Jan 19, 2026 9:47:06 AM io.gapi.emulators.netty.HttpHandler$1 onError

2026-01-19 09:47:06,723 INFO     ___FILE_ONLY___ [pubsub] INFO: Exception when handling request: NOT_FOUND: Subscription does not exist

2026-01-19 09:47:06,741 INFO     ___FILE_ONLY___ [pubsub] Jan 19, 2026 9:47:06 AM io.gapi.emulators.netty.HttpVersionRoutingHandler channelRead

2026-01-19 09:47:06,742 INFO     ___FILE_ONLY___ [pubsub] INFO: Detected non-HTTP/2 connection.

2026-01-19 09:47:06,742 INFO     ___FILE_ONLY___ [pubsub] Jan 19, 2026 9:47:06 AM io.gapi.emulators.grpc.HttpAdapter$StubMethodHandler handle

2026-01-19 09:47:06,743 INFO     ___FILE_ONLY___ [pubsub] INFO: Forwarding key: Host

2026-01-19 09:47:06,743 INFO     ___FILE_ONLY___ [pubsub] Jan 19, 2026 9:47:06 AM io.gapi.emulators.grpc.HttpAdapter$StubMethodHandler handle

2026-01-19 09:47:06,743 INFO     ___FILE_ONLY___ [pubsub] INFO: Forwarding key: User-Agent

2026-01-19 09:47:06,743 INFO     ___FILE_ONLY___ [pubsub] Jan 19, 2026 9:47:06 AM io.gapi.emulators.grpc.HttpAdapter$StubMethodHandler handle

2026-01-19 09:47:06,744 INFO     ___FILE_ONLY___ [pubsub] INFO: Forwarding key: Accept

2026-01-19 09:47:06,744 INFO     ___FILE_ONLY___ [pubsub] Jan 19, 2026 9:47:06 AM io.gapi.emulators.grpc.HttpAdapter$StubMethodHandler handle

2026-01-19 09:47:06,744 INFO     ___FILE_ONLY___ [pubsub] INFO: Forwarding key: Content-Type

2026-01-19 09:47:06,744 INFO     ___FILE_ONLY___ [pubsub] Jan 19, 2026 9:47:06 AM io.gapi.emulators.grpc.HttpAdapter$StubMethodHandler handle

2026-01-19 09:47:06,745 INFO     ___FILE_ONLY___ [pubsub] INFO: Not forwarding key: Content-Length

2026-01-19 09:47:33,743 INFO     ___FILE_ONLY___ [pubsub] Jan 19, 2026 9:47:33 AM io.gapi.emulators.netty.HttpVersionRoutingHandler channelRead

2026-01-19 09:47:33,743 INFO     ___FILE_ONLY___ [pubsub] INFO: Detected HTTP/2 connection.

2026-01-19 09:47:33,744 INFO     ___FILE_ONLY___ [pubsub] Jan 19, 2026 9:47:33 AM io.gapi.emulators.netty.HttpVersionRoutingHandler channelRead

2026-01-19 09:47:33,744 INFO     ___FILE_ONLY___ [pubsub] INFO: Detected HTTP/2 connection.

2026-01-19 09:47:35,375 INFO     ___FILE_ONLY___ [pubsub] Jan 19, 2026 9:47:35 AM io.gapi.emulators.netty.HttpVersionRoutingHandler channelRead

2026-01-19 09:47:35,375 INFO     ___FILE_ONLY___ [pubsub] INFO: Detected HTTP/2 connection.

2026-01-19 09:47:35,375 INFO     ___FILE_ONLY___ [pubsub] Jan 19, 2026 9:47:35 AM io.gapi.emulators.netty.HttpVersionRoutingHandler channelRead

2026-01-19 09:47:35,376 INFO     ___FILE_ONLY___ [pubsub] INFO: Detected HTTP/2 connection.

