2026-01-19 10:09:39,743 DEBUG    root            Loaded Command Group: ['gcloud', 'beta', 'emulators']
2026-01-19 10:09:39,861 DEBUG    root            Loaded Command Group: ['gcloud', 'beta', 'emulators', 'pubsub']
2026-01-19 10:09:39,863 DEBUG    root            Loaded Command Group: ['gcloud', 'beta', 'emulators', 'pubsub', 'start']
2026-01-19 10:09:40,073 DEBUG    root            On GCE from disk cache: False
2026-01-19 10:09:40,075 DEBUG    root            Running [gcloud.beta.emulators.pubsub.start] with arguments: [--host-port: "<googlecloudsdk.calliope.arg_parsers.HostPort object at 0x7ffffc7b4830>"]
2026-01-19 10:09:40,076 DEBUG    root            Found Cloud SDK root: /google-cloud-sdk
2026-01-19 10:09:40,076 INFO     ___FILE_ONLY___ Executing: /google-cloud-sdk/platform/pubsub-emulator/bin/cloud-pubsub-emulator --host=0.0.0.0 --port=8085

2026-01-19 10:09:40,080 DEBUG    root            Chosen display Format:yaml
2026-01-19 10:09:40,681 INFO     ___FILE_ONLY___ [pubsub] This is the Google Pub/Sub fake.

2026-01-19 10:09:40,682 INFO     ___FILE_ONLY___ [pubsub] Implementation may be incomplete or differ from the real system.

2026-01-19 10:09:40,819 INFO     ___FILE_ONLY___ [pubsub] Jan 19, 2026 10:09:40 AM com.google.cloud.pubsub.testing.v1.Main main

2026-01-19 10:09:40,820 INFO     ___FILE_ONLY___ [pubsub] INFO: IAM integration is disabled. IAM policy methods and ACL checks are not supported

2026-01-19 10:09:41,022 INFO     ___FILE_ONLY___ [pubsub] SLF4J(W): No SLF4J providers were found.

2026-01-19 10:09:41,022 INFO     ___FILE_ONLY___ [pubsub] SLF4J(W): Defaulting to no-operation (NOP) logger implementation

2026-01-19 10:09:41,023 INFO     ___FILE_ONLY___ [pubsub] SLF4J(W): See https://www.slf4j.org/codes.html#noProviders for further details.

2026-01-19 10:09:41,484 INFO     ___FILE_ONLY___ [pubsub] Jan 19, 2026 10:09:41 AM com.google.cloud.pubsub.testing.v1.Main main

2026-01-19 10:09:41,485 INFO     ___FILE_ONLY___ [pubsub] INFO: Server started, listening on 8085

2026-01-19 10:09:41,679 INFO     ___FILE_ONLY___ [pubsub] Jan 19, 2026 10:09:41 AM io.gapi.emulators.netty.HttpVersionRoutingHandler channelRead

2026-01-19 10:09:41,680 INFO     ___FILE_ONLY___ [pubsub] INFO: Detected HTTP/2 connection.

2026-01-19 10:09:41,680 INFO     ___FILE_ONLY___ [pubsub] Jan 19, 2026 10:09:41 AM io.gapi.emulators.netty.HttpVersionRoutingHandler channelRead

2026-01-19 10:09:41,681 INFO     ___FILE_ONLY___ [pubsub] INFO: Detected HTTP/2 connection.

2026-01-19 10:09:41,850 INFO     ___FILE_ONLY___ [pubsub] Jan 19, 2026 10:09:41 AM io.gapi.emulators.netty.HttpVersionRoutingHandler channelRead

2026-01-19 10:09:41,851 INFO     ___FILE_ONLY___ [pubsub] INFO: Detected HTTP/2 connection.

2026-01-19 10:09:41,902 INFO     ___FILE_ONLY___ [pubsub] Jan 19, 2026 10:09:41 AM io.gapi.emulators.netty.HttpVersionRoutingHandler channelRead

2026-01-19 10:09:41,903 INFO     ___FILE_ONLY___ [pubsub] INFO: Detected HTTP/2 connection.

2026-01-19 10:09:42,136 INFO     ___FILE_ONLY___ [pubsub] Jan 19, 2026 10:09:42 AM io.gapi.emulators.netty.HttpVersionRoutingHandler channelRead

2026-01-19 10:09:42,137 INFO     ___FILE_ONLY___ [pubsub] INFO: Detected HTTP/2 connection.

2026-01-19 10:09:42,199 INFO     ___FILE_ONLY___ [pubsub] Jan 19, 2026 10:09:42 AM io.gapi.emulators.netty.HttpVersionRoutingHandler channelRead

2026-01-19 10:09:42,199 INFO     ___FILE_ONLY___ [pubsub] INFO: Detected HTTP/2 connection.

2026-01-19 10:09:42,579 INFO     ___FILE_ONLY___ [pubsub] Jan 19, 2026 10:09:42 AM io.gapi.emulators.netty.HttpVersionRoutingHandler channelRead

2026-01-19 10:09:42,581 INFO     ___FILE_ONLY___ [pubsub] INFO: Detected HTTP/2 connection.

2026-01-19 10:09:43,135 INFO     ___FILE_ONLY___ [pubsub] Jan 19, 2026 10:09:43 AM io.gapi.emulators.netty.HttpVersionRoutingHandler channelRead

2026-01-19 10:09:43,135 INFO     ___FILE_ONLY___ [pubsub] INFO: Detected HTTP/2 connection.

2026-01-19 10:12:40,166 INFO     ___FILE_ONLY___ [pubsub] Jan 19, 2026 10:12:40 AM io.gapi.emulators.netty.HttpVersionRoutingHandler channelRead

2026-01-19 10:12:40,167 INFO     ___FILE_ONLY___ [pubsub] INFO: Detected non-HTTP/2 connection.

2026-01-19 10:12:40,209 INFO     ___FILE_ONLY___ [pubsub] Jan 19, 2026 10:12:40 AM io.gapi.emulators.grpc.HttpAdapter$StubMethodHandler handle

2026-01-19 10:12:40,209 INFO     ___FILE_ONLY___ [pubsub] INFO: Forwarding key: Host

2026-01-19 10:12:40,211 INFO     ___FILE_ONLY___ [pubsub] Jan 19, 2026 10:12:40 AM io.gapi.emulators.grpc.HttpAdapter$StubMethodHandler handle

2026-01-19 10:12:40,212 INFO     ___FILE_ONLY___ [pubsub] INFO: Forwarding key: User-Agent

2026-01-19 10:12:40,212 INFO     ___FILE_ONLY___ [pubsub] Jan 19, 2026 10:12:40 AM io.gapi.emulators.grpc.HttpAdapter$StubMethodHandler handle

2026-01-19 10:12:40,212 INFO     ___FILE_ONLY___ [pubsub] INFO: Forwarding key: Accept

2026-01-19 10:12:40,212 INFO     ___FILE_ONLY___ [pubsub] Jan 19, 2026 10:12:40 AM io.gapi.emulators.grpc.HttpAdapter$StubMethodHandler handle

2026-01-19 10:12:40,213 INFO     ___FILE_ONLY___ [pubsub] INFO: Not forwarding key: content-length

2026-01-19 10:12:40,328 INFO     ___FILE_ONLY___ [pubsub] Jan 19, 2026 10:12:40 AM io.gapi.emulators.netty.HttpVersionRoutingHandler channelRead

2026-01-19 10:12:40,329 INFO     ___FILE_ONLY___ [pubsub] INFO: Detected HTTP/2 connection.

2026-01-19 10:12:40,361 INFO     ___FILE_ONLY___ [pubsub] Jan 19, 2026 10:12:40 AM io.gapi.emulators.netty.HttpHandler$1 onError

2026-01-19 10:12:40,361 INFO     ___FILE_ONLY___ [pubsub] INFO: Exception when handling request: NOT_FOUND: Topic not found

2026-01-19 10:12:40,391 INFO     ___FILE_ONLY___ [pubsub] Jan 19, 2026 10:12:40 AM io.gapi.emulators.netty.HttpVersionRoutingHandler channelRead

2026-01-19 10:12:40,391 INFO     ___FILE_ONLY___ [pubsub] INFO: Detected non-HTTP/2 connection.

2026-01-19 10:12:40,405 INFO     ___FILE_ONLY___ [pubsub] Jan 19, 2026 10:12:40 AM io.gapi.emulators.grpc.HttpAdapter$StubMethodHandler handle

2026-01-19 10:12:40,405 INFO     ___FILE_ONLY___ [pubsub] INFO: Forwarding key: Host

2026-01-19 10:12:40,406 INFO     ___FILE_ONLY___ [pubsub] Jan 19, 2026 10:12:40 AM io.gapi.emulators.grpc.HttpAdapter$StubMethodHandler handle

2026-01-19 10:12:40,406 INFO     ___FILE_ONLY___ [pubsub] INFO: Forwarding key: User-Agent

2026-01-19 10:12:40,406 INFO     ___FILE_ONLY___ [pubsub] Jan 19, 2026 10:12:40 AM io.gapi.emulators.grpc.HttpAdapter$StubMethodHandler handle

2026-01-19 10:12:40,406 INFO     ___FILE_ONLY___ [pubsub] INFO: Forwarding key: Accept

2026-01-19 10:12:40,407 INFO     ___FILE_ONLY___ [pubsub] Jan 19, 2026 10:12:40 AM io.gapi.emulators.grpc.HttpAdapter$StubMethodHandler handle

2026-01-19 10:12:40,407 INFO     ___FILE_ONLY___ [pubsub] INFO: Not forwarding key: content-length

2026-01-19 10:12:40,485 INFO     ___FILE_ONLY___ [pubsub] Jan 19, 2026 10:12:40 AM io.gapi.emulators.netty.HttpVersionRoutingHandler channelRead

2026-01-19 10:12:40,485 INFO     ___FILE_ONLY___ [pubsub] INFO: Detected non-HTTP/2 connection.

2026-01-19 10:12:40,489 INFO     ___FILE_ONLY___ [pubsub] Jan 19, 2026 10:12:40 AM io.gapi.emulators.grpc.HttpAdapter$StubMethodHandler handle

2026-01-19 10:12:40,489 INFO     ___FILE_ONLY___ [pubsub] INFO: Forwarding key: Host

2026-01-19 10:12:40,489 INFO     ___FILE_ONLY___ [pubsub] Jan 19, 2026 10:12:40 AM io.gapi.emulators.grpc.HttpAdapter$StubMethodHandler handle

2026-01-19 10:12:40,490 INFO     ___FILE_ONLY___ [pubsub] INFO: Forwarding key: User-Agent

2026-01-19 10:12:40,490 INFO     ___FILE_ONLY___ [pubsub] Jan 19, 2026 10:12:40 AM io.gapi.emulators.grpc.HttpAdapter$StubMethodHandler handle

2026-01-19 10:12:40,490 INFO     ___FILE_ONLY___ [pubsub] INFO: Forwarding key: Accept

2026-01-19 10:12:40,491 INFO     ___FILE_ONLY___ [pubsub] Jan 19, 2026 10:12:40 AM io.gapi.emulators.grpc.HttpAdapter$StubMethodHandler handle

2026-01-19 10:12:40,491 INFO     ___FILE_ONLY___ [pubsub] INFO: Not forwarding key: content-length

2026-01-19 10:12:40,496 INFO     ___FILE_ONLY___ [pubsub] Jan 19, 2026 10:12:40 AM io.gapi.emulators.netty.HttpHandler$1 onError

2026-01-19 10:12:40,497 INFO     ___FILE_ONLY___ [pubsub] INFO: Exception when handling request: NOT_FOUND: Topic not found

2026-01-19 10:12:40,514 INFO     ___FILE_ONLY___ [pubsub] Jan 19, 2026 10:12:40 AM io.gapi.emulators.netty.HttpVersionRoutingHandler channelRead

2026-01-19 10:12:40,514 INFO     ___FILE_ONLY___ [pubsub] INFO: Detected non-HTTP/2 connection.

2026-01-19 10:12:40,518 INFO     ___FILE_ONLY___ [pubsub] Jan 19, 2026 10:12:40 AM io.gapi.emulators.grpc.HttpAdapter$StubMethodHandler handle

2026-01-19 10:12:40,518 INFO     ___FILE_ONLY___ [pubsub] INFO: Forwarding key: Host

2026-01-19 10:12:40,518 INFO     ___FILE_ONLY___ [pubsub] Jan 19, 2026 10:12:40 AM io.gapi.emulators.grpc.HttpAdapter$StubMethodHandler handle

2026-01-19 10:12:40,519 INFO     ___FILE_ONLY___ [pubsub] INFO: Forwarding key: User-Agent

2026-01-19 10:12:40,519 INFO     ___FILE_ONLY___ [pubsub] Jan 19, 2026 10:12:40 AM io.gapi.emulators.grpc.HttpAdapter$StubMethodHandler handle

2026-01-19 10:12:40,519 INFO     ___FILE_ONLY___ [pubsub] INFO: Forwarding key: Accept

2026-01-19 10:12:40,520 INFO     ___FILE_ONLY___ [pubsub] Jan 19, 2026 10:12:40 AM io.gapi.emulators.grpc.HttpAdapter$StubMethodHandler handle

2026-01-19 10:12:40,520 INFO     ___FILE_ONLY___ [pubsub] INFO: Not forwarding key: content-length

2026-01-19 10:12:40,547 INFO     ___FILE_ONLY___ [pubsub] Jan 19, 2026 10:12:40 AM io.gapi.emulators.netty.HttpVersionRoutingHandler channelRead

2026-01-19 10:12:40,547 INFO     ___FILE_ONLY___ [pubsub] INFO: Detected non-HTTP/2 connection.

2026-01-19 10:12:40,551 INFO     ___FILE_ONLY___ [pubsub] Jan 19, 2026 10:12:40 AM io.gapi.emulators.grpc.HttpAdapter$StubMethodHandler handle

2026-01-19 10:12:40,551 INFO     ___FILE_ONLY___ [pubsub] INFO: Forwarding key: Host

2026-01-19 10:12:40,551 INFO     ___FILE_ONLY___ [pubsub] Jan 19, 2026 10:12:40 AM io.gapi.emulators.grpc.HttpAdapter$StubMethodHandler handle

2026-01-19 10:12:40,552 INFO     ___FILE_ONLY___ [pubsub] INFO: Forwarding key: User-Agent

2026-01-19 10:12:40,552 INFO     ___FILE_ONLY___ [pubsub] Jan 19, 2026 10:12:40 AM io.gapi.emulators.grpc.HttpAdapter$StubMethodHandler handle

2026-01-19 10:12:40,552 INFO     ___FILE_ONLY___ [pubsub] INFO: Forwarding key: Accept

2026-01-19 10:12:40,552 INFO     ___FILE_ONLY___ [pubsub] Jan 19, 2026 10:12:40 AM io.gapi.emulators.grpc.HttpAdapter$StubMethodHandler handle

2026-01-19 10:12:40,553 INFO     ___FILE_ONLY___ [pubsub] INFO: Not forwarding key: content-length

2026-01-19 10:12:40,558 INFO     ___FILE_ONLY___ [pubsub] Jan 19, 2026 10:12:40 AM io.gapi.emulators.netty.HttpHandler$1 onError

2026-01-19 10:12:40,558 INFO     ___FILE_ONLY___ [pubsub] INFO: Exception when handling request: NOT_FOUND: Topic not found

2026-01-19 10:12:40,576 INFO     ___FILE_ONLY___ [pubsub] Jan 19, 2026 10:12:40 AM io.gapi.emulators.netty.HttpVersionRoutingHandler channelRead

2026-01-19 10:12:40,576 INFO     ___FILE_ONLY___ [pubsub] INFO: Detected non-HTTP/2 connection.

2026-01-19 10:12:40,578 INFO     ___FILE_ONLY___ [pubsub] Jan 19, 2026 10:12:40 AM io.gapi.emulators.grpc.HttpAdapter$StubMethodHandler handle

2026-01-19 10:12:40,579 INFO     ___FILE_ONLY___ [pubsub] INFO: Forwarding key: Host

2026-01-19 10:12:40,579 INFO     ___FILE_ONLY___ [pubsub] Jan 19, 2026 10:12:40 AM io.gapi.emulators.grpc.HttpAdapter$StubMethodHandler handle

2026-01-19 10:12:40,580 INFO     ___FILE_ONLY___ [pubsub] INFO: Forwarding key: User-Agent

2026-01-19 10:12:40,580 INFO     ___FILE_ONLY___ [pubsub] Jan 19, 2026 10:12:40 AM io.gapi.emulators.grpc.HttpAdapter$StubMethodHandler handle

2026-01-19 10:12:40,580 INFO     ___FILE_ONLY___ [pubsub] INFO: Forwarding key: Accept

2026-01-19 10:12:40,580 INFO     ___FILE_ONLY___ [pubsub] Jan 19, 2026 10:12:40 AM io.gapi.emulators.grpc.HttpAdapter$StubMethodHandler handle

2026-01-19 10:12:40,581 INFO     ___FILE_ONLY___ [pubsub] INFO: Not forwarding key: content-length

2026-01-19 10:12:40,606 INFO     ___FILE_ONLY___ [pubsub] Jan 19, 2026 10:12:40 AM io.gapi.emulators.netty.HttpVersionRoutingHandler channelRead

2026-01-19 10:12:40,606 INFO     ___FILE_ONLY___ [pubsub] INFO: Detected non-HTTP/2 connection.

2026-01-19 10:12:40,610 INFO     ___FILE_ONLY___ [pubsub] Jan 19, 2026 10:12:40 AM io.gapi.emulators.grpc.HttpAdapter$StubMethodHandler handle

2026-01-19 10:12:40,611 INFO     ___FILE_ONLY___ [pubsub] INFO: Forwarding key: Host

2026-01-19 10:12:40,612 INFO     ___FILE_ONLY___ [pubsub] Jan 19, 2026 10:12:40 AM io.gapi.emulators.grpc.HttpAdapter$StubMethodHandler handle

2026-01-19 10:12:40,613 INFO     ___FILE_ONLY___ [pubsub] INFO: Forwarding key: User-Agent

2026-01-19 10:12:40,613 INFO     ___FILE_ONLY___ [pubsub] Jan 19, 2026 10:12:40 AM io.gapi.emulators.grpc.HttpAdapter$StubMethodHandler handle

2026-01-19 10:12:40,614 INFO     ___FILE_ONLY___ [pubsub] INFO: Forwarding key: Accept

2026-01-19 10:12:40,614 INFO     ___FILE_ONLY___ [pubsub] Jan 19, 2026 10:12:40 AM io.gapi.emulators.grpc.HttpAdapter$StubMethodHandler handle

2026-01-19 10:12:40,614 INFO     ___FILE_ONLY___ [pubsub] INFO: Not forwarding key: content-length

2026-01-19 10:12:40,620 INFO     ___FILE_ONLY___ [pubsub] Jan 19, 2026 10:12:40 AM io.gapi.emulators.netty.HttpHandler$1 onError

2026-01-19 10:12:40,620 INFO     ___FILE_ONLY___ [pubsub] INFO: Exception when handling request: NOT_FOUND: Topic not found

2026-01-19 10:12:40,638 INFO     ___FILE_ONLY___ [pubsub] Jan 19, 2026 10:12:40 AM io.gapi.emulators.netty.HttpVersionRoutingHandler channelRead

2026-01-19 10:12:40,638 INFO     ___FILE_ONLY___ [pubsub] INFO: Detected non-HTTP/2 connection.

2026-01-19 10:12:40,640 INFO     ___FILE_ONLY___ [pubsub] Jan 19, 2026 10:12:40 AM io.gapi.emulators.grpc.HttpAdapter$StubMethodHandler handle

2026-01-19 10:12:40,640 INFO     ___FILE_ONLY___ [pubsub] INFO: Forwarding key: Host

2026-01-19 10:12:40,640 INFO     ___FILE_ONLY___ [pubsub] Jan 19, 2026 10:12:40 AM io.gapi.emulators.grpc.HttpAdapter$StubMethodHandler handle

2026-01-19 10:12:40,641 INFO     ___FILE_ONLY___ [pubsub] INFO: Forwarding key: User-Agent

2026-01-19 10:12:40,641 INFO     ___FILE_ONLY___ [pubsub] Jan 19, 2026 10:12:40 AM io.gapi.emulators.grpc.HttpAdapter$StubMethodHandler handle

2026-01-19 10:12:40,641 INFO     ___FILE_ONLY___ [pubsub] INFO: Forwarding key: Accept

2026-01-19 10:12:40,642 INFO     ___FILE_ONLY___ [pubsub] Jan 19, 2026 10:12:40 AM io.gapi.emulators.grpc.HttpAdapter$StubMethodHandler handle

2026-01-19 10:12:40,642 INFO     ___FILE_ONLY___ [pubsub] INFO: Not forwarding key: content-length

2026-01-19 10:12:40,665 INFO     ___FILE_ONLY___ [pubsub] Jan 19, 2026 10:12:40 AM io.gapi.emulators.netty.HttpVersionRoutingHandler channelRead

2026-01-19 10:12:40,667 INFO     ___FILE_ONLY___ [pubsub] INFO: Detected non-HTTP/2 connection.

2026-01-19 10:12:40,668 INFO     ___FILE_ONLY___ [pubsub] Jan 19, 2026 10:12:40 AM io.gapi.emulators.grpc.HttpAdapter$StubMethodHandler handle

2026-01-19 10:12:40,668 INFO     ___FILE_ONLY___ [pubsub] INFO: Forwarding key: Host

2026-01-19 10:12:40,668 INFO     ___FILE_ONLY___ [pubsub] Jan 19, 2026 10:12:40 AM io.gapi.emulators.grpc.HttpAdapter$StubMethodHandler handle

2026-01-19 10:12:40,668 INFO     ___FILE_ONLY___ [pubsub] INFO: Forwarding key: User-Agent

2026-01-19 10:12:40,669 INFO     ___FILE_ONLY___ [pubsub] Jan 19, 2026 10:12:40 AM io.gapi.emulators.grpc.HttpAdapter$StubMethodHandler handle

2026-01-19 10:12:40,669 INFO     ___FILE_ONLY___ [pubsub] INFO: Forwarding key: Accept

2026-01-19 10:12:40,669 INFO     ___FILE_ONLY___ [pubsub] Jan 19, 2026 10:12:40 AM io.gapi.emulators.grpc.HttpAdapter$StubMethodHandler handle

2026-01-19 10:12:40,669 INFO     ___FILE_ONLY___ [pubsub] INFO: Not forwarding key: content-length

2026-01-19 10:12:40,675 INFO     ___FILE_ONLY___ [pubsub] Jan 19, 2026 10:12:40 AM io.gapi.emulators.netty.HttpHandler$1 onError

2026-01-19 10:12:40,675 INFO     ___FILE_ONLY___ [pubsub] INFO: Exception when handling request: NOT_FOUND: Topic not found

2026-01-19 10:12:40,692 INFO     ___FILE_ONLY___ [pubsub] Jan 19, 2026 10:12:40 AM io.gapi.emulators.netty.HttpVersionRoutingHandler channelRead

2026-01-19 10:12:40,695 INFO     ___FILE_ONLY___ [pubsub] INFO: Detected non-HTTP/2 connection.

2026-01-19 10:12:40,696 INFO     ___FILE_ONLY___ [pubsub] Jan 19, 2026 10:12:40 AM io.gapi.emulators.grpc.HttpAdapter$StubMethodHandler handle

2026-01-19 10:12:40,696 INFO     ___FILE_ONLY___ [pubsub] INFO: Forwarding key: Host

2026-01-19 10:12:40,696 INFO     ___FILE_ONLY___ [pubsub] Jan 19, 2026 10:12:40 AM io.gapi.emulators.grpc.HttpAdapter$StubMethodHandler handle

2026-01-19 10:12:40,696 INFO     ___FILE_ONLY___ [pubsub] INFO: Forwarding key: User-Agent

2026-01-19 10:12:40,697 INFO     ___FILE_ONLY___ [pubsub] Jan 19, 2026 10:12:40 AM io.gapi.emulators.grpc.HttpAdapter$StubMethodHandler handle

2026-01-19 10:12:40,697 INFO     ___FILE_ONLY___ [pubsub] INFO: Forwarding key: Accept

2026-01-19 10:12:40,697 INFO     ___FILE_ONLY___ [pubsub] Jan 19, 2026 10:12:40 AM io.gapi.emulators.grpc.HttpAdapter$StubMethodHandler handle

2026-01-19 10:12:40,697 INFO     ___FILE_ONLY___ [pubsub] INFO: Not forwarding key: content-length

2026-01-19 10:12:40,721 INFO     ___FILE_ONLY___ [pubsub] Jan 19, 2026 10:12:40 AM io.gapi.emulators.netty.HttpVersionRoutingHandler channelRead

2026-01-19 10:12:40,721 INFO     ___FILE_ONLY___ [pubsub] INFO: Detected non-HTTP/2 connection.

2026-01-19 10:12:40,723 INFO     ___FILE_ONLY___ [pubsub] Jan 19, 2026 10:12:40 AM io.gapi.emulators.grpc.HttpAdapter$StubMethodHandler handle

2026-01-19 10:12:40,724 INFO     ___FILE_ONLY___ [pubsub] INFO: Forwarding key: Host

2026-01-19 10:12:40,724 INFO     ___FILE_ONLY___ [pubsub] Jan 19, 2026 10:12:40 AM io.gapi.emulators.grpc.HttpAdapter$StubMethodHandler handle

2026-01-19 10:12:40,724 INFO     ___FILE_ONLY___ [pubsub] INFO: Forwarding key: User-Agent

2026-01-19 10:12:40,725 INFO     ___FILE_ONLY___ [pubsub] Jan 19, 2026 10:12:40 AM io.gapi.emulators.grpc.HttpAdapter$StubMethodHandler handle

2026-01-19 10:12:40,725 INFO     ___FILE_ONLY___ [pubsub] INFO: Forwarding key: Accept

2026-01-19 10:12:40,725 INFO     ___FILE_ONLY___ [pubsub] Jan 19, 2026 10:12:40 AM io.gapi.emulators.grpc.HttpAdapter$StubMethodHandler handle

2026-01-19 10:12:40,725 INFO     ___FILE_ONLY___ [pubsub] INFO: Not forwarding key: content-length

2026-01-19 10:12:40,731 INFO     ___FILE_ONLY___ [pubsub] Jan 19, 2026 10:12:40 AM io.gapi.emulators.netty.HttpHandler$1 onError

2026-01-19 10:12:40,731 INFO     ___FILE_ONLY___ [pubsub] INFO: Exception when handling request: NOT_FOUND: Topic not found

2026-01-19 10:12:40,748 INFO     ___FILE_ONLY___ [pubsub] Jan 19, 2026 10:12:40 AM io.gapi.emulators.netty.HttpVersionRoutingHandler channelRead

2026-01-19 10:12:40,748 INFO     ___FILE_ONLY___ [pubsub] INFO: Detected non-HTTP/2 connection.

2026-01-19 10:12:40,752 INFO     ___FILE_ONLY___ [pubsub] Jan 19, 2026 10:12:40 AM io.gapi.emulators.grpc.HttpAdapter$StubMethodHandler handle

2026-01-19 10:12:40,753 INFO     ___FILE_ONLY___ [pubsub] INFO: Forwarding key: Host

2026-01-19 10:12:40,753 INFO     ___FILE_ONLY___ [pubsub] Jan 19, 2026 10:12:40 AM io.gapi.emulators.grpc.HttpAdapter$StubMethodHandler handle

2026-01-19 10:12:40,753 INFO     ___FILE_ONLY___ [pubsub] INFO: Forwarding key: User-Agent

2026-01-19 10:12:40,753 INFO     ___FILE_ONLY___ [pubsub] Jan 19, 2026 10:12:40 AM io.gapi.emulators.grpc.HttpAdapter$StubMethodHandler handle

2026-01-19 10:12:40,754 INFO     ___FILE_ONLY___ [pubsub] INFO: Forwarding key: Accept

2026-01-19 10:12:40,754 INFO     ___FILE_ONLY___ [pubsub] Jan 19, 2026 10:12:40 AM io.gapi.emulators.grpc.HttpAdapter$StubMethodHandler handle

2026-01-19 10:12:40,755 INFO     ___FILE_ONLY___ [pubsub] INFO: Not forwarding key: content-length

2026-01-19 10:12:40,784 INFO     ___FILE_ONLY___ [pubsub] Jan 19, 2026 10:12:40 AM io.gapi.emulators.netty.HttpVersionRoutingHandler channelRead

2026-01-19 10:12:40,784 INFO     ___FILE_ONLY___ [pubsub] INFO: Detected non-HTTP/2 connection.

2026-01-19 10:12:40,786 INFO     ___FILE_ONLY___ [pubsub] Jan 19, 2026 10:12:40 AM io.gapi.emulators.grpc.HttpAdapter$StubMethodHandler handle

2026-01-19 10:12:40,786 INFO     ___FILE_ONLY___ [pubsub] INFO: Forwarding key: Host

2026-01-19 10:12:40,786 INFO     ___FILE_ONLY___ [pubsub] Jan 19, 2026 10:12:40 AM io.gapi.emulators.grpc.HttpAdapter$StubMethodHandler handle

2026-01-19 10:12:40,787 INFO     ___FILE_ONLY___ [pubsub] INFO: Forwarding key: User-Agent

2026-01-19 10:12:40,787 INFO     ___FILE_ONLY___ [pubsub] Jan 19, 2026 10:12:40 AM io.gapi.emulators.grpc.HttpAdapter$StubMethodHandler handle

2026-01-19 10:12:40,787 INFO     ___FILE_ONLY___ [pubsub] INFO: Forwarding key: Accept

2026-01-19 10:12:40,787 INFO     ___FILE_ONLY___ [pubsub] Jan 19, 2026 10:12:40 AM io.gapi.emulators.grpc.HttpAdapter$StubMethodHandler handle

2026-01-19 10:12:40,787 INFO     ___FILE_ONLY___ [pubsub] INFO: Not forwarding key: content-length

2026-01-19 10:12:40,793 INFO     ___FILE_ONLY___ [pubsub] Jan 19, 2026 10:12:40 AM io.gapi.emulators.netty.HttpHandler$1 onError

2026-01-19 10:12:40,793 INFO     ___FILE_ONLY___ [pubsub] INFO: Exception when handling request: NOT_FOUND: Topic not found

2026-01-19 10:12:40,810 INFO     ___FILE_ONLY___ [pubsub] Jan 19, 2026 10:12:40 AM io.gapi.emulators.netty.HttpVersionRoutingHandler channelRead

2026-01-19 10:12:40,811 INFO     ___FILE_ONLY___ [pubsub] INFO: Detected non-HTTP/2 connection.

2026-01-19 10:12:40,812 INFO     ___FILE_ONLY___ [pubsub] Jan 19, 2026 10:12:40 AM io.gapi.emulators.grpc.HttpAdapter$StubMethodHandler handle

2026-01-19 10:12:40,813 INFO     ___FILE_ONLY___ [pubsub] INFO: Forwarding key: Host

2026-01-19 10:12:40,813 INFO     ___FILE_ONLY___ [pubsub] Jan 19, 2026 10:12:40 AM io.gapi.emulators.grpc.HttpAdapter$StubMethodHandler handle

2026-01-19 10:12:40,813 INFO     ___FILE_ONLY___ [pubsub] INFO: Forwarding key: User-Agent

2026-01-19 10:12:40,813 INFO     ___FILE_ONLY___ [pubsub] Jan 19, 2026 10:12:40 AM io.gapi.emulators.grpc.HttpAdapter$StubMethodHandler handle

2026-01-19 10:12:40,814 INFO     ___FILE_ONLY___ [pubsub] INFO: Forwarding key: Accept

2026-01-19 10:12:40,814 INFO     ___FILE_ONLY___ [pubsub] Jan 19, 2026 10:12:40 AM io.gapi.emulators.grpc.HttpAdapter$StubMethodHandler handle

2026-01-19 10:12:40,814 INFO     ___FILE_ONLY___ [pubsub] INFO: Not forwarding key: content-length

2026-01-19 10:12:40,831 INFO     ___FILE_ONLY___ [pubsub] Jan 19, 2026 10:12:40 AM io.gapi.emulators.netty.HttpVersionRoutingHandler channelRead

2026-01-19 10:12:40,832 INFO     ___FILE_ONLY___ [pubsub] INFO: Detected non-HTTP/2 connection.

2026-01-19 10:12:40,833 INFO     ___FILE_ONLY___ [pubsub] Jan 19, 2026 10:12:40 AM io.gapi.emulators.grpc.HttpAdapter$StubMethodHandler handle

2026-01-19 10:12:40,833 INFO     ___FILE_ONLY___ [pubsub] INFO: Forwarding key: Host

2026-01-19 10:12:40,833 INFO     ___FILE_ONLY___ [pubsub] Jan 19, 2026 10:12:40 AM io.gapi.emulators.grpc.HttpAdapter$StubMethodHandler handle

2026-01-19 10:12:40,834 INFO     ___FILE_ONLY___ [pubsub] INFO: Forwarding key: User-Agent

2026-01-19 10:12:40,834 INFO     ___FILE_ONLY___ [pubsub] Jan 19, 2026 10:12:40 AM io.gapi.emulators.grpc.HttpAdapter$StubMethodHandler handle

2026-01-19 10:12:40,834 INFO     ___FILE_ONLY___ [pubsub] INFO: Forwarding key: Accept

2026-01-19 10:12:40,834 INFO     ___FILE_ONLY___ [pubsub] Jan 19, 2026 10:12:40 AM io.gapi.emulators.grpc.HttpAdapter$StubMethodHandler handle

2026-01-19 10:12:40,835 INFO     ___FILE_ONLY___ [pubsub] INFO: Not forwarding key: content-length

2026-01-19 10:12:40,839 INFO     ___FILE_ONLY___ [pubsub] Jan 19, 2026 10:12:40 AM io.gapi.emulators.netty.HttpHandler$1 onError

2026-01-19 10:12:40,840 INFO     ___FILE_ONLY___ [pubsub] INFO: Exception when handling request: NOT_FOUND: Topic not found

2026-01-19 10:12:40,853 INFO     ___FILE_ONLY___ [pubsub] Jan 19, 2026 10:12:40 AM io.gapi.emulators.netty.HttpVersionRoutingHandler channelRead

2026-01-19 10:12:40,853 INFO     ___FILE_ONLY___ [pubsub] INFO: Detected non-HTTP/2 connection.

2026-01-19 10:12:40,855 INFO     ___FILE_ONLY___ [pubsub] Jan 19, 2026 10:12:40 AM io.gapi.emulators.grpc.HttpAdapter$StubMethodHandler handle

2026-01-19 10:12:40,855 INFO     ___FILE_ONLY___ [pubsub] INFO: Forwarding key: Host

2026-01-19 10:12:40,855 INFO     ___FILE_ONLY___ [pubsub] Jan 19, 2026 10:12:40 AM io.gapi.emulators.grpc.HttpAdapter$StubMethodHandler handle

2026-01-19 10:12:40,855 INFO     ___FILE_ONLY___ [pubsub] INFO: Forwarding key: User-Agent

2026-01-19 10:12:40,856 INFO     ___FILE_ONLY___ [pubsub] Jan 19, 2026 10:12:40 AM io.gapi.emulators.grpc.HttpAdapter$StubMethodHandler handle

2026-01-19 10:12:40,856 INFO     ___FILE_ONLY___ [pubsub] INFO: Forwarding key: Accept

2026-01-19 10:12:40,856 INFO     ___FILE_ONLY___ [pubsub] Jan 19, 2026 10:12:40 AM io.gapi.emulators.grpc.HttpAdapter$StubMethodHandler handle

2026-01-19 10:12:40,857 INFO     ___FILE_ONLY___ [pubsub] INFO: Not forwarding key: content-length

2026-01-19 10:12:40,877 INFO     ___FILE_ONLY___ [pubsub] Jan 19, 2026 10:12:40 AM io.gapi.emulators.netty.HttpVersionRoutingHandler channelRead

2026-01-19 10:12:40,879 INFO     ___FILE_ONLY___ [pubsub] INFO: Detected non-HTTP/2 connection.

2026-01-19 10:12:40,880 INFO     ___FILE_ONLY___ [pubsub] Jan 19, 2026 10:12:40 AM io.gapi.emulators.grpc.HttpAdapter$StubMethodHandler handle

2026-01-19 10:12:40,880 INFO     ___FILE_ONLY___ [pubsub] INFO: Forwarding key: Host

2026-01-19 10:12:40,880 INFO     ___FILE_ONLY___ [pubsub] Jan 19, 2026 10:12:40 AM io.gapi.emulators.grpc.HttpAdapter$StubMethodHandler handle

2026-01-19 10:12:40,880 INFO     ___FILE_ONLY___ [pubsub] INFO: Forwarding key: User-Agent

2026-01-19 10:12:40,881 INFO     ___FILE_ONLY___ [pubsub] Jan 19, 2026 10:12:40 AM io.gapi.emulators.grpc.HttpAdapter$StubMethodHandler handle

2026-01-19 10:12:40,881 INFO     ___FILE_ONLY___ [pubsub] INFO: Forwarding key: Accept

2026-01-19 10:12:40,881 INFO     ___FILE_ONLY___ [pubsub] Jan 19, 2026 10:12:40 AM io.gapi.emulators.grpc.HttpAdapter$StubMethodHandler handle

2026-01-19 10:12:40,882 INFO     ___FILE_ONLY___ [pubsub] INFO: Not forwarding key: content-length

2026-01-19 10:12:40,884 INFO     ___FILE_ONLY___ [pubsub] Jan 19, 2026 10:12:40 AM io.gapi.emulators.netty.HttpHandler$1 onError

2026-01-19 10:12:40,884 INFO     ___FILE_ONLY___ [pubsub] INFO: Exception when handling request: NOT_FOUND: Topic not found

2026-01-19 10:12:40,899 INFO     ___FILE_ONLY___ [pubsub] Jan 19, 2026 10:12:40 AM io.gapi.emulators.netty.HttpVersionRoutingHandler channelRead

2026-01-19 10:12:40,900 INFO     ___FILE_ONLY___ [pubsub] INFO: Detected non-HTTP/2 connection.

2026-01-19 10:12:40,901 INFO     ___FILE_ONLY___ [pubsub] Jan 19, 2026 10:12:40 AM io.gapi.emulators.grpc.HttpAdapter$StubMethodHandler handle

2026-01-19 10:12:40,901 INFO     ___FILE_ONLY___ [pubsub] INFO: Forwarding key: Host

2026-01-19 10:12:40,901 INFO     ___FILE_ONLY___ [pubsub] Jan 19, 2026 10:12:40 AM io.gapi.emulators.grpc.HttpAdapter$StubMethodHandler handle

2026-01-19 10:12:40,902 INFO     ___FILE_ONLY___ [pubsub] INFO: Forwarding key: User-Agent

2026-01-19 10:12:40,902 INFO     ___FILE_ONLY___ [pubsub] Jan 19, 2026 10:12:40 AM io.gapi.emulators.grpc.HttpAdapter$StubMethodHandler handle

2026-01-19 10:12:40,902 INFO     ___FILE_ONLY___ [pubsub] INFO: Forwarding key: Accept

2026-01-19 10:12:40,903 INFO     ___FILE_ONLY___ [pubsub] Jan 19, 2026 10:12:40 AM io.gapi.emulators.grpc.HttpAdapter$StubMethodHandler handle

2026-01-19 10:12:40,903 INFO     ___FILE_ONLY___ [pubsub] INFO: Not forwarding key: content-length

2026-01-19 10:12:40,930 INFO     ___FILE_ONLY___ [pubsub] Jan 19, 2026 10:12:40 AM io.gapi.emulators.netty.HttpVersionRoutingHandler channelRead

2026-01-19 10:12:40,930 INFO     ___FILE_ONLY___ [pubsub] INFO: Detected non-HTTP/2 connection.

2026-01-19 10:12:40,931 INFO     ___FILE_ONLY___ [pubsub] Jan 19, 2026 10:12:40 AM io.gapi.emulators.grpc.HttpAdapter$StubMethodHandler handle

2026-01-19 10:12:40,932 INFO     ___FILE_ONLY___ [pubsub] INFO: Forwarding key: Host

2026-01-19 10:12:40,932 INFO     ___FILE_ONLY___ [pubsub] Jan 19, 2026 10:12:40 AM io.gapi.emulators.grpc.HttpAdapter$StubMethodHandler handle

2026-01-19 10:12:40,932 INFO     ___FILE_ONLY___ [pubsub] INFO: Forwarding key: User-Agent

2026-01-19 10:12:40,932 INFO     ___FILE_ONLY___ [pubsub] Jan 19, 2026 10:12:40 AM io.gapi.emulators.grpc.HttpAdapter$StubMethodHandler handle

2026-01-19 10:12:40,933 INFO     ___FILE_ONLY___ [pubsub] INFO: Forwarding key: Accept

2026-01-19 10:12:40,933 INFO     ___FILE_ONLY___ [pubsub] Jan 19, 2026 10:12:40 AM io.gapi.emulators.grpc.HttpAdapter$StubMethodHandler handle

2026-01-19 10:12:40,933 INFO     ___FILE_ONLY___ [pubsub] INFO: Not forwarding key: content-length

2026-01-19 10:12:40,936 INFO     ___FILE_ONLY___ [pubsub] Jan 19, 2026 10:12:40 AM io.gapi.emulators.netty.HttpHandler$1 onError

2026-01-19 10:12:40,936 INFO     ___FILE_ONLY___ [pubsub] INFO: Exception when handling request: NOT_FOUND: Topic not found

2026-01-19 10:12:40,953 INFO     ___FILE_ONLY___ [pubsub] Jan 19, 2026 10:12:40 AM io.gapi.emulators.netty.HttpVersionRoutingHandler channelRead

2026-01-19 10:12:40,955 INFO     ___FILE_ONLY___ [pubsub] INFO: Detected non-HTTP/2 connection.

2026-01-19 10:12:40,956 INFO     ___FILE_ONLY___ [pubsub] Jan 19, 2026 10:12:40 AM io.gapi.emulators.grpc.HttpAdapter$StubMethodHandler handle

2026-01-19 10:12:40,956 INFO     ___FILE_ONLY___ [pubsub] INFO: Forwarding key: Host

2026-01-19 10:12:40,956 INFO     ___FILE_ONLY___ [pubsub] Jan 19, 2026 10:12:40 AM io.gapi.emulators.grpc.HttpAdapter$StubMethodHandler handle

2026-01-19 10:12:40,957 INFO     ___FILE_ONLY___ [pubsub] INFO: Forwarding key: User-Agent

2026-01-19 10:12:40,957 INFO     ___FILE_ONLY___ [pubsub] Jan 19, 2026 10:12:40 AM io.gapi.emulators.grpc.HttpAdapter$StubMethodHandler handle

2026-01-19 10:12:40,957 INFO     ___FILE_ONLY___ [pubsub] INFO: Forwarding key: Accept

2026-01-19 10:12:40,958 INFO     ___FILE_ONLY___ [pubsub] Jan 19, 2026 10:12:40 AM io.gapi.emulators.grpc.HttpAdapter$StubMethodHandler handle

2026-01-19 10:12:40,959 INFO     ___FILE_ONLY___ [pubsub] INFO: Not forwarding key: content-length

2026-01-19 10:12:40,977 INFO     ___FILE_ONLY___ [pubsub] Jan 19, 2026 10:12:40 AM io.gapi.emulators.netty.HttpVersionRoutingHandler channelRead

2026-01-19 10:12:40,978 INFO     ___FILE_ONLY___ [pubsub] INFO: Detected non-HTTP/2 connection.

2026-01-19 10:12:40,979 INFO     ___FILE_ONLY___ [pubsub] Jan 19, 2026 10:12:40 AM io.gapi.emulators.grpc.HttpAdapter$StubMethodHandler handle

2026-01-19 10:12:40,979 INFO     ___FILE_ONLY___ [pubsub] INFO: Forwarding key: Host

2026-01-19 10:12:40,979 INFO     ___FILE_ONLY___ [pubsub] Jan 19, 2026 10:12:40 AM io.gapi.emulators.grpc.HttpAdapter$StubMethodHandler handle

2026-01-19 10:12:40,979 INFO     ___FILE_ONLY___ [pubsub] INFO: Forwarding key: User-Agent

2026-01-19 10:12:40,979 INFO     ___FILE_ONLY___ [pubsub] Jan 19, 2026 10:12:40 AM io.gapi.emulators.grpc.HttpAdapter$StubMethodHandler handle

2026-01-19 10:12:40,980 INFO     ___FILE_ONLY___ [pubsub] INFO: Forwarding key: Accept

2026-01-19 10:12:40,980 INFO     ___FILE_ONLY___ [pubsub] Jan 19, 2026 10:12:40 AM io.gapi.emulators.grpc.HttpAdapter$StubMethodHandler handle

2026-01-19 10:12:40,980 INFO     ___FILE_ONLY___ [pubsub] INFO: Not forwarding key: content-length

2026-01-19 10:12:40,986 INFO     ___FILE_ONLY___ [pubsub] Jan 19, 2026 10:12:40 AM io.gapi.emulators.netty.HttpHandler$1 onError

2026-01-19 10:12:40,986 INFO     ___FILE_ONLY___ [pubsub] INFO: Exception when handling request: NOT_FOUND: Topic not found

2026-01-19 10:12:41,000 INFO     ___FILE_ONLY___ [pubsub] Jan 19, 2026 10:12:41 AM io.gapi.emulators.netty.HttpVersionRoutingHandler channelRead

2026-01-19 10:12:41,001 INFO     ___FILE_ONLY___ [pubsub] INFO: Detected non-HTTP/2 connection.

2026-01-19 10:12:41,003 INFO     ___FILE_ONLY___ [pubsub] Jan 19, 2026 10:12:41 AM io.gapi.emulators.grpc.HttpAdapter$StubMethodHandler handle

2026-01-19 10:12:41,003 INFO     ___FILE_ONLY___ [pubsub] INFO: Forwarding key: Host

2026-01-19 10:12:41,003 INFO     ___FILE_ONLY___ [pubsub] Jan 19, 2026 10:12:41 AM io.gapi.emulators.grpc.HttpAdapter$StubMethodHandler handle

2026-01-19 10:12:41,003 INFO     ___FILE_ONLY___ [pubsub] INFO: Forwarding key: User-Agent

2026-01-19 10:12:41,004 INFO     ___FILE_ONLY___ [pubsub] Jan 19, 2026 10:12:41 AM io.gapi.emulators.grpc.HttpAdapter$StubMethodHandler handle

2026-01-19 10:12:41,004 INFO     ___FILE_ONLY___ [pubsub] INFO: Forwarding key: Accept

2026-01-19 10:12:41,004 INFO     ___FILE_ONLY___ [pubsub] Jan 19, 2026 10:12:41 AM io.gapi.emulators.grpc.HttpAdapter$StubMethodHandler handle

2026-01-19 10:12:41,004 INFO     ___FILE_ONLY___ [pubsub] INFO: Not forwarding key: content-length

2026-01-19 10:12:41,029 INFO     ___FILE_ONLY___ [pubsub] Jan 19, 2026 10:12:41 AM io.gapi.emulators.netty.HttpVersionRoutingHandler channelRead

2026-01-19 10:12:41,029 INFO     ___FILE_ONLY___ [pubsub] INFO: Detected non-HTTP/2 connection.

2026-01-19 10:12:41,031 INFO     ___FILE_ONLY___ [pubsub] Jan 19, 2026 10:12:41 AM io.gapi.emulators.grpc.HttpAdapter$StubMethodHandler handle

2026-01-19 10:12:41,032 INFO     ___FILE_ONLY___ [pubsub] INFO: Forwarding key: Host

2026-01-19 10:12:41,032 INFO     ___FILE_ONLY___ [pubsub] Jan 19, 2026 10:12:41 AM io.gapi.emulators.grpc.HttpAdapter$StubMethodHandler handle

2026-01-19 10:12:41,032 INFO     ___FILE_ONLY___ [pubsub] INFO: Forwarding key: User-Agent

2026-01-19 10:12:41,032 INFO     ___FILE_ONLY___ [pubsub] Jan 19, 2026 10:12:41 AM io.gapi.emulators.grpc.HttpAdapter$StubMethodHandler handle

2026-01-19 10:12:41,033 INFO     ___FILE_ONLY___ [pubsub] INFO: Forwarding key: Accept

2026-01-19 10:12:41,034 INFO     ___FILE_ONLY___ [pubsub] Jan 19, 2026 10:12:41 AM io.gapi.emulators.grpc.HttpAdapter$StubMethodHandler handle

2026-01-19 10:12:41,034 INFO     ___FILE_ONLY___ [pubsub] INFO: Not forwarding key: content-length

2026-01-19 10:12:41,036 INFO     ___FILE_ONLY___ [pubsub] Jan 19, 2026 10:12:41 AM io.gapi.emulators.netty.HttpHandler$1 onError

2026-01-19 10:12:41,036 INFO     ___FILE_ONLY___ [pubsub] INFO: Exception when handling request: NOT_FOUND: Subscription does not exist

2026-01-19 10:12:41,052 INFO     ___FILE_ONLY___ [pubsub] Jan 19, 2026 10:12:41 AM io.gapi.emulators.netty.HttpVersionRoutingHandler channelRead

2026-01-19 10:12:41,053 INFO     ___FILE_ONLY___ [pubsub] INFO: Detected non-HTTP/2 connection.

2026-01-19 10:12:41,071 INFO     ___FILE_ONLY___ [pubsub] Jan 19, 2026 10:12:41 AM io.gapi.emulators.grpc.HttpAdapter$StubMethodHandler handle

2026-01-19 10:12:41,071 INFO     ___FILE_ONLY___ [pubsub] INFO: Forwarding key: Host

2026-01-19 10:12:41,072 INFO     ___FILE_ONLY___ [pubsub] Jan 19, 2026 10:12:41 AM io.gapi.emulators.grpc.HttpAdapter$StubMethodHandler handle

2026-01-19 10:12:41,072 INFO     ___FILE_ONLY___ [pubsub] INFO: Forwarding key: User-Agent

2026-01-19 10:12:41,072 INFO     ___FILE_ONLY___ [pubsub] Jan 19, 2026 10:12:41 AM io.gapi.emulators.grpc.HttpAdapter$StubMethodHandler handle

2026-01-19 10:12:41,072 INFO     ___FILE_ONLY___ [pubsub] INFO: Forwarding key: Accept

2026-01-19 10:12:41,073 INFO     ___FILE_ONLY___ [pubsub] Jan 19, 2026 10:12:41 AM io.gapi.emulators.grpc.HttpAdapter$StubMethodHandler handle

2026-01-19 10:12:41,073 INFO     ___FILE_ONLY___ [pubsub] INFO: Forwarding key: Content-Type

2026-01-19 10:12:41,073 INFO     ___FILE_ONLY___ [pubsub] Jan 19, 2026 10:12:41 AM io.gapi.emulators.grpc.HttpAdapter$StubMethodHandler handle

2026-01-19 10:12:41,073 INFO     ___FILE_ONLY___ [pubsub] INFO: Not forwarding key: Content-Length

2026-01-19 10:12:41,112 INFO     ___FILE_ONLY___ [pubsub] Jan 19, 2026 10:12:41 AM io.gapi.emulators.netty.HttpVersionRoutingHandler channelRead

2026-01-19 10:12:41,112 INFO     ___FILE_ONLY___ [pubsub] INFO: Detected non-HTTP/2 connection.

2026-01-19 10:12:41,115 INFO     ___FILE_ONLY___ [pubsub] Jan 19, 2026 10:12:41 AM io.gapi.emulators.grpc.HttpAdapter$StubMethodHandler handle

2026-01-19 10:12:41,116 INFO     ___FILE_ONLY___ [pubsub] INFO: Forwarding key: Host

2026-01-19 10:12:41,116 INFO     ___FILE_ONLY___ [pubsub] Jan 19, 2026 10:12:41 AM io.gapi.emulators.grpc.HttpAdapter$StubMethodHandler handle

2026-01-19 10:12:41,116 INFO     ___FILE_ONLY___ [pubsub] INFO: Forwarding key: User-Agent

2026-01-19 10:12:41,116 INFO     ___FILE_ONLY___ [pubsub] Jan 19, 2026 10:12:41 AM io.gapi.emulators.grpc.HttpAdapter$StubMethodHandler handle

2026-01-19 10:12:41,116 INFO     ___FILE_ONLY___ [pubsub] INFO: Forwarding key: Accept

2026-01-19 10:12:41,117 INFO     ___FILE_ONLY___ [pubsub] Jan 19, 2026 10:12:41 AM io.gapi.emulators.grpc.HttpAdapter$StubMethodHandler handle

2026-01-19 10:12:41,117 INFO     ___FILE_ONLY___ [pubsub] INFO: Not forwarding key: content-length

2026-01-19 10:12:41,122 INFO     ___FILE_ONLY___ [pubsub] Jan 19, 2026 10:12:41 AM io.gapi.emulators.netty.HttpHandler$1 onError

2026-01-19 10:12:41,123 INFO     ___FILE_ONLY___ [pubsub] INFO: Exception when handling request: NOT_FOUND: Subscription does not exist

2026-01-19 10:12:41,143 INFO     ___FILE_ONLY___ [pubsub] Jan 19, 2026 10:12:41 AM io.gapi.emulators.netty.HttpVersionRoutingHandler channelRead

2026-01-19 10:12:41,143 INFO     ___FILE_ONLY___ [pubsub] INFO: Detected non-HTTP/2 connection.

2026-01-19 10:12:41,144 INFO     ___FILE_ONLY___ [pubsub] Jan 19, 2026 10:12:41 AM io.gapi.emulators.grpc.HttpAdapter$StubMethodHandler handle

2026-01-19 10:12:41,144 INFO     ___FILE_ONLY___ [pubsub] INFO: Forwarding key: Host

2026-01-19 10:12:41,145 INFO     ___FILE_ONLY___ [pubsub] Jan 19, 2026 10:12:41 AM io.gapi.emulators.grpc.HttpAdapter$StubMethodHandler handle

2026-01-19 10:12:41,145 INFO     ___FILE_ONLY___ [pubsub] INFO: Forwarding key: User-Agent

2026-01-19 10:12:41,145 INFO     ___FILE_ONLY___ [pubsub] Jan 19, 2026 10:12:41 AM io.gapi.emulators.grpc.HttpAdapter$StubMethodHandler handle

2026-01-19 10:12:41,145 INFO     ___FILE_ONLY___ [pubsub] INFO: Forwarding key: Accept

2026-01-19 10:12:41,145 INFO     ___FILE_ONLY___ [pubsub] Jan 19, 2026 10:12:41 AM io.gapi.emulators.grpc.HttpAdapter$StubMethodHandler handle

2026-01-19 10:12:41,146 INFO     ___FILE_ONLY___ [pubsub] INFO: Forwarding key: Content-Type

2026-01-19 10:12:41,146 INFO     ___FILE_ONLY___ [pubsub] Jan 19, 2026 10:12:41 AM io.gapi.emulators.grpc.HttpAdapter$StubMethodHandler handle

2026-01-19 10:12:41,146 INFO     ___FILE_ONLY___ [pubsub] INFO: Not forwarding key: Content-Length

2026-01-19 10:12:41,170 INFO     ___FILE_ONLY___ [pubsub] Jan 19, 2026 10:12:41 AM io.gapi.emulators.netty.HttpVersionRoutingHandler channelRead

2026-01-19 10:12:41,171 INFO     ___FILE_ONLY___ [pubsub] INFO: Detected non-HTTP/2 connection.

2026-01-19 10:12:41,172 INFO     ___FILE_ONLY___ [pubsub] Jan 19, 2026 10:12:41 AM io.gapi.emulators.grpc.HttpAdapter$StubMethodHandler handle

2026-01-19 10:12:41,172 INFO     ___FILE_ONLY___ [pubsub] INFO: Forwarding key: Host

2026-01-19 10:12:41,173 INFO     ___FILE_ONLY___ [pubsub] Jan 19, 2026 10:12:41 AM io.gapi.emulators.grpc.HttpAdapter$StubMethodHandler handle

2026-01-19 10:12:41,173 INFO     ___FILE_ONLY___ [pubsub] INFO: Forwarding key: User-Agent

2026-01-19 10:12:41,173 INFO     ___FILE_ONLY___ [pubsub] Jan 19, 2026 10:12:41 AM io.gapi.emulators.grpc.HttpAdapter$StubMethodHandler handle

2026-01-19 10:12:41,173 INFO     ___FILE_ONLY___ [pubsub] INFO: Forwarding key: Accept

2026-01-19 10:12:41,174 INFO     ___FILE_ONLY___ [pubsub] Jan 19, 2026 10:12:41 AM io.gapi.emulators.grpc.HttpAdapter$StubMethodHandler handle

2026-01-19 10:12:41,174 INFO     ___FILE_ONLY___ [pubsub] INFO: Not forwarding key: content-length

2026-01-19 10:12:41,179 INFO     ___FILE_ONLY___ [pubsub] Jan 19, 2026 10:12:41 AM io.gapi.emulators.netty.HttpHandler$1 onError

2026-01-19 10:12:41,179 INFO     ___FILE_ONLY___ [pubsub] INFO: Exception when handling request: NOT_FOUND: Subscription does not exist

2026-01-19 10:12:41,191 INFO     ___FILE_ONLY___ [pubsub] Jan 19, 2026 10:12:41 AM io.gapi.emulators.netty.HttpVersionRoutingHandler channelRead

2026-01-19 10:12:41,192 INFO     ___FILE_ONLY___ [pubsub] INFO: Detected non-HTTP/2 connection.

2026-01-19 10:12:41,193 INFO     ___FILE_ONLY___ [pubsub] Jan 19, 2026 10:12:41 AM io.gapi.emulators.grpc.HttpAdapter$StubMethodHandler handle

2026-01-19 10:12:41,194 INFO     ___FILE_ONLY___ [pubsub] INFO: Forwarding key: Host

2026-01-19 10:12:41,194 INFO     ___FILE_ONLY___ [pubsub] Jan 19, 2026 10:12:41 AM io.gapi.emulators.grpc.HttpAdapter$StubMethodHandler handle

2026-01-19 10:12:41,194 INFO     ___FILE_ONLY___ [pubsub] INFO: Forwarding key: User-Agent

2026-01-19 10:12:41,195 INFO     ___FILE_ONLY___ [pubsub] Jan 19, 2026 10:12:41 AM io.gapi.emulators.grpc.HttpAdapter$StubMethodHandler handle

2026-01-19 10:12:41,195 INFO     ___FILE_ONLY___ [pubsub] INFO: Forwarding key: Accept

2026-01-19 10:12:41,195 INFO     ___FILE_ONLY___ [pubsub] Jan 19, 2026 10:12:41 AM io.gapi.emulators.grpc.HttpAdapter$StubMethodHandler handle

2026-01-19 10:12:41,196 INFO     ___FILE_ONLY___ [pubsub] INFO: Forwarding key: Content-Type

2026-01-19 10:12:41,196 INFO     ___FILE_ONLY___ [pubsub] Jan 19, 2026 10:12:41 AM io.gapi.emulators.grpc.HttpAdapter$StubMethodHandler handle

2026-01-19 10:12:41,196 INFO     ___FILE_ONLY___ [pubsub] INFO: Not forwarding key: Content-Length

2026-01-19 10:12:41,212 INFO     ___FILE_ONLY___ [pubsub] Jan 19, 2026 10:12:41 AM io.gapi.emulators.netty.HttpVersionRoutingHandler channelRead

2026-01-19 10:12:41,212 INFO     ___FILE_ONLY___ [pubsub] INFO: Detected non-HTTP/2 connection.

2026-01-19 10:12:41,213 INFO     ___FILE_ONLY___ [pubsub] Jan 19, 2026 10:12:41 AM io.gapi.emulators.grpc.HttpAdapter$StubMethodHandler handle

2026-01-19 10:12:41,214 INFO     ___FILE_ONLY___ [pubsub] INFO: Forwarding key: Host

2026-01-19 10:12:41,214 INFO     ___FILE_ONLY___ [pubsub] Jan 19, 2026 10:12:41 AM io.gapi.emulators.grpc.HttpAdapter$StubMethodHandler handle

2026-01-19 10:12:41,215 INFO     ___FILE_ONLY___ [pubsub] INFO: Forwarding key: User-Agent

2026-01-19 10:12:41,215 INFO     ___FILE_ONLY___ [pubsub] Jan 19, 2026 10:12:41 AM io.gapi.emulators.grpc.HttpAdapter$StubMethodHandler handle

2026-01-19 10:12:41,215 INFO     ___FILE_ONLY___ [pubsub] INFO: Forwarding key: Accept

2026-01-19 10:12:41,216 INFO     ___FILE_ONLY___ [pubsub] Jan 19, 2026 10:12:41 AM io.gapi.emulators.grpc.HttpAdapter$StubMethodHandler handle

2026-01-19 10:12:41,216 INFO     ___FILE_ONLY___ [pubsub] INFO: Not forwarding key: content-length

2026-01-19 10:12:41,219 INFO     ___FILE_ONLY___ [pubsub] Jan 19, 2026 10:12:41 AM io.gapi.emulators.netty.HttpHandler$1 onError

2026-01-19 10:12:41,219 INFO     ___FILE_ONLY___ [pubsub] INFO: Exception when handling request: NOT_FOUND: Subscription does not exist

2026-01-19 10:12:41,231 INFO     ___FILE_ONLY___ [pubsub] Jan 19, 2026 10:12:41 AM io.gapi.emulators.netty.HttpVersionRoutingHandler channelRead

2026-01-19 10:12:41,232 INFO     ___FILE_ONLY___ [pubsub] INFO: Detected non-HTTP/2 connection.

2026-01-19 10:12:41,233 INFO     ___FILE_ONLY___ [pubsub] Jan 19, 2026 10:12:41 AM io.gapi.emulators.grpc.HttpAdapter$StubMethodHandler handle

2026-01-19 10:12:41,233 INFO     ___FILE_ONLY___ [pubsub] INFO: Forwarding key: Host

2026-01-19 10:12:41,233 INFO     ___FILE_ONLY___ [pubsub] Jan 19, 2026 10:12:41 AM io.gapi.emulators.grpc.HttpAdapter$StubMethodHandler handle

2026-01-19 10:12:41,233 INFO     ___FILE_ONLY___ [pubsub] INFO: Forwarding key: User-Agent

2026-01-19 10:12:41,234 INFO     ___FILE_ONLY___ [pubsub] Jan 19, 2026 10:12:41 AM io.gapi.emulators.grpc.HttpAdapter$StubMethodHandler handle

2026-01-19 10:12:41,234 INFO     ___FILE_ONLY___ [pubsub] INFO: Forwarding key: Accept

2026-01-19 10:12:41,234 INFO     ___FILE_ONLY___ [pubsub] Jan 19, 2026 10:12:41 AM io.gapi.emulators.grpc.HttpAdapter$StubMethodHandler handle

2026-01-19 10:12:41,234 INFO     ___FILE_ONLY___ [pubsub] INFO: Forwarding key: Content-Type

2026-01-19 10:12:41,234 INFO     ___FILE_ONLY___ [pubsub] Jan 19, 2026 10:12:41 AM io.gapi.emulators.grpc.HttpAdapter$StubMethodHandler handle

2026-01-19 10:12:41,235 INFO     ___FILE_ONLY___ [pubsub] INFO: Not forwarding key: Content-Length

2026-01-19 10:12:41,251 INFO     ___FILE_ONLY___ [pubsub] Jan 19, 2026 10:12:41 AM io.gapi.emulators.netty.HttpVersionRoutingHandler channelRead

2026-01-19 10:12:41,252 INFO     ___FILE_ONLY___ [pubsub] INFO: Detected non-HTTP/2 connection.

2026-01-19 10:12:41,253 INFO     ___FILE_ONLY___ [pubsub] Jan 19, 2026 10:12:41 AM io.gapi.emulators.grpc.HttpAdapter$StubMethodHandler handle

2026-01-19 10:12:41,253 INFO     ___FILE_ONLY___ [pubsub] INFO: Forwarding key: Host

2026-01-19 10:12:41,254 INFO     ___FILE_ONLY___ [pubsub] Jan 19, 2026 10:12:41 AM io.gapi.emulators.grpc.HttpAdapter$StubMethodHandler handle

2026-01-19 10:12:41,254 INFO     ___FILE_ONLY___ [pubsub] INFO: Forwarding key: User-Agent

2026-01-19 10:12:41,254 INFO     ___FILE_ONLY___ [pubsub] Jan 19, 2026 10:12:41 AM io.gapi.emulators.grpc.HttpAdapter$StubMethodHandler handle

2026-01-19 10:12:41,254 INFO     ___FILE_ONLY___ [pubsub] INFO: Forwarding key: Accept

2026-01-19 10:12:41,255 INFO     ___FILE_ONLY___ [pubsub] Jan 19, 2026 10:12:41 AM io.gapi.emulators.grpc.HttpAdapter$StubMethodHandler handle

2026-01-19 10:12:41,255 INFO     ___FILE_ONLY___ [pubsub] INFO: Not forwarding key: content-length

2026-01-19 10:12:41,259 INFO     ___FILE_ONLY___ [pubsub] Jan 19, 2026 10:12:41 AM io.gapi.emulators.netty.HttpHandler$1 onError

2026-01-19 10:12:41,260 INFO     ___FILE_ONLY___ [pubsub] INFO: Exception when handling request: NOT_FOUND: Subscription does not exist

2026-01-19 10:12:41,272 INFO     ___FILE_ONLY___ [pubsub] Jan 19, 2026 10:12:41 AM io.gapi.emulators.netty.HttpVersionRoutingHandler channelRead

2026-01-19 10:12:41,272 INFO     ___FILE_ONLY___ [pubsub] INFO: Detected non-HTTP/2 connection.

2026-01-19 10:12:41,276 INFO     ___FILE_ONLY___ [pubsub] Jan 19, 2026 10:12:41 AM io.gapi.emulators.grpc.HttpAdapter$StubMethodHandler handle

2026-01-19 10:12:41,276 INFO     ___FILE_ONLY___ [pubsub] INFO: Forwarding key: Host

2026-01-19 10:12:41,276 INFO     ___FILE_ONLY___ [pubsub] Jan 19, 2026 10:12:41 AM io.gapi.emulators.grpc.HttpAdapter$StubMethodHandler handle

2026-01-19 10:12:41,277 INFO     ___FILE_ONLY___ [pubsub] INFO: Forwarding key: User-Agent

2026-01-19 10:12:41,277 INFO     ___FILE_ONLY___ [pubsub] Jan 19, 2026 10:12:41 AM io.gapi.emulators.grpc.HttpAdapter$StubMethodHandler handle

2026-01-19 10:12:41,277 INFO     ___FILE_ONLY___ [pubsub] INFO: Forwarding key: Accept

2026-01-19 10:12:41,278 INFO     ___FILE_ONLY___ [pubsub] Jan 19, 2026 10:12:41 AM io.gapi.emulators.grpc.HttpAdapter$StubMethodHandler handle

2026-01-19 10:12:41,278 INFO     ___FILE_ONLY___ [pubsub] INFO: Forwarding key: Content-Type

2026-01-19 10:12:41,278 INFO     ___FILE_ONLY___ [pubsub] Jan 19, 2026 10:12:41 AM io.gapi.emulators.grpc.HttpAdapter$StubMethodHandler handle

2026-01-19 10:12:41,278 INFO     ___FILE_ONLY___ [pubsub] INFO: Not forwarding key: Content-Length

2026-01-19 10:12:41,351 INFO     ___FILE_ONLY___ [pubsub] Jan 19, 2026 10:12:41 AM io.gapi.emulators.netty.HttpVersionRoutingHandler channelRead

2026-01-19 10:12:41,352 INFO     ___FILE_ONLY___ [pubsub] INFO: Detected non-HTTP/2 connection.

2026-01-19 10:12:41,357 INFO     ___FILE_ONLY___ [pubsub] Jan 19, 2026 10:12:41 AM io.gapi.emulators.grpc.HttpAdapter$StubMethodHandler handle

2026-01-19 10:12:41,358 INFO     ___FILE_ONLY___ [pubsub] INFO: Forwarding key: Host

2026-01-19 10:12:41,358 INFO     ___FILE_ONLY___ [pubsub] Jan 19, 2026 10:12:41 AM io.gapi.emulators.grpc.HttpAdapter$StubMethodHandler handle

2026-01-19 10:12:41,358 INFO     ___FILE_ONLY___ [pubsub] INFO: Forwarding key: User-Agent

2026-01-19 10:12:41,359 INFO     ___FILE_ONLY___ [pubsub] Jan 19, 2026 10:12:41 AM io.gapi.emulators.grpc.HttpAdapter$StubMethodHandler handle

2026-01-19 10:12:41,359 INFO     ___FILE_ONLY___ [pubsub] INFO: Forwarding key: Accept

2026-01-19 10:12:41,359 INFO     ___FILE_ONLY___ [pubsub] Jan 19, 2026 10:12:41 AM io.gapi.emulators.grpc.HttpAdapter$StubMethodHandler handle

2026-01-19 10:12:41,359 INFO     ___FILE_ONLY___ [pubsub] INFO: Not forwarding key: content-length

2026-01-19 10:12:41,365 INFO     ___FILE_ONLY___ [pubsub] Jan 19, 2026 10:12:41 AM io.gapi.emulators.netty.HttpHandler$1 onError

2026-01-19 10:12:41,366 INFO     ___FILE_ONLY___ [pubsub] INFO: Exception when handling request: NOT_FOUND: Subscription does not exist

2026-01-19 10:12:41,383 INFO     ___FILE_ONLY___ [pubsub] Jan 19, 2026 10:12:41 AM io.gapi.emulators.netty.HttpVersionRoutingHandler channelRead

2026-01-19 10:12:41,383 INFO     ___FILE_ONLY___ [pubsub] INFO: Detected non-HTTP/2 connection.

2026-01-19 10:12:41,385 INFO     ___FILE_ONLY___ [pubsub] Jan 19, 2026 10:12:41 AM io.gapi.emulators.grpc.HttpAdapter$StubMethodHandler handle

2026-01-19 10:12:41,386 INFO     ___FILE_ONLY___ [pubsub] INFO: Forwarding key: Host

2026-01-19 10:12:41,386 INFO     ___FILE_ONLY___ [pubsub] Jan 19, 2026 10:12:41 AM io.gapi.emulators.grpc.HttpAdapter$StubMethodHandler handle

2026-01-19 10:12:41,386 INFO     ___FILE_ONLY___ [pubsub] INFO: Forwarding key: User-Agent

2026-01-19 10:12:41,387 INFO     ___FILE_ONLY___ [pubsub] Jan 19, 2026 10:12:41 AM io.gapi.emulators.grpc.HttpAdapter$StubMethodHandler handle

2026-01-19 10:12:41,387 INFO     ___FILE_ONLY___ [pubsub] INFO: Forwarding key: Accept

2026-01-19 10:12:41,387 INFO     ___FILE_ONLY___ [pubsub] Jan 19, 2026 10:12:41 AM io.gapi.emulators.grpc.HttpAdapter$StubMethodHandler handle

2026-01-19 10:12:41,388 INFO     ___FILE_ONLY___ [pubsub] INFO: Forwarding key: Content-Type

2026-01-19 10:12:41,388 INFO     ___FILE_ONLY___ [pubsub] Jan 19, 2026 10:12:41 AM io.gapi.emulators.grpc.HttpAdapter$StubMethodHandler handle

2026-01-19 10:12:41,388 INFO     ___FILE_ONLY___ [pubsub] INFO: Not forwarding key: Content-Length

2026-01-19 10:12:41,409 INFO     ___FILE_ONLY___ [pubsub] Jan 19, 2026 10:12:41 AM io.gapi.emulators.netty.HttpVersionRoutingHandler channelRead

2026-01-19 10:12:41,409 INFO     ___FILE_ONLY___ [pubsub] INFO: Detected non-HTTP/2 connection.

2026-01-19 10:12:41,409 INFO     ___FILE_ONLY___ [pubsub] Jan 19, 2026 10:12:41 AM io.gapi.emulators.grpc.HttpAdapter$StubMethodHandler handle

2026-01-19 10:12:41,410 INFO     ___FILE_ONLY___ [pubsub] INFO: Forwarding key: Host

2026-01-19 10:12:41,410 INFO     ___FILE_ONLY___ [pubsub] Jan 19, 2026 10:12:41 AM io.gapi.emulators.grpc.HttpAdapter$StubMethodHandler handle

2026-01-19 10:12:41,410 INFO     ___FILE_ONLY___ [pubsub] INFO: Forwarding key: User-Agent

2026-01-19 10:12:41,410 INFO     ___FILE_ONLY___ [pubsub] Jan 19, 2026 10:12:41 AM io.gapi.emulators.grpc.HttpAdapter$StubMethodHandler handle

2026-01-19 10:12:41,411 INFO     ___FILE_ONLY___ [pubsub] INFO: Forwarding key: Accept

2026-01-19 10:12:41,411 INFO     ___FILE_ONLY___ [pubsub] Jan 19, 2026 10:12:41 AM io.gapi.emulators.grpc.HttpAdapter$StubMethodHandler handle

2026-01-19 10:12:41,411 INFO     ___FILE_ONLY___ [pubsub] INFO: Not forwarding key: content-length

2026-01-19 10:12:41,416 INFO     ___FILE_ONLY___ [pubsub] Jan 19, 2026 10:12:41 AM io.gapi.emulators.netty.HttpHandler$1 onError

2026-01-19 10:12:41,416 INFO     ___FILE_ONLY___ [pubsub] INFO: Exception when handling request: NOT_FOUND: Subscription does not exist

2026-01-19 10:12:41,434 INFO     ___FILE_ONLY___ [pubsub] Jan 19, 2026 10:12:41 AM io.gapi.emulators.netty.HttpVersionRoutingHandler channelRead

2026-01-19 10:12:41,434 INFO     ___FILE_ONLY___ [pubsub] INFO: Detected non-HTTP/2 connection.

2026-01-19 10:12:41,435 INFO     ___FILE_ONLY___ [pubsub] Jan 19, 2026 10:12:41 AM io.gapi.emulators.grpc.HttpAdapter$StubMethodHandler handle

2026-01-19 10:12:41,435 INFO     ___FILE_ONLY___ [pubsub] INFO: Forwarding key: Host

2026-01-19 10:12:41,436 INFO     ___FILE_ONLY___ [pubsub] Jan 19, 2026 10:12:41 AM io.gapi.emulators.grpc.HttpAdapter$StubMethodHandler handle

2026-01-19 10:12:41,436 INFO     ___FILE_ONLY___ [pubsub] INFO: Forwarding key: User-Agent

2026-01-19 10:12:41,436 INFO     ___FILE_ONLY___ [pubsub] Jan 19, 2026 10:12:41 AM io.gapi.emulators.grpc.HttpAdapter$StubMethodHandler handle

2026-01-19 10:12:41,436 INFO     ___FILE_ONLY___ [pubsub] INFO: Forwarding key: Accept

2026-01-19 10:12:41,437 INFO     ___FILE_ONLY___ [pubsub] Jan 19, 2026 10:12:41 AM io.gapi.emulators.grpc.HttpAdapter$StubMethodHandler handle

2026-01-19 10:12:41,437 INFO     ___FILE_ONLY___ [pubsub] INFO: Forwarding key: Content-Type

2026-01-19 10:12:41,437 INFO     ___FILE_ONLY___ [pubsub] Jan 19, 2026 10:12:41 AM io.gapi.emulators.grpc.HttpAdapter$StubMethodHandler handle

2026-01-19 10:12:41,437 INFO     ___FILE_ONLY___ [pubsub] INFO: Not forwarding key: Content-Length

2026-01-19 10:12:41,459 INFO     ___FILE_ONLY___ [pubsub] Jan 19, 2026 10:12:41 AM io.gapi.emulators.netty.HttpVersionRoutingHandler channelRead

2026-01-19 10:12:41,460 INFO     ___FILE_ONLY___ [pubsub] INFO: Detected non-HTTP/2 connection.

2026-01-19 10:12:41,461 INFO     ___FILE_ONLY___ [pubsub] Jan 19, 2026 10:12:41 AM io.gapi.emulators.grpc.HttpAdapter$StubMethodHandler handle

2026-01-19 10:12:41,461 INFO     ___FILE_ONLY___ [pubsub] INFO: Forwarding key: Host

2026-01-19 10:12:41,461 INFO     ___FILE_ONLY___ [pubsub] Jan 19, 2026 10:12:41 AM io.gapi.emulators.grpc.HttpAdapter$StubMethodHandler handle

2026-01-19 10:12:41,462 INFO     ___FILE_ONLY___ [pubsub] INFO: Forwarding key: User-Agent

2026-01-19 10:12:41,462 INFO     ___FILE_ONLY___ [pubsub] Jan 19, 2026 10:12:41 AM io.gapi.emulators.grpc.HttpAdapter$StubMethodHandler handle

2026-01-19 10:12:41,462 INFO     ___FILE_ONLY___ [pubsub] INFO: Forwarding key: Accept

2026-01-19 10:12:41,462 INFO     ___FILE_ONLY___ [pubsub] Jan 19, 2026 10:12:41 AM io.gapi.emulators.grpc.HttpAdapter$StubMethodHandler handle

2026-01-19 10:12:41,463 INFO     ___FILE_ONLY___ [pubsub] INFO: Not forwarding key: content-length

2026-01-19 10:12:41,467 INFO     ___FILE_ONLY___ [pubsub] Jan 19, 2026 10:12:41 AM io.gapi.emulators.netty.HttpHandler$1 onError

2026-01-19 10:12:41,468 INFO     ___FILE_ONLY___ [pubsub] INFO: Exception when handling request: NOT_FOUND: Subscription does not exist

2026-01-19 10:12:41,483 INFO     ___FILE_ONLY___ [pubsub] Jan 19, 2026 10:12:41 AM io.gapi.emulators.netty.HttpVersionRoutingHandler channelRead

2026-01-19 10:12:41,485 INFO     ___FILE_ONLY___ [pubsub] INFO: Detected non-HTTP/2 connection.

2026-01-19 10:12:41,486 INFO     ___FILE_ONLY___ [pubsub] Jan 19, 2026 10:12:41 AM io.gapi.emulators.grpc.HttpAdapter$StubMethodHandler handle

2026-01-19 10:12:41,486 INFO     ___FILE_ONLY___ [pubsub] INFO: Forwarding key: Host

2026-01-19 10:12:41,486 INFO     ___FILE_ONLY___ [pubsub] Jan 19, 2026 10:12:41 AM io.gapi.emulators.grpc.HttpAdapter$StubMethodHandler handle

2026-01-19 10:12:41,487 INFO     ___FILE_ONLY___ [pubsub] INFO: Forwarding key: User-Agent

2026-01-19 10:12:41,487 INFO     ___FILE_ONLY___ [pubsub] Jan 19, 2026 10:12:41 AM io.gapi.emulators.grpc.HttpAdapter$StubMethodHandler handle

2026-01-19 10:12:41,487 INFO     ___FILE_ONLY___ [pubsub] INFO: Forwarding key: Accept

2026-01-19 10:12:41,487 INFO     ___FILE_ONLY___ [pubsub] Jan 19, 2026 10:12:41 AM io.gapi.emulators.grpc.HttpAdapter$StubMethodHandler handle

2026-01-19 10:12:41,488 INFO     ___FILE_ONLY___ [pubsub] INFO: Forwarding key: Content-Type

2026-01-19 10:12:41,488 INFO     ___FILE_ONLY___ [pubsub] Jan 19, 2026 10:12:41 AM io.gapi.emulators.grpc.HttpAdapter$StubMethodHandler handle

2026-01-19 10:12:41,488 INFO     ___FILE_ONLY___ [pubsub] INFO: Not forwarding key: Content-Length

2026-01-19 10:12:41,507 INFO     ___FILE_ONLY___ [pubsub] Jan 19, 2026 10:12:41 AM io.gapi.emulators.netty.HttpVersionRoutingHandler channelRead

2026-01-19 10:12:41,508 INFO     ___FILE_ONLY___ [pubsub] INFO: Detected non-HTTP/2 connection.

2026-01-19 10:12:41,508 INFO     ___FILE_ONLY___ [pubsub] Jan 19, 2026 10:12:41 AM io.gapi.emulators.grpc.HttpAdapter$StubMethodHandler handle

2026-01-19 10:12:41,509 INFO     ___FILE_ONLY___ [pubsub] INFO: Forwarding key: Host

2026-01-19 10:12:41,509 INFO     ___FILE_ONLY___ [pubsub] Jan 19, 2026 10:12:41 AM io.gapi.emulators.grpc.HttpAdapter$StubMethodHandler handle

2026-01-19 10:12:41,509 INFO     ___FILE_ONLY___ [pubsub] INFO: Forwarding key: User-Agent

2026-01-19 10:12:41,509 INFO     ___FILE_ONLY___ [pubsub] Jan 19, 2026 10:12:41 AM io.gapi.emulators.grpc.HttpAdapter$StubMethodHandler handle

2026-01-19 10:12:41,510 INFO     ___FILE_ONLY___ [pubsub] INFO: Forwarding key: Accept

2026-01-19 10:12:41,510 INFO     ___FILE_ONLY___ [pubsub] Jan 19, 2026 10:12:41 AM io.gapi.emulators.grpc.HttpAdapter$StubMethodHandler handle

2026-01-19 10:12:41,510 INFO     ___FILE_ONLY___ [pubsub] INFO: Not forwarding key: content-length

2026-01-19 10:12:41,514 INFO     ___FILE_ONLY___ [pubsub] Jan 19, 2026 10:12:41 AM io.gapi.emulators.netty.HttpHandler$1 onError

2026-01-19 10:12:41,515 INFO     ___FILE_ONLY___ [pubsub] INFO: Exception when handling request: NOT_FOUND: Subscription does not exist

2026-01-19 10:12:41,530 INFO     ___FILE_ONLY___ [pubsub] Jan 19, 2026 10:12:41 AM io.gapi.emulators.netty.HttpVersionRoutingHandler channelRead

2026-01-19 10:12:41,530 INFO     ___FILE_ONLY___ [pubsub] INFO: Detected non-HTTP/2 connection.

2026-01-19 10:12:41,531 INFO     ___FILE_ONLY___ [pubsub] Jan 19, 2026 10:12:41 AM io.gapi.emulators.grpc.HttpAdapter$StubMethodHandler handle

2026-01-19 10:12:41,531 INFO     ___FILE_ONLY___ [pubsub] INFO: Forwarding key: Host

2026-01-19 10:12:41,532 INFO     ___FILE_ONLY___ [pubsub] Jan 19, 2026 10:12:41 AM io.gapi.emulators.grpc.HttpAdapter$StubMethodHandler handle

2026-01-19 10:12:41,532 INFO     ___FILE_ONLY___ [pubsub] INFO: Forwarding key: User-Agent

2026-01-19 10:12:41,532 INFO     ___FILE_ONLY___ [pubsub] Jan 19, 2026 10:12:41 AM io.gapi.emulators.grpc.HttpAdapter$StubMethodHandler handle

2026-01-19 10:12:41,533 INFO     ___FILE_ONLY___ [pubsub] INFO: Forwarding key: Accept

2026-01-19 10:12:41,533 INFO     ___FILE_ONLY___ [pubsub] Jan 19, 2026 10:12:41 AM io.gapi.emulators.grpc.HttpAdapter$StubMethodHandler handle

2026-01-19 10:12:41,533 INFO     ___FILE_ONLY___ [pubsub] INFO: Forwarding key: Content-Type

2026-01-19 10:12:41,533 INFO     ___FILE_ONLY___ [pubsub] Jan 19, 2026 10:12:41 AM io.gapi.emulators.grpc.HttpAdapter$StubMethodHandler handle

2026-01-19 10:12:41,534 INFO     ___FILE_ONLY___ [pubsub] INFO: Not forwarding key: Content-Length

2026-01-19 10:12:41,541 INFO     ___FILE_ONLY___ [pubsub] Jan 19, 2026 10:12:41 AM io.netty.util.ResourceLeakDetector reportTracedLeak

2026-01-19 10:12:41,542 INFO     ___FILE_ONLY___ [pubsub] SEVERE: LEAK: ByteBuf.release() was not called before it's garbage-collected. See https://netty.io/wiki/reference-counted-objects.html for more information.

2026-01-19 10:12:41,542 INFO     ___FILE_ONLY___ [pubsub] Recent access records:

2026-01-19 10:12:41,542 INFO     ___FILE_ONLY___ [pubsub] Created at:

2026-01-19 10:12:41,542 INFO     ___FILE_ONLY___ [pubsub] 	io.netty.buffer.PooledByteBufAllocator.newDirectBuffer(PooledByteBufAllocator.java:410)

2026-01-19 10:12:41,543 INFO     ___FILE_ONLY___ [pubsub] 	io.netty.buffer.AbstractByteBufAllocator.directBuffer(AbstractByteBufAllocator.java:188)

2026-01-19 10:12:41,543 INFO     ___FILE_ONLY___ [pubsub] 	io.netty.buffer.AbstractByteBufAllocator.directBuffer(AbstractByteBufAllocator.java:179)

2026-01-19 10:12:41,543 INFO     ___FILE_ONLY___ [pubsub] 	io.netty.buffer.CompositeByteBuf.allocBuffer(CompositeByteBuf.java:1879)

2026-01-19 10:12:41,544 INFO     ___FILE_ONLY___ [pubsub] 	io.netty.buffer.CompositeByteBuf.copy(CompositeByteBuf.java:1524)

2026-01-19 10:12:41,544 INFO     ___FILE_ONLY___ [pubsub] 	io.netty.buffer.AbstractByteBuf.copy(AbstractByteBuf.java:1194)

2026-01-19 10:12:41,544 INFO     ___FILE_ONLY___ [pubsub] 	io.gapi.emulators.grpc.HttpAdapter$StubMethodHandler.handle(HttpAdapter.java:557)

2026-01-19 10:12:41,545 INFO     ___FILE_ONLY___ [pubsub] 	io.gapi.emulators.grpc.HttpAdapter$UnaryMethodHandler.handle(HttpAdapter.java:641)

2026-01-19 10:12:41,545 INFO     ___FILE_ONLY___ [pubsub] 	io.gapi.emulators.grpc.HttpAdapter.handleRequest(HttpAdapter.java:219)

2026-01-19 10:12:41,545 INFO     ___FILE_ONLY___ [pubsub] 	io.gapi.emulators.netty.HttpHandler.channelRead(HttpHandler.java:52)

2026-01-19 10:12:41,545 INFO     ___FILE_ONLY___ [pubsub] 	io.netty.channel.AbstractChannelHandlerContext.invokeChannelRead(AbstractChannelHandlerContext.java:442)

2026-01-19 10:12:41,546 INFO     ___FILE_ONLY___ [pubsub] 	io.netty.channel.AbstractChannelHandlerContext.invokeChannelRead(AbstractChannelHandlerContext.java:420)

2026-01-19 10:12:41,546 INFO     ___FILE_ONLY___ [pubsub] 	io.netty.channel.AbstractChannelHandlerContext.fireChannelRead(AbstractChannelHandlerContext.java:412)

2026-01-19 10:12:41,546 INFO     ___FILE_ONLY___ [pubsub] 	io.netty.handler.codec.MessageToMessageDecoder.channelRead(MessageToMessageDecoder.java:107)

2026-01-19 10:12:41,546 INFO     ___FILE_ONLY___ [pubsub] 	io.netty.channel.AbstractChannelHandlerContext.invokeChannelRead(AbstractChannelHandlerContext.java:444)

2026-01-19 10:12:41,547 INFO     ___FILE_ONLY___ [pubsub] 	io.netty.channel.AbstractChannelHandlerContext.invokeChannelRead(AbstractChannelHandlerContext.java:420)

2026-01-19 10:12:41,547 INFO     ___FILE_ONLY___ [pubsub] 	io.netty.channel.AbstractChannelHandlerContext.fireChannelRead(AbstractChannelHandlerContext.java:412)

2026-01-19 10:12:41,547 INFO     ___FILE_ONLY___ [pubsub] 	io.netty.handler.codec.http.HttpContentDecoder.decode(HttpContentDecoder.java:166)

2026-01-19 10:12:41,547 INFO     ___FILE_ONLY___ [pubsub] 	io.netty.handler.codec.http.HttpContentDecoder.decode(HttpContentDecoder.java:48)

2026-01-19 10:12:41,548 INFO     ___FILE_ONLY___ [pubsub] 	io.netty.handler.codec.MessageToMessageDecoder.channelRead(MessageToMessageDecoder.java:91)

2026-01-19 10:12:41,548 INFO     ___FILE_ONLY___ [pubsub] 	io.netty.channel.AbstractChannelHandlerContext.invokeChannelRead(AbstractChannelHandlerContext.java:444)

2026-01-19 10:12:41,548 INFO     ___FILE_ONLY___ [pubsub] 	io.netty.channel.AbstractChannelHandlerContext.invokeChannelRead(AbstractChannelHandlerContext.java:420)

2026-01-19 10:12:41,548 INFO     ___FILE_ONLY___ [pubsub] 	io.netty.channel.AbstractChannelHandlerContext.fireChannelRead(AbstractChannelHandlerContext.java:412)

2026-01-19 10:12:41,548 INFO     ___FILE_ONLY___ [pubsub] 	io.netty.handler.codec.ByteToMessageDecoder.fireChannelRead(ByteToMessageDecoder.java:346)

2026-01-19 10:12:41,549 INFO     ___FILE_ONLY___ [pubsub] 	io.netty.handler.codec.ByteToMessageDecoder.channelRead(ByteToMessageDecoder.java:318)

2026-01-19 10:12:41,549 INFO     ___FILE_ONLY___ [pubsub] 	io.netty.channel.AbstractChannelHandlerContext.invokeChannelRead(AbstractChannelHandlerContext.java:444)

2026-01-19 10:12:41,549 INFO     ___FILE_ONLY___ [pubsub] 	io.netty.channel.AbstractChannelHandlerContext.access$600(AbstractChannelHandlerContext.java:61)

2026-01-19 10:12:41,549 INFO     ___FILE_ONLY___ [pubsub] 	io.netty.channel.AbstractChannelHandlerContext$7.run(AbstractChannelHandlerContext.java:425)

2026-01-19 10:12:41,549 INFO     ___FILE_ONLY___ [pubsub] 	io.netty.util.concurrent.AbstractEventExecutor.runTask(AbstractEventExecutor.java:173)

2026-01-19 10:12:41,550 INFO     ___FILE_ONLY___ [pubsub] 	io.netty.util.concurrent.AbstractEventExecutor.safeExecute(AbstractEventExecutor.java:166)

2026-01-19 10:12:41,550 INFO     ___FILE_ONLY___ [pubsub] 	io.netty.util.concurrent.SingleThreadEventExecutor.runAllTasks(SingleThreadEventExecutor.java:472)

2026-01-19 10:12:41,550 INFO     ___FILE_ONLY___ [pubsub] 	io.netty.channel.nio.NioEventLoop.run(NioEventLoop.java:569)

2026-01-19 10:12:41,550 INFO     ___FILE_ONLY___ [pubsub] 	io.netty.util.concurrent.SingleThreadEventExecutor$4.run(SingleThreadEventExecutor.java:998)

2026-01-19 10:12:41,550 INFO     ___FILE_ONLY___ [pubsub] 	io.netty.util.internal.ThreadExecutorMap$2.run(ThreadExecutorMap.java:74)

2026-01-19 10:12:41,551 INFO     ___FILE_ONLY___ [pubsub] 	java.base/java.lang.Thread.run(Thread.java:1583)

2026-01-19 10:12:41,559 INFO     ___FILE_ONLY___ [pubsub] Jan 19, 2026 10:12:41 AM io.gapi.emulators.netty.HttpVersionRoutingHandler channelRead

2026-01-19 10:12:41,560 INFO     ___FILE_ONLY___ [pubsub] INFO: Detected non-HTTP/2 connection.

2026-01-19 10:12:41,561 INFO     ___FILE_ONLY___ [pubsub] Jan 19, 2026 10:12:41 AM io.gapi.emulators.grpc.HttpAdapter$StubMethodHandler handle

2026-01-19 10:12:41,561 INFO     ___FILE_ONLY___ [pubsub] INFO: Forwarding key: Host

2026-01-19 10:12:41,561 INFO     ___FILE_ONLY___ [pubsub] Jan 19, 2026 10:12:41 AM io.gapi.emulators.grpc.HttpAdapter$StubMethodHandler handle

2026-01-19 10:12:41,562 INFO     ___FILE_ONLY___ [pubsub] INFO: Forwarding key: User-Agent

2026-01-19 10:12:41,562 INFO     ___FILE_ONLY___ [pubsub] Jan 19, 2026 10:12:41 AM io.gapi.emulators.grpc.HttpAdapter$StubMethodHandler handle

2026-01-19 10:12:41,563 INFO     ___FILE_ONLY___ [pubsub] INFO: Forwarding key: Accept

2026-01-19 10:12:41,564 INFO     ___FILE_ONLY___ [pubsub] Jan 19, 2026 10:12:41 AM io.gapi.emulators.grpc.HttpAdapter$StubMethodHandler handle

2026-01-19 10:12:41,565 INFO     ___FILE_ONLY___ [pubsub] INFO: Not forwarding key: content-length

2026-01-19 10:12:41,567 INFO     ___FILE_ONLY___ [pubsub] Jan 19, 2026 10:12:41 AM io.gapi.emulators.netty.HttpHandler$1 onError

2026-01-19 10:12:41,567 INFO     ___FILE_ONLY___ [pubsub] INFO: Exception when handling request: NOT_FOUND: Subscription does not exist

2026-01-19 10:12:41,580 INFO     ___FILE_ONLY___ [pubsub] Jan 19, 2026 10:12:41 AM io.gapi.emulators.netty.HttpVersionRoutingHandler channelRead

2026-01-19 10:12:41,580 INFO     ___FILE_ONLY___ [pubsub] INFO: Detected non-HTTP/2 connection.

2026-01-19 10:12:41,581 INFO     ___FILE_ONLY___ [pubsub] Jan 19, 2026 10:12:41 AM io.gapi.emulators.grpc.HttpAdapter$StubMethodHandler handle

2026-01-19 10:12:41,581 INFO     ___FILE_ONLY___ [pubsub] INFO: Forwarding key: Host

2026-01-19 10:12:41,582 INFO     ___FILE_ONLY___ [pubsub] Jan 19, 2026 10:12:41 AM io.gapi.emulators.grpc.HttpAdapter$StubMethodHandler handle

2026-01-19 10:12:41,582 INFO     ___FILE_ONLY___ [pubsub] INFO: Forwarding key: User-Agent

2026-01-19 10:12:41,582 INFO     ___FILE_ONLY___ [pubsub] Jan 19, 2026 10:12:41 AM io.gapi.emulators.grpc.HttpAdapter$StubMethodHandler handle

2026-01-19 10:12:41,582 INFO     ___FILE_ONLY___ [pubsub] INFO: Forwarding key: Accept

2026-01-19 10:12:41,583 INFO     ___FILE_ONLY___ [pubsub] Jan 19, 2026 10:12:41 AM io.gapi.emulators.grpc.HttpAdapter$StubMethodHandler handle

2026-01-19 10:12:41,583 INFO     ___FILE_ONLY___ [pubsub] INFO: Forwarding key: Content-Type

2026-01-19 10:12:41,583 INFO     ___FILE_ONLY___ [pubsub] Jan 19, 2026 10:12:41 AM io.gapi.emulators.grpc.HttpAdapter$StubMethodHandler handle

2026-01-19 10:12:41,583 INFO     ___FILE_ONLY___ [pubsub] INFO: Not forwarding key: Content-Length

2026-01-19 10:12:56,606 INFO     ___FILE_ONLY___ [pubsub] Jan 19, 2026 10:12:56 AM io.gapi.emulators.netty.HttpVersionRoutingHandler channelRead

2026-01-19 10:12:56,607 INFO     ___FILE_ONLY___ [pubsub] INFO: Detected non-HTTP/2 connection.

2026-01-19 10:12:56,610 INFO     ___FILE_ONLY___ [pubsub] Jan 19, 2026 10:12:56 AM io.gapi.emulators.grpc.HttpAdapter$StubMethodHandler handle

2026-01-19 10:12:56,610 INFO     ___FILE_ONLY___ [pubsub] INFO: Forwarding key: Host

2026-01-19 10:12:56,611 INFO     ___FILE_ONLY___ [pubsub] Jan 19, 2026 10:12:56 AM io.gapi.emulators.grpc.HttpAdapter$StubMethodHandler handle

2026-01-19 10:12:56,612 INFO     ___FILE_ONLY___ [pubsub] INFO: Forwarding key: User-Agent

2026-01-19 10:12:56,612 INFO     ___FILE_ONLY___ [pubsub] Jan 19, 2026 10:12:56 AM io.gapi.emulators.grpc.HttpAdapter$StubMethodHandler handle

2026-01-19 10:12:56,612 INFO     ___FILE_ONLY___ [pubsub] INFO: Forwarding key: Accept

2026-01-19 10:12:56,613 INFO     ___FILE_ONLY___ [pubsub] Jan 19, 2026 10:12:56 AM io.gapi.emulators.grpc.HttpAdapter$StubMethodHandler handle

2026-01-19 10:12:56,613 INFO     ___FILE_ONLY___ [pubsub] INFO: Not forwarding key: content-length

2026-01-19 10:12:56,647 INFO     ___FILE_ONLY___ [pubsub] Jan 19, 2026 10:12:56 AM io.gapi.emulators.netty.HttpVersionRoutingHandler channelRead

2026-01-19 10:12:56,648 INFO     ___FILE_ONLY___ [pubsub] INFO: Detected non-HTTP/2 connection.

2026-01-19 10:12:56,649 INFO     ___FILE_ONLY___ [pubsub] Jan 19, 2026 10:12:56 AM io.gapi.emulators.grpc.HttpAdapter$StubMethodHandler handle

2026-01-19 10:12:56,649 INFO     ___FILE_ONLY___ [pubsub] INFO: Forwarding key: Host

2026-01-19 10:12:56,650 INFO     ___FILE_ONLY___ [pubsub] Jan 19, 2026 10:12:56 AM io.gapi.emulators.grpc.HttpAdapter$StubMethodHandler handle

2026-01-19 10:12:56,650 INFO     ___FILE_ONLY___ [pubsub] INFO: Forwarding key: User-Agent

2026-01-19 10:12:56,650 INFO     ___FILE_ONLY___ [pubsub] Jan 19, 2026 10:12:56 AM io.gapi.emulators.grpc.HttpAdapter$StubMethodHandler handle

2026-01-19 10:12:56,651 INFO     ___FILE_ONLY___ [pubsub] INFO: Forwarding key: Accept

2026-01-19 10:12:56,651 INFO     ___FILE_ONLY___ [pubsub] Jan 19, 2026 10:12:56 AM io.gapi.emulators.grpc.HttpAdapter$StubMethodHandler handle

2026-01-19 10:12:56,652 INFO     ___FILE_ONLY___ [pubsub] INFO: Not forwarding key: content-length

2026-01-19 10:12:56,677 INFO     ___FILE_ONLY___ [pubsub] Jan 19, 2026 10:12:56 AM io.gapi.emulators.netty.HttpVersionRoutingHandler channelRead

2026-01-19 10:12:56,677 INFO     ___FILE_ONLY___ [pubsub] INFO: Detected non-HTTP/2 connection.

2026-01-19 10:12:56,679 INFO     ___FILE_ONLY___ [pubsub] Jan 19, 2026 10:12:56 AM io.gapi.emulators.grpc.HttpAdapter$StubMethodHandler handle

2026-01-19 10:12:56,679 INFO     ___FILE_ONLY___ [pubsub] INFO: Forwarding key: Host

2026-01-19 10:12:56,679 INFO     ___FILE_ONLY___ [pubsub] Jan 19, 2026 10:12:56 AM io.gapi.emulators.grpc.HttpAdapter$StubMethodHandler handle

2026-01-19 10:12:56,680 INFO     ___FILE_ONLY___ [pubsub] INFO: Forwarding key: User-Agent

2026-01-19 10:12:56,680 INFO     ___FILE_ONLY___ [pubsub] Jan 19, 2026 10:12:56 AM io.gapi.emulators.grpc.HttpAdapter$StubMethodHandler handle

2026-01-19 10:12:56,681 INFO     ___FILE_ONLY___ [pubsub] INFO: Forwarding key: Accept

2026-01-19 10:12:56,681 INFO     ___FILE_ONLY___ [pubsub] Jan 19, 2026 10:12:56 AM io.gapi.emulators.grpc.HttpAdapter$StubMethodHandler handle

2026-01-19 10:12:56,681 INFO     ___FILE_ONLY___ [pubsub] INFO: Not forwarding key: content-length

2026-01-19 10:12:56,707 INFO     ___FILE_ONLY___ [pubsub] Jan 19, 2026 10:12:56 AM io.gapi.emulators.netty.HttpVersionRoutingHandler channelRead

2026-01-19 10:12:56,707 INFO     ___FILE_ONLY___ [pubsub] INFO: Detected non-HTTP/2 connection.

2026-01-19 10:12:56,708 INFO     ___FILE_ONLY___ [pubsub] Jan 19, 2026 10:12:56 AM io.gapi.emulators.grpc.HttpAdapter$StubMethodHandler handle

2026-01-19 10:12:56,710 INFO     ___FILE_ONLY___ [pubsub] INFO: Forwarding key: Host

2026-01-19 10:12:56,711 INFO     ___FILE_ONLY___ [pubsub] Jan 19, 2026 10:12:56 AM io.gapi.emulators.grpc.HttpAdapter$StubMethodHandler handle

2026-01-19 10:12:56,711 INFO     ___FILE_ONLY___ [pubsub] INFO: Forwarding key: User-Agent

2026-01-19 10:12:56,711 INFO     ___FILE_ONLY___ [pubsub] Jan 19, 2026 10:12:56 AM io.gapi.emulators.grpc.HttpAdapter$StubMethodHandler handle

2026-01-19 10:12:56,712 INFO     ___FILE_ONLY___ [pubsub] INFO: Forwarding key: Accept

2026-01-19 10:12:56,712 INFO     ___FILE_ONLY___ [pubsub] Jan 19, 2026 10:12:56 AM io.gapi.emulators.grpc.HttpAdapter$StubMethodHandler handle

2026-01-19 10:12:56,712 INFO     ___FILE_ONLY___ [pubsub] INFO: Not forwarding key: content-length

2026-01-19 10:12:56,737 INFO     ___FILE_ONLY___ [pubsub] Jan 19, 2026 10:12:56 AM io.gapi.emulators.netty.HttpVersionRoutingHandler channelRead

2026-01-19 10:12:56,739 INFO     ___FILE_ONLY___ [pubsub] INFO: Detected non-HTTP/2 connection.

2026-01-19 10:12:56,739 INFO     ___FILE_ONLY___ [pubsub] Jan 19, 2026 10:12:56 AM io.gapi.emulators.grpc.HttpAdapter$StubMethodHandler handle

2026-01-19 10:12:56,740 INFO     ___FILE_ONLY___ [pubsub] INFO: Forwarding key: Host

2026-01-19 10:12:56,740 INFO     ___FILE_ONLY___ [pubsub] Jan 19, 2026 10:12:56 AM io.gapi.emulators.grpc.HttpAdapter$StubMethodHandler handle

2026-01-19 10:12:56,740 INFO     ___FILE_ONLY___ [pubsub] INFO: Forwarding key: User-Agent

2026-01-19 10:12:56,741 INFO     ___FILE_ONLY___ [pubsub] Jan 19, 2026 10:12:56 AM io.gapi.emulators.grpc.HttpAdapter$StubMethodHandler handle

2026-01-19 10:12:56,741 INFO     ___FILE_ONLY___ [pubsub] INFO: Forwarding key: Accept

2026-01-19 10:12:56,741 INFO     ___FILE_ONLY___ [pubsub] Jan 19, 2026 10:12:56 AM io.gapi.emulators.grpc.HttpAdapter$StubMethodHandler handle

2026-01-19 10:12:56,741 INFO     ___FILE_ONLY___ [pubsub] INFO: Not forwarding key: content-length

2026-01-19 10:12:56,769 INFO     ___FILE_ONLY___ [pubsub] Jan 19, 2026 10:12:56 AM io.gapi.emulators.netty.HttpVersionRoutingHandler channelRead

2026-01-19 10:12:56,769 INFO     ___FILE_ONLY___ [pubsub] INFO: Detected non-HTTP/2 connection.

2026-01-19 10:12:56,771 INFO     ___FILE_ONLY___ [pubsub] Jan 19, 2026 10:12:56 AM io.gapi.emulators.grpc.HttpAdapter$StubMethodHandler handle

2026-01-19 10:12:56,771 INFO     ___FILE_ONLY___ [pubsub] INFO: Forwarding key: Host

2026-01-19 10:12:56,771 INFO     ___FILE_ONLY___ [pubsub] Jan 19, 2026 10:12:56 AM io.gapi.emulators.grpc.HttpAdapter$StubMethodHandler handle

2026-01-19 10:12:56,772 INFO     ___FILE_ONLY___ [pubsub] INFO: Forwarding key: User-Agent

2026-01-19 10:12:56,772 INFO     ___FILE_ONLY___ [pubsub] Jan 19, 2026 10:12:56 AM io.gapi.emulators.grpc.HttpAdapter$StubMethodHandler handle

2026-01-19 10:12:56,772 INFO     ___FILE_ONLY___ [pubsub] INFO: Forwarding key: Accept

2026-01-19 10:12:56,773 INFO     ___FILE_ONLY___ [pubsub] Jan 19, 2026 10:12:56 AM io.gapi.emulators.grpc.HttpAdapter$StubMethodHandler handle

2026-01-19 10:12:56,774 INFO     ___FILE_ONLY___ [pubsub] INFO: Not forwarding key: content-length

2026-01-19 10:12:56,793 INFO     ___FILE_ONLY___ [pubsub] Jan 19, 2026 10:12:56 AM io.gapi.emulators.netty.HttpVersionRoutingHandler channelRead

2026-01-19 10:12:56,794 INFO     ___FILE_ONLY___ [pubsub] INFO: Detected non-HTTP/2 connection.

2026-01-19 10:12:56,795 INFO     ___FILE_ONLY___ [pubsub] Jan 19, 2026 10:12:56 AM io.gapi.emulators.grpc.HttpAdapter$StubMethodHandler handle

2026-01-19 10:12:56,795 INFO     ___FILE_ONLY___ [pubsub] INFO: Forwarding key: Host

2026-01-19 10:12:56,796 INFO     ___FILE_ONLY___ [pubsub] Jan 19, 2026 10:12:56 AM io.gapi.emulators.grpc.HttpAdapter$StubMethodHandler handle

2026-01-19 10:12:56,796 INFO     ___FILE_ONLY___ [pubsub] INFO: Forwarding key: User-Agent

2026-01-19 10:12:56,796 INFO     ___FILE_ONLY___ [pubsub] Jan 19, 2026 10:12:56 AM io.gapi.emulators.grpc.HttpAdapter$StubMethodHandler handle

2026-01-19 10:12:56,797 INFO     ___FILE_ONLY___ [pubsub] INFO: Forwarding key: Accept

2026-01-19 10:12:56,797 INFO     ___FILE_ONLY___ [pubsub] Jan 19, 2026 10:12:56 AM io.gapi.emulators.grpc.HttpAdapter$StubMethodHandler handle

2026-01-19 10:12:56,797 INFO     ___FILE_ONLY___ [pubsub] INFO: Not forwarding key: content-length

2026-01-19 10:12:56,820 INFO     ___FILE_ONLY___ [pubsub] Jan 19, 2026 10:12:56 AM io.gapi.emulators.netty.HttpVersionRoutingHandler channelRead

2026-01-19 10:12:56,820 INFO     ___FILE_ONLY___ [pubsub] INFO: Detected non-HTTP/2 connection.

2026-01-19 10:12:56,824 INFO     ___FILE_ONLY___ [pubsub] Jan 19, 2026 10:12:56 AM io.gapi.emulators.grpc.HttpAdapter$StubMethodHandler handle

2026-01-19 10:12:56,824 INFO     ___FILE_ONLY___ [pubsub] INFO: Forwarding key: Host

2026-01-19 10:12:56,825 INFO     ___FILE_ONLY___ [pubsub] Jan 19, 2026 10:12:56 AM io.gapi.emulators.grpc.HttpAdapter$StubMethodHandler handle

2026-01-19 10:12:56,825 INFO     ___FILE_ONLY___ [pubsub] INFO: Forwarding key: User-Agent

2026-01-19 10:12:56,825 INFO     ___FILE_ONLY___ [pubsub] Jan 19, 2026 10:12:56 AM io.gapi.emulators.grpc.HttpAdapter$StubMethodHandler handle

2026-01-19 10:12:56,825 INFO     ___FILE_ONLY___ [pubsub] INFO: Forwarding key: Accept

2026-01-19 10:12:56,826 INFO     ___FILE_ONLY___ [pubsub] Jan 19, 2026 10:12:56 AM io.gapi.emulators.grpc.HttpAdapter$StubMethodHandler handle

2026-01-19 10:12:56,826 INFO     ___FILE_ONLY___ [pubsub] INFO: Not forwarding key: content-length

2026-01-19 10:12:56,848 INFO     ___FILE_ONLY___ [pubsub] Jan 19, 2026 10:12:56 AM io.gapi.emulators.netty.HttpVersionRoutingHandler channelRead

2026-01-19 10:12:56,849 INFO     ___FILE_ONLY___ [pubsub] INFO: Detected non-HTTP/2 connection.

2026-01-19 10:12:56,851 INFO     ___FILE_ONLY___ [pubsub] Jan 19, 2026 10:12:56 AM io.gapi.emulators.grpc.HttpAdapter$StubMethodHandler handle

2026-01-19 10:12:56,851 INFO     ___FILE_ONLY___ [pubsub] INFO: Forwarding key: Host

2026-01-19 10:12:56,851 INFO     ___FILE_ONLY___ [pubsub] Jan 19, 2026 10:12:56 AM io.gapi.emulators.grpc.HttpAdapter$StubMethodHandler handle

2026-01-19 10:12:56,852 INFO     ___FILE_ONLY___ [pubsub] INFO: Forwarding key: User-Agent

2026-01-19 10:12:56,852 INFO     ___FILE_ONLY___ [pubsub] Jan 19, 2026 10:12:56 AM io.gapi.emulators.grpc.HttpAdapter$StubMethodHandler handle

2026-01-19 10:12:56,852 INFO     ___FILE_ONLY___ [pubsub] INFO: Forwarding key: Accept

2026-01-19 10:12:56,853 INFO     ___FILE_ONLY___ [pubsub] Jan 19, 2026 10:12:56 AM io.gapi.emulators.grpc.HttpAdapter$StubMethodHandler handle

2026-01-19 10:12:56,853 INFO     ___FILE_ONLY___ [pubsub] INFO: Not forwarding key: content-length

2026-01-19 10:12:56,878 INFO     ___FILE_ONLY___ [pubsub] Jan 19, 2026 10:12:56 AM io.gapi.emulators.netty.HttpVersionRoutingHandler channelRead

2026-01-19 10:12:56,878 INFO     ___FILE_ONLY___ [pubsub] INFO: Detected non-HTTP/2 connection.

2026-01-19 10:12:56,879 INFO     ___FILE_ONLY___ [pubsub] Jan 19, 2026 10:12:56 AM io.gapi.emulators.grpc.HttpAdapter$StubMethodHandler handle

2026-01-19 10:12:56,880 INFO     ___FILE_ONLY___ [pubsub] INFO: Forwarding key: Host

2026-01-19 10:12:56,880 INFO     ___FILE_ONLY___ [pubsub] Jan 19, 2026 10:12:56 AM io.gapi.emulators.grpc.HttpAdapter$StubMethodHandler handle

2026-01-19 10:12:56,880 INFO     ___FILE_ONLY___ [pubsub] INFO: Forwarding key: User-Agent

2026-01-19 10:12:56,880 INFO     ___FILE_ONLY___ [pubsub] Jan 19, 2026 10:12:56 AM io.gapi.emulators.grpc.HttpAdapter$StubMethodHandler handle

2026-01-19 10:12:56,881 INFO     ___FILE_ONLY___ [pubsub] INFO: Forwarding key: Accept

2026-01-19 10:12:56,881 INFO     ___FILE_ONLY___ [pubsub] Jan 19, 2026 10:12:56 AM io.gapi.emulators.grpc.HttpAdapter$StubMethodHandler handle

2026-01-19 10:12:56,881 INFO     ___FILE_ONLY___ [pubsub] INFO: Not forwarding key: content-length

2026-01-19 10:12:56,899 INFO     ___FILE_ONLY___ [pubsub] Jan 19, 2026 10:12:56 AM io.gapi.emulators.netty.HttpVersionRoutingHandler channelRead

2026-01-19 10:12:56,899 INFO     ___FILE_ONLY___ [pubsub] INFO: Detected non-HTTP/2 connection.

2026-01-19 10:12:56,900 INFO     ___FILE_ONLY___ [pubsub] Jan 19, 2026 10:12:56 AM io.gapi.emulators.grpc.HttpAdapter$StubMethodHandler handle

2026-01-19 10:12:56,900 INFO     ___FILE_ONLY___ [pubsub] INFO: Forwarding key: Host

2026-01-19 10:12:56,902 INFO     ___FILE_ONLY___ [pubsub] Jan 19, 2026 10:12:56 AM io.gapi.emulators.grpc.HttpAdapter$StubMethodHandler handle

2026-01-19 10:12:56,902 INFO     ___FILE_ONLY___ [pubsub] INFO: Forwarding key: User-Agent

2026-01-19 10:12:56,902 INFO     ___FILE_ONLY___ [pubsub] Jan 19, 2026 10:12:56 AM io.gapi.emulators.grpc.HttpAdapter$StubMethodHandler handle

2026-01-19 10:12:56,903 INFO     ___FILE_ONLY___ [pubsub] INFO: Forwarding key: Accept

2026-01-19 10:12:56,903 INFO     ___FILE_ONLY___ [pubsub] Jan 19, 2026 10:12:56 AM io.gapi.emulators.grpc.HttpAdapter$StubMethodHandler handle

2026-01-19 10:12:56,903 INFO     ___FILE_ONLY___ [pubsub] INFO: Not forwarding key: content-length

2026-01-19 10:12:56,925 INFO     ___FILE_ONLY___ [pubsub] Jan 19, 2026 10:12:56 AM io.gapi.emulators.netty.HttpVersionRoutingHandler channelRead

2026-01-19 10:12:56,925 INFO     ___FILE_ONLY___ [pubsub] INFO: Detected non-HTTP/2 connection.

2026-01-19 10:12:56,926 INFO     ___FILE_ONLY___ [pubsub] Jan 19, 2026 10:12:56 AM io.gapi.emulators.grpc.HttpAdapter$StubMethodHandler handle

2026-01-19 10:12:56,926 INFO     ___FILE_ONLY___ [pubsub] INFO: Forwarding key: Host

2026-01-19 10:12:56,927 INFO     ___FILE_ONLY___ [pubsub] Jan 19, 2026 10:12:56 AM io.gapi.emulators.grpc.HttpAdapter$StubMethodHandler handle

2026-01-19 10:12:56,927 INFO     ___FILE_ONLY___ [pubsub] INFO: Forwarding key: User-Agent

2026-01-19 10:12:56,927 INFO     ___FILE_ONLY___ [pubsub] Jan 19, 2026 10:12:56 AM io.gapi.emulators.grpc.HttpAdapter$StubMethodHandler handle

2026-01-19 10:12:56,927 INFO     ___FILE_ONLY___ [pubsub] INFO: Forwarding key: Accept

2026-01-19 10:12:56,928 INFO     ___FILE_ONLY___ [pubsub] Jan 19, 2026 10:12:56 AM io.gapi.emulators.grpc.HttpAdapter$StubMethodHandler handle

2026-01-19 10:12:56,929 INFO     ___FILE_ONLY___ [pubsub] INFO: Not forwarding key: content-length

2026-01-19 10:12:56,949 INFO     ___FILE_ONLY___ [pubsub] Jan 19, 2026 10:12:56 AM io.gapi.emulators.netty.HttpVersionRoutingHandler channelRead

2026-01-19 10:12:56,949 INFO     ___FILE_ONLY___ [pubsub] INFO: Detected non-HTTP/2 connection.

2026-01-19 10:12:56,950 INFO     ___FILE_ONLY___ [pubsub] Jan 19, 2026 10:12:56 AM io.gapi.emulators.grpc.HttpAdapter$StubMethodHandler handle

2026-01-19 10:12:56,950 INFO     ___FILE_ONLY___ [pubsub] INFO: Forwarding key: Host

2026-01-19 10:12:56,950 INFO     ___FILE_ONLY___ [pubsub] Jan 19, 2026 10:12:56 AM io.gapi.emulators.grpc.HttpAdapter$StubMethodHandler handle

2026-01-19 10:12:56,951 INFO     ___FILE_ONLY___ [pubsub] INFO: Forwarding key: User-Agent

2026-01-19 10:12:56,951 INFO     ___FILE_ONLY___ [pubsub] Jan 19, 2026 10:12:56 AM io.gapi.emulators.grpc.HttpAdapter$StubMethodHandler handle

2026-01-19 10:12:56,951 INFO     ___FILE_ONLY___ [pubsub] INFO: Forwarding key: Accept

2026-01-19 10:12:56,951 INFO     ___FILE_ONLY___ [pubsub] Jan 19, 2026 10:12:56 AM io.gapi.emulators.grpc.HttpAdapter$StubMethodHandler handle

2026-01-19 10:12:56,951 INFO     ___FILE_ONLY___ [pubsub] INFO: Not forwarding key: content-length

2026-01-19 10:12:56,971 INFO     ___FILE_ONLY___ [pubsub] Jan 19, 2026 10:12:56 AM io.gapi.emulators.netty.HttpVersionRoutingHandler channelRead

2026-01-19 10:12:56,972 INFO     ___FILE_ONLY___ [pubsub] INFO: Detected non-HTTP/2 connection.

2026-01-19 10:12:56,972 INFO     ___FILE_ONLY___ [pubsub] Jan 19, 2026 10:12:56 AM io.gapi.emulators.grpc.HttpAdapter$StubMethodHandler handle

2026-01-19 10:12:56,973 INFO     ___FILE_ONLY___ [pubsub] INFO: Forwarding key: Host

2026-01-19 10:12:56,973 INFO     ___FILE_ONLY___ [pubsub] Jan 19, 2026 10:12:56 AM io.gapi.emulators.grpc.HttpAdapter$StubMethodHandler handle

2026-01-19 10:12:56,973 INFO     ___FILE_ONLY___ [pubsub] INFO: Forwarding key: User-Agent

2026-01-19 10:12:56,973 INFO     ___FILE_ONLY___ [pubsub] Jan 19, 2026 10:12:56 AM io.gapi.emulators.grpc.HttpAdapter$StubMethodHandler handle

2026-01-19 10:12:56,974 INFO     ___FILE_ONLY___ [pubsub] INFO: Forwarding key: Accept

2026-01-19 10:12:56,974 INFO     ___FILE_ONLY___ [pubsub] Jan 19, 2026 10:12:56 AM io.gapi.emulators.grpc.HttpAdapter$StubMethodHandler handle

2026-01-19 10:12:56,974 INFO     ___FILE_ONLY___ [pubsub] INFO: Not forwarding key: content-length

2026-01-19 10:12:56,996 INFO     ___FILE_ONLY___ [pubsub] Jan 19, 2026 10:12:56 AM io.gapi.emulators.netty.HttpVersionRoutingHandler channelRead

2026-01-19 10:12:56,997 INFO     ___FILE_ONLY___ [pubsub] INFO: Detected non-HTTP/2 connection.

2026-01-19 10:12:56,998 INFO     ___FILE_ONLY___ [pubsub] Jan 19, 2026 10:12:56 AM io.gapi.emulators.grpc.HttpAdapter$StubMethodHandler handle

2026-01-19 10:12:56,998 INFO     ___FILE_ONLY___ [pubsub] INFO: Forwarding key: Host

2026-01-19 10:12:56,998 INFO     ___FILE_ONLY___ [pubsub] Jan 19, 2026 10:12:56 AM io.gapi.emulators.grpc.HttpAdapter$StubMethodHandler handle

2026-01-19 10:12:57,000 INFO     ___FILE_ONLY___ [pubsub] INFO: Forwarding key: User-Agent

2026-01-19 10:12:57,000 INFO     ___FILE_ONLY___ [pubsub] Jan 19, 2026 10:12:56 AM io.gapi.emulators.grpc.HttpAdapter$StubMethodHandler handle

2026-01-19 10:12:57,000 INFO     ___FILE_ONLY___ [pubsub] INFO: Forwarding key: Accept

2026-01-19 10:12:57,001 INFO     ___FILE_ONLY___ [pubsub] Jan 19, 2026 10:12:56 AM io.gapi.emulators.grpc.HttpAdapter$StubMethodHandler handle

2026-01-19 10:12:57,001 INFO     ___FILE_ONLY___ [pubsub] INFO: Not forwarding key: content-length

2026-01-19 10:12:57,022 INFO     ___FILE_ONLY___ [pubsub] Jan 19, 2026 10:12:57 AM io.gapi.emulators.netty.HttpVersionRoutingHandler channelRead

2026-01-19 10:12:57,022 INFO     ___FILE_ONLY___ [pubsub] INFO: Detected non-HTTP/2 connection.

2026-01-19 10:12:57,023 INFO     ___FILE_ONLY___ [pubsub] Jan 19, 2026 10:12:57 AM io.gapi.emulators.grpc.HttpAdapter$StubMethodHandler handle

2026-01-19 10:12:57,023 INFO     ___FILE_ONLY___ [pubsub] INFO: Forwarding key: Host

2026-01-19 10:12:57,024 INFO     ___FILE_ONLY___ [pubsub] Jan 19, 2026 10:12:57 AM io.gapi.emulators.grpc.HttpAdapter$StubMethodHandler handle

2026-01-19 10:12:57,024 INFO     ___FILE_ONLY___ [pubsub] INFO: Forwarding key: User-Agent

2026-01-19 10:12:57,024 INFO     ___FILE_ONLY___ [pubsub] Jan 19, 2026 10:12:57 AM io.gapi.emulators.grpc.HttpAdapter$StubMethodHandler handle

2026-01-19 10:12:57,024 INFO     ___FILE_ONLY___ [pubsub] INFO: Forwarding key: Accept

2026-01-19 10:12:57,025 INFO     ___FILE_ONLY___ [pubsub] Jan 19, 2026 10:12:57 AM io.gapi.emulators.grpc.HttpAdapter$StubMethodHandler handle

2026-01-19 10:12:57,025 INFO     ___FILE_ONLY___ [pubsub] INFO: Not forwarding key: content-length

2026-01-19 10:12:57,043 INFO     ___FILE_ONLY___ [pubsub] Jan 19, 2026 10:12:57 AM io.gapi.emulators.netty.HttpVersionRoutingHandler channelRead

2026-01-19 10:12:57,044 INFO     ___FILE_ONLY___ [pubsub] INFO: Detected non-HTTP/2 connection.

2026-01-19 10:12:57,045 INFO     ___FILE_ONLY___ [pubsub] Jan 19, 2026 10:12:57 AM io.gapi.emulators.grpc.HttpAdapter$StubMethodHandler handle

2026-01-19 10:12:57,045 INFO     ___FILE_ONLY___ [pubsub] INFO: Forwarding key: Host

2026-01-19 10:12:57,045 INFO     ___FILE_ONLY___ [pubsub] Jan 19, 2026 10:12:57 AM io.gapi.emulators.grpc.HttpAdapter$StubMethodHandler handle

2026-01-19 10:12:57,046 INFO     ___FILE_ONLY___ [pubsub] INFO: Forwarding key: User-Agent

2026-01-19 10:12:57,046 INFO     ___FILE_ONLY___ [pubsub] Jan 19, 2026 10:12:57 AM io.gapi.emulators.grpc.HttpAdapter$StubMethodHandler handle

2026-01-19 10:12:57,046 INFO     ___FILE_ONLY___ [pubsub] INFO: Forwarding key: Accept

2026-01-19 10:12:57,046 INFO     ___FILE_ONLY___ [pubsub] Jan 19, 2026 10:12:57 AM io.gapi.emulators.grpc.HttpAdapter$StubMethodHandler handle

2026-01-19 10:12:57,047 INFO     ___FILE_ONLY___ [pubsub] INFO: Not forwarding key: content-length

2026-01-19 10:12:57,066 INFO     ___FILE_ONLY___ [pubsub] Jan 19, 2026 10:12:57 AM io.gapi.emulators.netty.HttpVersionRoutingHandler channelRead

2026-01-19 10:12:57,068 INFO     ___FILE_ONLY___ [pubsub] INFO: Detected non-HTTP/2 connection.

2026-01-19 10:12:57,069 INFO     ___FILE_ONLY___ [pubsub] Jan 19, 2026 10:12:57 AM io.gapi.emulators.grpc.HttpAdapter$StubMethodHandler handle

2026-01-19 10:12:57,069 INFO     ___FILE_ONLY___ [pubsub] INFO: Forwarding key: Host

2026-01-19 10:12:57,069 INFO     ___FILE_ONLY___ [pubsub] Jan 19, 2026 10:12:57 AM io.gapi.emulators.grpc.HttpAdapter$StubMethodHandler handle

2026-01-19 10:12:57,070 INFO     ___FILE_ONLY___ [pubsub] INFO: Forwarding key: User-Agent

2026-01-19 10:12:57,070 INFO     ___FILE_ONLY___ [pubsub] Jan 19, 2026 10:12:57 AM io.gapi.emulators.grpc.HttpAdapter$StubMethodHandler handle

2026-01-19 10:12:57,070 INFO     ___FILE_ONLY___ [pubsub] INFO: Forwarding key: Accept

2026-01-19 10:12:57,070 INFO     ___FILE_ONLY___ [pubsub] Jan 19, 2026 10:12:57 AM io.gapi.emulators.grpc.HttpAdapter$StubMethodHandler handle

2026-01-19 10:12:57,071 INFO     ___FILE_ONLY___ [pubsub] INFO: Not forwarding key: content-length

2026-01-19 10:12:57,090 INFO     ___FILE_ONLY___ [pubsub] Jan 19, 2026 10:12:57 AM io.gapi.emulators.netty.HttpVersionRoutingHandler channelRead

2026-01-19 10:12:57,091 INFO     ___FILE_ONLY___ [pubsub] INFO: Detected non-HTTP/2 connection.

2026-01-19 10:12:57,092 INFO     ___FILE_ONLY___ [pubsub] Jan 19, 2026 10:12:57 AM io.gapi.emulators.grpc.HttpAdapter$StubMethodHandler handle

2026-01-19 10:12:57,092 INFO     ___FILE_ONLY___ [pubsub] INFO: Forwarding key: Host

2026-01-19 10:12:57,092 INFO     ___FILE_ONLY___ [pubsub] Jan 19, 2026 10:12:57 AM io.gapi.emulators.grpc.HttpAdapter$StubMethodHandler handle

2026-01-19 10:12:57,093 INFO     ___FILE_ONLY___ [pubsub] INFO: Forwarding key: User-Agent

2026-01-19 10:12:57,093 INFO     ___FILE_ONLY___ [pubsub] Jan 19, 2026 10:12:57 AM io.gapi.emulators.grpc.HttpAdapter$StubMethodHandler handle

2026-01-19 10:12:57,093 INFO     ___FILE_ONLY___ [pubsub] INFO: Forwarding key: Accept

2026-01-19 10:12:57,093 INFO     ___FILE_ONLY___ [pubsub] Jan 19, 2026 10:12:57 AM io.gapi.emulators.grpc.HttpAdapter$StubMethodHandler handle

2026-01-19 10:12:57,094 INFO     ___FILE_ONLY___ [pubsub] INFO: Not forwarding key: content-length

2026-01-19 10:12:57,125 INFO     ___FILE_ONLY___ [pubsub] Jan 19, 2026 10:12:57 AM io.gapi.emulators.netty.HttpVersionRoutingHandler channelRead

2026-01-19 10:12:57,125 INFO     ___FILE_ONLY___ [pubsub] INFO: Detected non-HTTP/2 connection.

2026-01-19 10:12:57,126 INFO     ___FILE_ONLY___ [pubsub] Jan 19, 2026 10:12:57 AM io.gapi.emulators.grpc.HttpAdapter$StubMethodHandler handle

2026-01-19 10:12:57,126 INFO     ___FILE_ONLY___ [pubsub] INFO: Forwarding key: Host

2026-01-19 10:12:57,126 INFO     ___FILE_ONLY___ [pubsub] Jan 19, 2026 10:12:57 AM io.gapi.emulators.grpc.HttpAdapter$StubMethodHandler handle

2026-01-19 10:12:57,127 INFO     ___FILE_ONLY___ [pubsub] INFO: Forwarding key: User-Agent

2026-01-19 10:12:57,127 INFO     ___FILE_ONLY___ [pubsub] Jan 19, 2026 10:12:57 AM io.gapi.emulators.grpc.HttpAdapter$StubMethodHandler handle

2026-01-19 10:12:57,127 INFO     ___FILE_ONLY___ [pubsub] INFO: Forwarding key: Accept

2026-01-19 10:12:57,127 INFO     ___FILE_ONLY___ [pubsub] Jan 19, 2026 10:12:57 AM io.gapi.emulators.grpc.HttpAdapter$StubMethodHandler handle

2026-01-19 10:12:57,128 INFO     ___FILE_ONLY___ [pubsub] INFO: Not forwarding key: content-length

2026-01-19 10:12:57,150 INFO     ___FILE_ONLY___ [pubsub] Jan 19, 2026 10:12:57 AM io.gapi.emulators.netty.HttpVersionRoutingHandler channelRead

2026-01-19 10:12:57,151 INFO     ___FILE_ONLY___ [pubsub] INFO: Detected non-HTTP/2 connection.

2026-01-19 10:12:57,151 INFO     ___FILE_ONLY___ [pubsub] Jan 19, 2026 10:12:57 AM io.gapi.emulators.grpc.HttpAdapter$StubMethodHandler handle

2026-01-19 10:12:57,151 INFO     ___FILE_ONLY___ [pubsub] INFO: Forwarding key: Host

2026-01-19 10:12:57,152 INFO     ___FILE_ONLY___ [pubsub] Jan 19, 2026 10:12:57 AM io.gapi.emulators.grpc.HttpAdapter$StubMethodHandler handle

2026-01-19 10:12:57,152 INFO     ___FILE_ONLY___ [pubsub] INFO: Forwarding key: User-Agent

2026-01-19 10:12:57,152 INFO     ___FILE_ONLY___ [pubsub] Jan 19, 2026 10:12:57 AM io.gapi.emulators.grpc.HttpAdapter$StubMethodHandler handle

2026-01-19 10:12:57,154 INFO     ___FILE_ONLY___ [pubsub] INFO: Forwarding key: Accept

2026-01-19 10:12:57,154 INFO     ___FILE_ONLY___ [pubsub] Jan 19, 2026 10:12:57 AM io.gapi.emulators.grpc.HttpAdapter$StubMethodHandler handle

2026-01-19 10:12:57,154 INFO     ___FILE_ONLY___ [pubsub] INFO: Not forwarding key: content-length

2026-01-19 10:13:07,993 INFO     ___FILE_ONLY___ [pubsub] Jan 19, 2026 10:13:07 AM io.gapi.emulators.netty.HttpVersionRoutingHandler channelRead

2026-01-19 10:13:07,993 INFO     ___FILE_ONLY___ [pubsub] INFO: Detected HTTP/2 connection.

2026-01-19 10:13:07,995 INFO     ___FILE_ONLY___ [pubsub] Jan 19, 2026 10:13:07 AM io.gapi.emulators.netty.HttpVersionRoutingHandler channelRead

2026-01-19 10:13:07,995 INFO     ___FILE_ONLY___ [pubsub] INFO: Detected HTTP/2 connection.

2026-01-19 10:13:09,550 INFO     ___FILE_ONLY___ [pubsub] Jan 19, 2026 10:13:09 AM io.gapi.emulators.netty.HttpVersionRoutingHandler channelRead

2026-01-19 10:13:09,551 INFO     ___FILE_ONLY___ [pubsub] INFO: Detected HTTP/2 connection.

2026-01-19 10:13:09,552 INFO     ___FILE_ONLY___ [pubsub] Jan 19, 2026 10:13:09 AM io.gapi.emulators.netty.HttpVersionRoutingHandler channelRead

2026-01-19 10:13:09,553 INFO     ___FILE_ONLY___ [pubsub] INFO: Detected HTTP/2 connection.

2026-01-19 10:13:09,554 INFO     ___FILE_ONLY___ [pubsub] Jan 19, 2026 10:13:09 AM io.gapi.emulators.netty.HttpVersionRoutingHandler channelRead

2026-01-19 10:13:09,555 INFO     ___FILE_ONLY___ [pubsub] INFO: Detected HTTP/2 connection.

2026-01-19 10:13:09,555 INFO     ___FILE_ONLY___ [pubsub] Jan 19, 2026 10:13:09 AM io.gapi.emulators.netty.HttpVersionRoutingHandler channelRead

2026-01-19 10:13:09,556 INFO     ___FILE_ONLY___ [pubsub] INFO: Detected HTTP/2 connection.

2026-01-19 10:13:11,064 INFO     ___FILE_ONLY___ [pubsub] Jan 19, 2026 10:13:11 AM io.gapi.emulators.netty.HttpVersionRoutingHandler channelRead

2026-01-19 10:13:11,065 INFO     ___FILE_ONLY___ [pubsub] INFO: Detected HTTP/2 connection.

2026-01-19 10:13:11,065 INFO     ___FILE_ONLY___ [pubsub] Jan 19, 2026 10:13:11 AM io.gapi.emulators.netty.HttpVersionRoutingHandler channelRead

2026-01-19 10:13:11,066 INFO     ___FILE_ONLY___ [pubsub] INFO: Detected HTTP/2 connection.

