2026-01-19 10:15:44,105 DEBUG    root            Loaded Command Group: ['gcloud', 'beta', 'emulators']
2026-01-19 10:15:44,240 DEBUG    root            Loaded Command Group: ['gcloud', 'beta', 'emulators', 'pubsub']
2026-01-19 10:15:44,242 DEBUG    root            Loaded Command Group: ['gcloud', 'beta', 'emulators', 'pubsub', 'start']
2026-01-19 10:15:44,458 DEBUG    root            Failed to check metadata server: <urlopen error [Errno -2] Name or service not known>
2026-01-19 10:15:44,458 DEBUG    root            On GCE from server: False
2026-01-19 10:15:44,461 DEBUG    root            Running [gcloud.beta.emulators.pubsub.start] with arguments: [--host-port: "<googlecloudsdk.calliope.arg_parsers.HostPort object at 0x7ffffc7b4830>"]
2026-01-19 10:15:44,462 DEBUG    root            Found Cloud SDK root: /google-cloud-sdk
2026-01-19 10:15:44,462 INFO     ___FILE_ONLY___ Executing: /google-cloud-sdk/platform/pubsub-emulator/bin/cloud-pubsub-emulator --host=0.0.0.0 --port=8085

2026-01-19 10:15:44,466 DEBUG    root            Chosen display Format:yaml
2026-01-19 10:15:45,028 INFO     ___FILE_ONLY___ [pubsub] This is the Google Pub/Sub fake.

2026-01-19 10:15:45,028 INFO     ___FILE_ONLY___ [pubsub] Implementation may be incomplete or differ from the real system.

2026-01-19 10:15:45,160 INFO     ___FILE_ONLY___ [pubsub] Jan 19, 2026 10:15:45 AM com.google.cloud.pubsub.testing.v1.Main main

2026-01-19 10:15:45,160 INFO     ___FILE_ONLY___ [pubsub] INFO: IAM integration is disabled. IAM policy methods and ACL checks are not supported

2026-01-19 10:15:45,545 INFO     ___FILE_ONLY___ [pubsub] SLF4J(W): No SLF4J providers were found.

2026-01-19 10:15:45,545 INFO     ___FILE_ONLY___ [pubsub] SLF4J(W): Defaulting to no-operation (NOP) logger implementation

2026-01-19 10:15:45,546 INFO     ___FILE_ONLY___ [pubsub] SLF4J(W): See https://www.slf4j.org/codes.html#noProviders for further details.

2026-01-19 10:15:46,171 INFO     ___FILE_ONLY___ [pubsub] Jan 19, 2026 10:15:46 AM com.google.cloud.pubsub.testing.v1.Main main

2026-01-19 10:15:46,172 INFO     ___FILE_ONLY___ [pubsub] INFO: Server started, listening on 8085

2026-01-19 10:15:46,309 INFO     ___FILE_ONLY___ [pubsub] Jan 19, 2026 10:15:46 AM io.gapi.emulators.netty.HttpVersionRoutingHandler channelRead

2026-01-19 10:15:46,309 INFO     ___FILE_ONLY___ [pubsub] INFO: Detected HTTP/2 connection.

2026-01-19 10:15:47,206 INFO     ___FILE_ONLY___ [pubsub] Jan 19, 2026 10:15:47 AM io.gapi.emulators.netty.HttpVersionRoutingHandler channelRead

2026-01-19 10:15:47,207 INFO     ___FILE_ONLY___ [pubsub] INFO: Detected HTTP/2 connection.

2026-01-19 10:15:47,315 INFO     ___FILE_ONLY___ [pubsub] Jan 19, 2026 10:15:47 AM io.gapi.emulators.netty.HttpVersionRoutingHandler channelRead

2026-01-19 10:15:47,316 INFO     ___FILE_ONLY___ [pubsub] INFO: Detected HTTP/2 connection.

2026-01-19 10:15:47,401 INFO     ___FILE_ONLY___ [pubsub] Jan 19, 2026 10:15:47 AM io.gapi.emulators.netty.HttpVersionRoutingHandler channelRead

2026-01-19 10:15:47,402 INFO     ___FILE_ONLY___ [pubsub] INFO: Detected HTTP/2 connection.

2026-01-19 10:15:47,730 INFO     ___FILE_ONLY___ [pubsub] Jan 19, 2026 10:15:47 AM io.gapi.emulators.netty.HttpVersionRoutingHandler channelRead

2026-01-19 10:15:47,731 INFO     ___FILE_ONLY___ [pubsub] INFO: Detected HTTP/2 connection.

2026-01-19 10:15:48,589 INFO     ___FILE_ONLY___ [pubsub] Jan 19, 2026 10:15:48 AM io.gapi.emulators.netty.HttpVersionRoutingHandler channelRead

2026-01-19 10:15:48,590 INFO     ___FILE_ONLY___ [pubsub] INFO: Detected HTTP/2 connection.

2026-01-19 10:15:48,635 INFO     ___FILE_ONLY___ [pubsub] Jan 19, 2026 10:15:48 AM io.gapi.emulators.netty.HttpVersionRoutingHandler channelRead

2026-01-19 10:15:48,636 INFO     ___FILE_ONLY___ [pubsub] INFO: Detected HTTP/2 connection.

2026-01-19 10:15:48,713 INFO     ___FILE_ONLY___ [pubsub] Jan 19, 2026 10:15:48 AM io.gapi.emulators.netty.HttpVersionRoutingHandler channelRead

2026-01-19 10:15:48,714 INFO     ___FILE_ONLY___ [pubsub] INFO: Detected HTTP/2 connection.

2026-01-19 10:16:38,398 INFO     ___FILE_ONLY___ [pubsub] Jan 19, 2026 10:16:38 AM io.gapi.emulators.netty.HttpVersionRoutingHandler channelRead

2026-01-19 10:16:38,399 INFO     ___FILE_ONLY___ [pubsub] INFO: Detected non-HTTP/2 connection.

2026-01-19 10:16:38,441 INFO     ___FILE_ONLY___ [pubsub] Jan 19, 2026 10:16:38 AM io.gapi.emulators.grpc.HttpAdapter$StubMethodHandler handle

2026-01-19 10:16:38,441 INFO     ___FILE_ONLY___ [pubsub] INFO: Forwarding key: Host

2026-01-19 10:16:38,442 INFO     ___FILE_ONLY___ [pubsub] Jan 19, 2026 10:16:38 AM io.gapi.emulators.grpc.HttpAdapter$StubMethodHandler handle

2026-01-19 10:16:38,442 INFO     ___FILE_ONLY___ [pubsub] INFO: Forwarding key: User-Agent

2026-01-19 10:16:38,443 INFO     ___FILE_ONLY___ [pubsub] Jan 19, 2026 10:16:38 AM io.gapi.emulators.grpc.HttpAdapter$StubMethodHandler handle

2026-01-19 10:16:38,443 INFO     ___FILE_ONLY___ [pubsub] INFO: Forwarding key: Accept

2026-01-19 10:16:38,443 INFO     ___FILE_ONLY___ [pubsub] Jan 19, 2026 10:16:38 AM io.gapi.emulators.grpc.HttpAdapter$StubMethodHandler handle

2026-01-19 10:16:38,443 INFO     ___FILE_ONLY___ [pubsub] INFO: Not forwarding key: content-length

2026-01-19 10:16:38,551 INFO     ___FILE_ONLY___ [pubsub] Jan 19, 2026 10:16:38 AM io.gapi.emulators.netty.HttpVersionRoutingHandler channelRead

2026-01-19 10:16:38,551 INFO     ___FILE_ONLY___ [pubsub] INFO: Detected HTTP/2 connection.

2026-01-19 10:16:38,580 INFO     ___FILE_ONLY___ [pubsub] Jan 19, 2026 10:16:38 AM io.gapi.emulators.netty.HttpHandler$1 onError

2026-01-19 10:16:38,580 INFO     ___FILE_ONLY___ [pubsub] INFO: Exception when handling request: NOT_FOUND: Topic not found

2026-01-19 10:16:38,610 INFO     ___FILE_ONLY___ [pubsub] Jan 19, 2026 10:16:38 AM io.gapi.emulators.netty.HttpVersionRoutingHandler channelRead

2026-01-19 10:16:38,610 INFO     ___FILE_ONLY___ [pubsub] INFO: Detected non-HTTP/2 connection.

2026-01-19 10:16:38,621 INFO     ___FILE_ONLY___ [pubsub] Jan 19, 2026 10:16:38 AM io.gapi.emulators.grpc.HttpAdapter$StubMethodHandler handle

2026-01-19 10:16:38,622 INFO     ___FILE_ONLY___ [pubsub] INFO: Forwarding key: Host

2026-01-19 10:16:38,622 INFO     ___FILE_ONLY___ [pubsub] Jan 19, 2026 10:16:38 AM io.gapi.emulators.grpc.HttpAdapter$StubMethodHandler handle

2026-01-19 10:16:38,622 INFO     ___FILE_ONLY___ [pubsub] INFO: Forwarding key: User-Agent

2026-01-19 10:16:38,622 INFO     ___FILE_ONLY___ [pubsub] Jan 19, 2026 10:16:38 AM io.gapi.emulators.grpc.HttpAdapter$StubMethodHandler handle

2026-01-19 10:16:38,623 INFO     ___FILE_ONLY___ [pubsub] INFO: Forwarding key: Accept

2026-01-19 10:16:38,623 INFO     ___FILE_ONLY___ [pubsub] Jan 19, 2026 10:16:38 AM io.gapi.emulators.grpc.HttpAdapter$StubMethodHandler handle

2026-01-19 10:16:38,623 INFO     ___FILE_ONLY___ [pubsub] INFO: Not forwarding key: content-length

2026-01-19 10:16:38,700 INFO     ___FILE_ONLY___ [pubsub] Jan 19, 2026 10:16:38 AM io.gapi.emulators.netty.HttpVersionRoutingHandler channelRead

2026-01-19 10:16:38,700 INFO     ___FILE_ONLY___ [pubsub] INFO: Detected non-HTTP/2 connection.

2026-01-19 10:16:38,704 INFO     ___FILE_ONLY___ [pubsub] Jan 19, 2026 10:16:38 AM io.gapi.emulators.grpc.HttpAdapter$StubMethodHandler handle

2026-01-19 10:16:38,704 INFO     ___FILE_ONLY___ [pubsub] INFO: Forwarding key: Host

2026-01-19 10:16:38,704 INFO     ___FILE_ONLY___ [pubsub] Jan 19, 2026 10:16:38 AM io.gapi.emulators.grpc.HttpAdapter$StubMethodHandler handle

2026-01-19 10:16:38,705 INFO     ___FILE_ONLY___ [pubsub] INFO: Forwarding key: User-Agent

2026-01-19 10:16:38,705 INFO     ___FILE_ONLY___ [pubsub] Jan 19, 2026 10:16:38 AM io.gapi.emulators.grpc.HttpAdapter$StubMethodHandler handle

2026-01-19 10:16:38,705 INFO     ___FILE_ONLY___ [pubsub] INFO: Forwarding key: Accept

2026-01-19 10:16:38,706 INFO     ___FILE_ONLY___ [pubsub] Jan 19, 2026 10:16:38 AM io.gapi.emulators.grpc.HttpAdapter$StubMethodHandler handle

2026-01-19 10:16:38,706 INFO     ___FILE_ONLY___ [pubsub] INFO: Not forwarding key: content-length

2026-01-19 10:16:38,713 INFO     ___FILE_ONLY___ [pubsub] Jan 19, 2026 10:16:38 AM io.gapi.emulators.netty.HttpHandler$1 onError

2026-01-19 10:16:38,713 INFO     ___FILE_ONLY___ [pubsub] INFO: Exception when handling request: NOT_FOUND: Topic not found

2026-01-19 10:16:38,733 INFO     ___FILE_ONLY___ [pubsub] Jan 19, 2026 10:16:38 AM io.gapi.emulators.netty.HttpVersionRoutingHandler channelRead

2026-01-19 10:16:38,733 INFO     ___FILE_ONLY___ [pubsub] INFO: Detected non-HTTP/2 connection.

2026-01-19 10:16:38,735 INFO     ___FILE_ONLY___ [pubsub] Jan 19, 2026 10:16:38 AM io.gapi.emulators.grpc.HttpAdapter$StubMethodHandler handle

2026-01-19 10:16:38,735 INFO     ___FILE_ONLY___ [pubsub] INFO: Forwarding key: Host

2026-01-19 10:16:38,735 INFO     ___FILE_ONLY___ [pubsub] Jan 19, 2026 10:16:38 AM io.gapi.emulators.grpc.HttpAdapter$StubMethodHandler handle

2026-01-19 10:16:38,737 INFO     ___FILE_ONLY___ [pubsub] INFO: Forwarding key: User-Agent

2026-01-19 10:16:38,738 INFO     ___FILE_ONLY___ [pubsub] Jan 19, 2026 10:16:38 AM io.gapi.emulators.grpc.HttpAdapter$StubMethodHandler handle

2026-01-19 10:16:38,738 INFO     ___FILE_ONLY___ [pubsub] INFO: Forwarding key: Accept

2026-01-19 10:16:38,738 INFO     ___FILE_ONLY___ [pubsub] Jan 19, 2026 10:16:38 AM io.gapi.emulators.grpc.HttpAdapter$StubMethodHandler handle

2026-01-19 10:16:38,738 INFO     ___FILE_ONLY___ [pubsub] INFO: Not forwarding key: content-length

2026-01-19 10:16:38,765 INFO     ___FILE_ONLY___ [pubsub] Jan 19, 2026 10:16:38 AM io.gapi.emulators.netty.HttpVersionRoutingHandler channelRead

2026-01-19 10:16:38,766 INFO     ___FILE_ONLY___ [pubsub] INFO: Detected non-HTTP/2 connection.

2026-01-19 10:16:38,768 INFO     ___FILE_ONLY___ [pubsub] Jan 19, 2026 10:16:38 AM io.gapi.emulators.grpc.HttpAdapter$StubMethodHandler handle

2026-01-19 10:16:38,768 INFO     ___FILE_ONLY___ [pubsub] INFO: Forwarding key: Host

2026-01-19 10:16:38,769 INFO     ___FILE_ONLY___ [pubsub] Jan 19, 2026 10:16:38 AM io.gapi.emulators.grpc.HttpAdapter$StubMethodHandler handle

2026-01-19 10:16:38,769 INFO     ___FILE_ONLY___ [pubsub] INFO: Forwarding key: User-Agent

2026-01-19 10:16:38,769 INFO     ___FILE_ONLY___ [pubsub] Jan 19, 2026 10:16:38 AM io.gapi.emulators.grpc.HttpAdapter$StubMethodHandler handle

2026-01-19 10:16:38,770 INFO     ___FILE_ONLY___ [pubsub] INFO: Forwarding key: Accept

2026-01-19 10:16:38,770 INFO     ___FILE_ONLY___ [pubsub] Jan 19, 2026 10:16:38 AM io.gapi.emulators.grpc.HttpAdapter$StubMethodHandler handle

2026-01-19 10:16:38,770 INFO     ___FILE_ONLY___ [pubsub] INFO: Not forwarding key: content-length

2026-01-19 10:16:38,775 INFO     ___FILE_ONLY___ [pubsub] Jan 19, 2026 10:16:38 AM io.gapi.emulators.netty.HttpHandler$1 onError

2026-01-19 10:16:38,775 INFO     ___FILE_ONLY___ [pubsub] INFO: Exception when handling request: NOT_FOUND: Topic not found

2026-01-19 10:16:38,795 INFO     ___FILE_ONLY___ [pubsub] Jan 19, 2026 10:16:38 AM io.gapi.emulators.netty.HttpVersionRoutingHandler channelRead

2026-01-19 10:16:38,795 INFO     ___FILE_ONLY___ [pubsub] INFO: Detected non-HTTP/2 connection.

2026-01-19 10:16:38,798 INFO     ___FILE_ONLY___ [pubsub] Jan 19, 2026 10:16:38 AM io.gapi.emulators.grpc.HttpAdapter$StubMethodHandler handle

2026-01-19 10:16:38,799 INFO     ___FILE_ONLY___ [pubsub] INFO: Forwarding key: Host

2026-01-19 10:16:38,799 INFO     ___FILE_ONLY___ [pubsub] Jan 19, 2026 10:16:38 AM io.gapi.emulators.grpc.HttpAdapter$StubMethodHandler handle

2026-01-19 10:16:38,799 INFO     ___FILE_ONLY___ [pubsub] INFO: Forwarding key: User-Agent

2026-01-19 10:16:38,800 INFO     ___FILE_ONLY___ [pubsub] Jan 19, 2026 10:16:38 AM io.gapi.emulators.grpc.HttpAdapter$StubMethodHandler handle

2026-01-19 10:16:38,800 INFO     ___FILE_ONLY___ [pubsub] INFO: Forwarding key: Accept

2026-01-19 10:16:38,801 INFO     ___FILE_ONLY___ [pubsub] Jan 19, 2026 10:16:38 AM io.gapi.emulators.grpc.HttpAdapter$StubMethodHandler handle

2026-01-19 10:16:38,801 INFO     ___FILE_ONLY___ [pubsub] INFO: Not forwarding key: content-length

2026-01-19 10:16:38,823 INFO     ___FILE_ONLY___ [pubsub] Jan 19, 2026 10:16:38 AM io.gapi.emulators.netty.HttpVersionRoutingHandler channelRead

2026-01-19 10:16:38,823 INFO     ___FILE_ONLY___ [pubsub] INFO: Detected non-HTTP/2 connection.

2026-01-19 10:16:38,829 INFO     ___FILE_ONLY___ [pubsub] Jan 19, 2026 10:16:38 AM io.gapi.emulators.grpc.HttpAdapter$StubMethodHandler handle

2026-01-19 10:16:38,829 INFO     ___FILE_ONLY___ [pubsub] INFO: Forwarding key: Host

2026-01-19 10:16:38,830 INFO     ___FILE_ONLY___ [pubsub] Jan 19, 2026 10:16:38 AM io.gapi.emulators.grpc.HttpAdapter$StubMethodHandler handle

2026-01-19 10:16:38,830 INFO     ___FILE_ONLY___ [pubsub] INFO: Forwarding key: User-Agent

2026-01-19 10:16:38,830 INFO     ___FILE_ONLY___ [pubsub] Jan 19, 2026 10:16:38 AM io.gapi.emulators.grpc.HttpAdapter$StubMethodHandler handle

2026-01-19 10:16:38,831 INFO     ___FILE_ONLY___ [pubsub] INFO: Forwarding key: Accept

2026-01-19 10:16:38,831 INFO     ___FILE_ONLY___ [pubsub] Jan 19, 2026 10:16:38 AM io.gapi.emulators.grpc.HttpAdapter$StubMethodHandler handle

2026-01-19 10:16:38,831 INFO     ___FILE_ONLY___ [pubsub] INFO: Not forwarding key: content-length

2026-01-19 10:16:38,838 INFO     ___FILE_ONLY___ [pubsub] Jan 19, 2026 10:16:38 AM io.gapi.emulators.netty.HttpHandler$1 onError

2026-01-19 10:16:38,838 INFO     ___FILE_ONLY___ [pubsub] INFO: Exception when handling request: NOT_FOUND: Topic not found

2026-01-19 10:16:38,860 INFO     ___FILE_ONLY___ [pubsub] Jan 19, 2026 10:16:38 AM io.gapi.emulators.netty.HttpVersionRoutingHandler channelRead

2026-01-19 10:16:38,860 INFO     ___FILE_ONLY___ [pubsub] INFO: Detected non-HTTP/2 connection.

2026-01-19 10:16:38,863 INFO     ___FILE_ONLY___ [pubsub] Jan 19, 2026 10:16:38 AM io.gapi.emulators.grpc.HttpAdapter$StubMethodHandler handle

2026-01-19 10:16:38,863 INFO     ___FILE_ONLY___ [pubsub] INFO: Forwarding key: Host

2026-01-19 10:16:38,864 INFO     ___FILE_ONLY___ [pubsub] Jan 19, 2026 10:16:38 AM io.gapi.emulators.grpc.HttpAdapter$StubMethodHandler handle

2026-01-19 10:16:38,864 INFO     ___FILE_ONLY___ [pubsub] INFO: Forwarding key: User-Agent

2026-01-19 10:16:38,864 INFO     ___FILE_ONLY___ [pubsub] Jan 19, 2026 10:16:38 AM io.gapi.emulators.grpc.HttpAdapter$StubMethodHandler handle

2026-01-19 10:16:38,864 INFO     ___FILE_ONLY___ [pubsub] INFO: Forwarding key: Accept

2026-01-19 10:16:38,865 INFO     ___FILE_ONLY___ [pubsub] Jan 19, 2026 10:16:38 AM io.gapi.emulators.grpc.HttpAdapter$StubMethodHandler handle

2026-01-19 10:16:38,865 INFO     ___FILE_ONLY___ [pubsub] INFO: Not forwarding key: content-length

2026-01-19 10:16:38,891 INFO     ___FILE_ONLY___ [pubsub] Jan 19, 2026 10:16:38 AM io.gapi.emulators.netty.HttpVersionRoutingHandler channelRead

2026-01-19 10:16:38,891 INFO     ___FILE_ONLY___ [pubsub] INFO: Detected non-HTTP/2 connection.

2026-01-19 10:16:38,893 INFO     ___FILE_ONLY___ [pubsub] Jan 19, 2026 10:16:38 AM io.gapi.emulators.grpc.HttpAdapter$StubMethodHandler handle

2026-01-19 10:16:38,893 INFO     ___FILE_ONLY___ [pubsub] INFO: Forwarding key: Host

2026-01-19 10:16:38,893 INFO     ___FILE_ONLY___ [pubsub] Jan 19, 2026 10:16:38 AM io.gapi.emulators.grpc.HttpAdapter$StubMethodHandler handle

2026-01-19 10:16:38,894 INFO     ___FILE_ONLY___ [pubsub] INFO: Forwarding key: User-Agent

2026-01-19 10:16:38,894 INFO     ___FILE_ONLY___ [pubsub] Jan 19, 2026 10:16:38 AM io.gapi.emulators.grpc.HttpAdapter$StubMethodHandler handle

2026-01-19 10:16:38,894 INFO     ___FILE_ONLY___ [pubsub] INFO: Forwarding key: Accept

2026-01-19 10:16:38,895 INFO     ___FILE_ONLY___ [pubsub] Jan 19, 2026 10:16:38 AM io.gapi.emulators.grpc.HttpAdapter$StubMethodHandler handle

2026-01-19 10:16:38,895 INFO     ___FILE_ONLY___ [pubsub] INFO: Not forwarding key: content-length

2026-01-19 10:16:38,900 INFO     ___FILE_ONLY___ [pubsub] Jan 19, 2026 10:16:38 AM io.gapi.emulators.netty.HttpHandler$1 onError

2026-01-19 10:16:38,901 INFO     ___FILE_ONLY___ [pubsub] INFO: Exception when handling request: NOT_FOUND: Topic not found

2026-01-19 10:16:38,921 INFO     ___FILE_ONLY___ [pubsub] Jan 19, 2026 10:16:38 AM io.gapi.emulators.netty.HttpVersionRoutingHandler channelRead

2026-01-19 10:16:38,923 INFO     ___FILE_ONLY___ [pubsub] INFO: Detected non-HTTP/2 connection.

2026-01-19 10:16:38,924 INFO     ___FILE_ONLY___ [pubsub] Jan 19, 2026 10:16:38 AM io.gapi.emulators.grpc.HttpAdapter$StubMethodHandler handle

2026-01-19 10:16:38,924 INFO     ___FILE_ONLY___ [pubsub] INFO: Forwarding key: Host

2026-01-19 10:16:38,924 INFO     ___FILE_ONLY___ [pubsub] Jan 19, 2026 10:16:38 AM io.gapi.emulators.grpc.HttpAdapter$StubMethodHandler handle

2026-01-19 10:16:38,924 INFO     ___FILE_ONLY___ [pubsub] INFO: Forwarding key: User-Agent

2026-01-19 10:16:38,925 INFO     ___FILE_ONLY___ [pubsub] Jan 19, 2026 10:16:38 AM io.gapi.emulators.grpc.HttpAdapter$StubMethodHandler handle

2026-01-19 10:16:38,925 INFO     ___FILE_ONLY___ [pubsub] INFO: Forwarding key: Accept

2026-01-19 10:16:38,925 INFO     ___FILE_ONLY___ [pubsub] Jan 19, 2026 10:16:38 AM io.gapi.emulators.grpc.HttpAdapter$StubMethodHandler handle

2026-01-19 10:16:38,925 INFO     ___FILE_ONLY___ [pubsub] INFO: Not forwarding key: content-length

2026-01-19 10:16:38,946 INFO     ___FILE_ONLY___ [pubsub] Jan 19, 2026 10:16:38 AM io.gapi.emulators.netty.HttpVersionRoutingHandler channelRead

2026-01-19 10:16:38,947 INFO     ___FILE_ONLY___ [pubsub] INFO: Detected non-HTTP/2 connection.

2026-01-19 10:16:38,948 INFO     ___FILE_ONLY___ [pubsub] Jan 19, 2026 10:16:38 AM io.gapi.emulators.grpc.HttpAdapter$StubMethodHandler handle

2026-01-19 10:16:38,949 INFO     ___FILE_ONLY___ [pubsub] INFO: Forwarding key: Host

2026-01-19 10:16:38,949 INFO     ___FILE_ONLY___ [pubsub] Jan 19, 2026 10:16:38 AM io.gapi.emulators.grpc.HttpAdapter$StubMethodHandler handle

2026-01-19 10:16:38,949 INFO     ___FILE_ONLY___ [pubsub] INFO: Forwarding key: User-Agent

2026-01-19 10:16:38,950 INFO     ___FILE_ONLY___ [pubsub] Jan 19, 2026 10:16:38 AM io.gapi.emulators.grpc.HttpAdapter$StubMethodHandler handle

2026-01-19 10:16:38,950 INFO     ___FILE_ONLY___ [pubsub] INFO: Forwarding key: Accept

2026-01-19 10:16:38,950 INFO     ___FILE_ONLY___ [pubsub] Jan 19, 2026 10:16:38 AM io.gapi.emulators.grpc.HttpAdapter$StubMethodHandler handle

2026-01-19 10:16:38,950 INFO     ___FILE_ONLY___ [pubsub] INFO: Not forwarding key: content-length

2026-01-19 10:16:38,955 INFO     ___FILE_ONLY___ [pubsub] Jan 19, 2026 10:16:38 AM io.gapi.emulators.netty.HttpHandler$1 onError

2026-01-19 10:16:38,956 INFO     ___FILE_ONLY___ [pubsub] INFO: Exception when handling request: NOT_FOUND: Topic not found

2026-01-19 10:16:38,974 INFO     ___FILE_ONLY___ [pubsub] Jan 19, 2026 10:16:38 AM io.gapi.emulators.netty.HttpVersionRoutingHandler channelRead

2026-01-19 10:16:38,975 INFO     ___FILE_ONLY___ [pubsub] INFO: Detected non-HTTP/2 connection.

2026-01-19 10:16:38,979 INFO     ___FILE_ONLY___ [pubsub] Jan 19, 2026 10:16:38 AM io.gapi.emulators.grpc.HttpAdapter$StubMethodHandler handle

2026-01-19 10:16:38,979 INFO     ___FILE_ONLY___ [pubsub] INFO: Forwarding key: Host

2026-01-19 10:16:38,979 INFO     ___FILE_ONLY___ [pubsub] Jan 19, 2026 10:16:38 AM io.gapi.emulators.grpc.HttpAdapter$StubMethodHandler handle

2026-01-19 10:16:38,980 INFO     ___FILE_ONLY___ [pubsub] INFO: Forwarding key: User-Agent

2026-01-19 10:16:38,980 INFO     ___FILE_ONLY___ [pubsub] Jan 19, 2026 10:16:38 AM io.gapi.emulators.grpc.HttpAdapter$StubMethodHandler handle

2026-01-19 10:16:38,980 INFO     ___FILE_ONLY___ [pubsub] INFO: Forwarding key: Accept

2026-01-19 10:16:38,980 INFO     ___FILE_ONLY___ [pubsub] Jan 19, 2026 10:16:38 AM io.gapi.emulators.grpc.HttpAdapter$StubMethodHandler handle

2026-01-19 10:16:38,981 INFO     ___FILE_ONLY___ [pubsub] INFO: Not forwarding key: content-length

2026-01-19 10:16:39,006 INFO     ___FILE_ONLY___ [pubsub] Jan 19, 2026 10:16:39 AM io.gapi.emulators.netty.HttpVersionRoutingHandler channelRead

2026-01-19 10:16:39,008 INFO     ___FILE_ONLY___ [pubsub] INFO: Detected non-HTTP/2 connection.

2026-01-19 10:16:39,009 INFO     ___FILE_ONLY___ [pubsub] Jan 19, 2026 10:16:39 AM io.gapi.emulators.grpc.HttpAdapter$StubMethodHandler handle

2026-01-19 10:16:39,009 INFO     ___FILE_ONLY___ [pubsub] INFO: Forwarding key: Host

2026-01-19 10:16:39,009 INFO     ___FILE_ONLY___ [pubsub] Jan 19, 2026 10:16:39 AM io.gapi.emulators.grpc.HttpAdapter$StubMethodHandler handle

2026-01-19 10:16:39,010 INFO     ___FILE_ONLY___ [pubsub] INFO: Forwarding key: User-Agent

2026-01-19 10:16:39,010 INFO     ___FILE_ONLY___ [pubsub] Jan 19, 2026 10:16:39 AM io.gapi.emulators.grpc.HttpAdapter$StubMethodHandler handle

2026-01-19 10:16:39,010 INFO     ___FILE_ONLY___ [pubsub] INFO: Forwarding key: Accept

2026-01-19 10:16:39,011 INFO     ___FILE_ONLY___ [pubsub] Jan 19, 2026 10:16:39 AM io.gapi.emulators.grpc.HttpAdapter$StubMethodHandler handle

2026-01-19 10:16:39,011 INFO     ___FILE_ONLY___ [pubsub] INFO: Not forwarding key: content-length

2026-01-19 10:16:39,018 INFO     ___FILE_ONLY___ [pubsub] Jan 19, 2026 10:16:39 AM io.gapi.emulators.netty.HttpHandler$1 onError

2026-01-19 10:16:39,018 INFO     ___FILE_ONLY___ [pubsub] INFO: Exception when handling request: NOT_FOUND: Topic not found

2026-01-19 10:16:39,040 INFO     ___FILE_ONLY___ [pubsub] Jan 19, 2026 10:16:39 AM io.gapi.emulators.netty.HttpVersionRoutingHandler channelRead

2026-01-19 10:16:39,040 INFO     ___FILE_ONLY___ [pubsub] INFO: Detected non-HTTP/2 connection.

2026-01-19 10:16:39,042 INFO     ___FILE_ONLY___ [pubsub] Jan 19, 2026 10:16:39 AM io.gapi.emulators.grpc.HttpAdapter$StubMethodHandler handle

2026-01-19 10:16:39,042 INFO     ___FILE_ONLY___ [pubsub] INFO: Forwarding key: Host

2026-01-19 10:16:39,043 INFO     ___FILE_ONLY___ [pubsub] Jan 19, 2026 10:16:39 AM io.gapi.emulators.grpc.HttpAdapter$StubMethodHandler handle

2026-01-19 10:16:39,043 INFO     ___FILE_ONLY___ [pubsub] INFO: Forwarding key: User-Agent

2026-01-19 10:16:39,043 INFO     ___FILE_ONLY___ [pubsub] Jan 19, 2026 10:16:39 AM io.gapi.emulators.grpc.HttpAdapter$StubMethodHandler handle

2026-01-19 10:16:39,043 INFO     ___FILE_ONLY___ [pubsub] INFO: Forwarding key: Accept

2026-01-19 10:16:39,044 INFO     ___FILE_ONLY___ [pubsub] Jan 19, 2026 10:16:39 AM io.gapi.emulators.grpc.HttpAdapter$StubMethodHandler handle

2026-01-19 10:16:39,044 INFO     ___FILE_ONLY___ [pubsub] INFO: Not forwarding key: content-length

2026-01-19 10:16:39,069 INFO     ___FILE_ONLY___ [pubsub] Jan 19, 2026 10:16:39 AM io.gapi.emulators.netty.HttpVersionRoutingHandler channelRead

2026-01-19 10:16:39,070 INFO     ___FILE_ONLY___ [pubsub] INFO: Detected non-HTTP/2 connection.

2026-01-19 10:16:39,070 INFO     ___FILE_ONLY___ [pubsub] Jan 19, 2026 10:16:39 AM io.gapi.emulators.grpc.HttpAdapter$StubMethodHandler handle

2026-01-19 10:16:39,071 INFO     ___FILE_ONLY___ [pubsub] INFO: Forwarding key: Host

2026-01-19 10:16:39,071 INFO     ___FILE_ONLY___ [pubsub] Jan 19, 2026 10:16:39 AM io.gapi.emulators.grpc.HttpAdapter$StubMethodHandler handle

2026-01-19 10:16:39,072 INFO     ___FILE_ONLY___ [pubsub] INFO: Forwarding key: User-Agent

2026-01-19 10:16:39,072 INFO     ___FILE_ONLY___ [pubsub] Jan 19, 2026 10:16:39 AM io.gapi.emulators.grpc.HttpAdapter$StubMethodHandler handle

2026-01-19 10:16:39,073 INFO     ___FILE_ONLY___ [pubsub] INFO: Forwarding key: Accept

2026-01-19 10:16:39,073 INFO     ___FILE_ONLY___ [pubsub] Jan 19, 2026 10:16:39 AM io.gapi.emulators.grpc.HttpAdapter$StubMethodHandler handle

2026-01-19 10:16:39,073 INFO     ___FILE_ONLY___ [pubsub] INFO: Not forwarding key: content-length

2026-01-19 10:16:39,077 INFO     ___FILE_ONLY___ [pubsub] Jan 19, 2026 10:16:39 AM io.gapi.emulators.netty.HttpHandler$1 onError

2026-01-19 10:16:39,077 INFO     ___FILE_ONLY___ [pubsub] INFO: Exception when handling request: NOT_FOUND: Topic not found

2026-01-19 10:16:39,096 INFO     ___FILE_ONLY___ [pubsub] Jan 19, 2026 10:16:39 AM io.gapi.emulators.netty.HttpVersionRoutingHandler channelRead

2026-01-19 10:16:39,096 INFO     ___FILE_ONLY___ [pubsub] INFO: Detected non-HTTP/2 connection.

2026-01-19 10:16:39,097 INFO     ___FILE_ONLY___ [pubsub] Jan 19, 2026 10:16:39 AM io.gapi.emulators.grpc.HttpAdapter$StubMethodHandler handle

2026-01-19 10:16:39,097 INFO     ___FILE_ONLY___ [pubsub] INFO: Forwarding key: Host

2026-01-19 10:16:39,098 INFO     ___FILE_ONLY___ [pubsub] Jan 19, 2026 10:16:39 AM io.gapi.emulators.grpc.HttpAdapter$StubMethodHandler handle

2026-01-19 10:16:39,098 INFO     ___FILE_ONLY___ [pubsub] INFO: Forwarding key: User-Agent

2026-01-19 10:16:39,098 INFO     ___FILE_ONLY___ [pubsub] Jan 19, 2026 10:16:39 AM io.gapi.emulators.grpc.HttpAdapter$StubMethodHandler handle

2026-01-19 10:16:39,098 INFO     ___FILE_ONLY___ [pubsub] INFO: Forwarding key: Accept

2026-01-19 10:16:39,099 INFO     ___FILE_ONLY___ [pubsub] Jan 19, 2026 10:16:39 AM io.gapi.emulators.grpc.HttpAdapter$StubMethodHandler handle

2026-01-19 10:16:39,099 INFO     ___FILE_ONLY___ [pubsub] INFO: Not forwarding key: content-length

2026-01-19 10:16:39,123 INFO     ___FILE_ONLY___ [pubsub] Jan 19, 2026 10:16:39 AM io.gapi.emulators.netty.HttpVersionRoutingHandler channelRead

2026-01-19 10:16:39,123 INFO     ___FILE_ONLY___ [pubsub] INFO: Detected non-HTTP/2 connection.

2026-01-19 10:16:39,124 INFO     ___FILE_ONLY___ [pubsub] Jan 19, 2026 10:16:39 AM io.gapi.emulators.grpc.HttpAdapter$StubMethodHandler handle

2026-01-19 10:16:39,124 INFO     ___FILE_ONLY___ [pubsub] INFO: Forwarding key: Host

2026-01-19 10:16:39,125 INFO     ___FILE_ONLY___ [pubsub] Jan 19, 2026 10:16:39 AM io.gapi.emulators.grpc.HttpAdapter$StubMethodHandler handle

2026-01-19 10:16:39,125 INFO     ___FILE_ONLY___ [pubsub] INFO: Forwarding key: User-Agent

2026-01-19 10:16:39,125 INFO     ___FILE_ONLY___ [pubsub] Jan 19, 2026 10:16:39 AM io.gapi.emulators.grpc.HttpAdapter$StubMethodHandler handle

2026-01-19 10:16:39,125 INFO     ___FILE_ONLY___ [pubsub] INFO: Forwarding key: Accept

2026-01-19 10:16:39,126 INFO     ___FILE_ONLY___ [pubsub] Jan 19, 2026 10:16:39 AM io.gapi.emulators.grpc.HttpAdapter$StubMethodHandler handle

2026-01-19 10:16:39,126 INFO     ___FILE_ONLY___ [pubsub] INFO: Not forwarding key: content-length

2026-01-19 10:16:39,129 INFO     ___FILE_ONLY___ [pubsub] Jan 19, 2026 10:16:39 AM io.gapi.emulators.netty.HttpHandler$1 onError

2026-01-19 10:16:39,129 INFO     ___FILE_ONLY___ [pubsub] INFO: Exception when handling request: NOT_FOUND: Topic not found

2026-01-19 10:16:39,146 INFO     ___FILE_ONLY___ [pubsub] Jan 19, 2026 10:16:39 AM io.gapi.emulators.netty.HttpVersionRoutingHandler channelRead

2026-01-19 10:16:39,147 INFO     ___FILE_ONLY___ [pubsub] INFO: Detected non-HTTP/2 connection.

2026-01-19 10:16:39,148 INFO     ___FILE_ONLY___ [pubsub] Jan 19, 2026 10:16:39 AM io.gapi.emulators.grpc.HttpAdapter$StubMethodHandler handle

2026-01-19 10:16:39,148 INFO     ___FILE_ONLY___ [pubsub] INFO: Forwarding key: Host

2026-01-19 10:16:39,148 INFO     ___FILE_ONLY___ [pubsub] Jan 19, 2026 10:16:39 AM io.gapi.emulators.grpc.HttpAdapter$StubMethodHandler handle

2026-01-19 10:16:39,149 INFO     ___FILE_ONLY___ [pubsub] INFO: Forwarding key: User-Agent

2026-01-19 10:16:39,149 INFO     ___FILE_ONLY___ [pubsub] Jan 19, 2026 10:16:39 AM io.gapi.emulators.grpc.HttpAdapter$StubMethodHandler handle

2026-01-19 10:16:39,149 INFO     ___FILE_ONLY___ [pubsub] INFO: Forwarding key: Accept

2026-01-19 10:16:39,149 INFO     ___FILE_ONLY___ [pubsub] Jan 19, 2026 10:16:39 AM io.gapi.emulators.grpc.HttpAdapter$StubMethodHandler handle

2026-01-19 10:16:39,150 INFO     ___FILE_ONLY___ [pubsub] INFO: Not forwarding key: content-length

2026-01-19 10:16:39,176 INFO     ___FILE_ONLY___ [pubsub] Jan 19, 2026 10:16:39 AM io.gapi.emulators.netty.HttpVersionRoutingHandler channelRead

2026-01-19 10:16:39,176 INFO     ___FILE_ONLY___ [pubsub] INFO: Detected non-HTTP/2 connection.

2026-01-19 10:16:39,177 INFO     ___FILE_ONLY___ [pubsub] Jan 19, 2026 10:16:39 AM io.gapi.emulators.grpc.HttpAdapter$StubMethodHandler handle

2026-01-19 10:16:39,177 INFO     ___FILE_ONLY___ [pubsub] INFO: Forwarding key: Host

2026-01-19 10:16:39,177 INFO     ___FILE_ONLY___ [pubsub] Jan 19, 2026 10:16:39 AM io.gapi.emulators.grpc.HttpAdapter$StubMethodHandler handle

2026-01-19 10:16:39,178 INFO     ___FILE_ONLY___ [pubsub] INFO: Forwarding key: User-Agent

2026-01-19 10:16:39,178 INFO     ___FILE_ONLY___ [pubsub] Jan 19, 2026 10:16:39 AM io.gapi.emulators.grpc.HttpAdapter$StubMethodHandler handle

2026-01-19 10:16:39,178 INFO     ___FILE_ONLY___ [pubsub] INFO: Forwarding key: Accept

2026-01-19 10:16:39,178 INFO     ___FILE_ONLY___ [pubsub] Jan 19, 2026 10:16:39 AM io.gapi.emulators.grpc.HttpAdapter$StubMethodHandler handle

2026-01-19 10:16:39,179 INFO     ___FILE_ONLY___ [pubsub] INFO: Not forwarding key: content-length

2026-01-19 10:16:39,182 INFO     ___FILE_ONLY___ [pubsub] Jan 19, 2026 10:16:39 AM io.gapi.emulators.netty.HttpHandler$1 onError

2026-01-19 10:16:39,182 INFO     ___FILE_ONLY___ [pubsub] INFO: Exception when handling request: NOT_FOUND: Topic not found

2026-01-19 10:16:39,199 INFO     ___FILE_ONLY___ [pubsub] Jan 19, 2026 10:16:39 AM io.gapi.emulators.netty.HttpVersionRoutingHandler channelRead

2026-01-19 10:16:39,200 INFO     ___FILE_ONLY___ [pubsub] INFO: Detected non-HTTP/2 connection.

2026-01-19 10:16:39,201 INFO     ___FILE_ONLY___ [pubsub] Jan 19, 2026 10:16:39 AM io.gapi.emulators.grpc.HttpAdapter$StubMethodHandler handle

2026-01-19 10:16:39,201 INFO     ___FILE_ONLY___ [pubsub] INFO: Forwarding key: Host

2026-01-19 10:16:39,201 INFO     ___FILE_ONLY___ [pubsub] Jan 19, 2026 10:16:39 AM io.gapi.emulators.grpc.HttpAdapter$StubMethodHandler handle

2026-01-19 10:16:39,202 INFO     ___FILE_ONLY___ [pubsub] INFO: Forwarding key: User-Agent

2026-01-19 10:16:39,202 INFO     ___FILE_ONLY___ [pubsub] Jan 19, 2026 10:16:39 AM io.gapi.emulators.grpc.HttpAdapter$StubMethodHandler handle

2026-01-19 10:16:39,202 INFO     ___FILE_ONLY___ [pubsub] INFO: Forwarding key: Accept

2026-01-19 10:16:39,203 INFO     ___FILE_ONLY___ [pubsub] Jan 19, 2026 10:16:39 AM io.gapi.emulators.grpc.HttpAdapter$StubMethodHandler handle

2026-01-19 10:16:39,203 INFO     ___FILE_ONLY___ [pubsub] INFO: Not forwarding key: content-length

2026-01-19 10:16:39,236 INFO     ___FILE_ONLY___ [pubsub] Jan 19, 2026 10:16:39 AM io.gapi.emulators.netty.HttpVersionRoutingHandler channelRead

2026-01-19 10:16:39,237 INFO     ___FILE_ONLY___ [pubsub] INFO: Detected non-HTTP/2 connection.

2026-01-19 10:16:39,238 INFO     ___FILE_ONLY___ [pubsub] Jan 19, 2026 10:16:39 AM io.gapi.emulators.grpc.HttpAdapter$StubMethodHandler handle

2026-01-19 10:16:39,238 INFO     ___FILE_ONLY___ [pubsub] INFO: Forwarding key: Host

2026-01-19 10:16:39,239 INFO     ___FILE_ONLY___ [pubsub] Jan 19, 2026 10:16:39 AM io.gapi.emulators.grpc.HttpAdapter$StubMethodHandler handle

2026-01-19 10:16:39,239 INFO     ___FILE_ONLY___ [pubsub] INFO: Forwarding key: User-Agent

2026-01-19 10:16:39,239 INFO     ___FILE_ONLY___ [pubsub] Jan 19, 2026 10:16:39 AM io.gapi.emulators.grpc.HttpAdapter$StubMethodHandler handle

2026-01-19 10:16:39,239 INFO     ___FILE_ONLY___ [pubsub] INFO: Forwarding key: Accept

2026-01-19 10:16:39,239 INFO     ___FILE_ONLY___ [pubsub] Jan 19, 2026 10:16:39 AM io.gapi.emulators.grpc.HttpAdapter$StubMethodHandler handle

2026-01-19 10:16:39,240 INFO     ___FILE_ONLY___ [pubsub] INFO: Not forwarding key: content-length

2026-01-19 10:16:39,245 INFO     ___FILE_ONLY___ [pubsub] Jan 19, 2026 10:16:39 AM io.gapi.emulators.netty.HttpHandler$1 onError

2026-01-19 10:16:39,246 INFO     ___FILE_ONLY___ [pubsub] INFO: Exception when handling request: NOT_FOUND: Topic not found

2026-01-19 10:16:39,265 INFO     ___FILE_ONLY___ [pubsub] Jan 19, 2026 10:16:39 AM io.gapi.emulators.netty.HttpVersionRoutingHandler channelRead

2026-01-19 10:16:39,266 INFO     ___FILE_ONLY___ [pubsub] INFO: Detected non-HTTP/2 connection.

2026-01-19 10:16:39,268 INFO     ___FILE_ONLY___ [pubsub] Jan 19, 2026 10:16:39 AM io.gapi.emulators.grpc.HttpAdapter$StubMethodHandler handle

2026-01-19 10:16:39,269 INFO     ___FILE_ONLY___ [pubsub] INFO: Forwarding key: Host

2026-01-19 10:16:39,269 INFO     ___FILE_ONLY___ [pubsub] Jan 19, 2026 10:16:39 AM io.gapi.emulators.grpc.HttpAdapter$StubMethodHandler handle

2026-01-19 10:16:39,269 INFO     ___FILE_ONLY___ [pubsub] INFO: Forwarding key: User-Agent

2026-01-19 10:16:39,270 INFO     ___FILE_ONLY___ [pubsub] Jan 19, 2026 10:16:39 AM io.gapi.emulators.grpc.HttpAdapter$StubMethodHandler handle

2026-01-19 10:16:39,270 INFO     ___FILE_ONLY___ [pubsub] INFO: Forwarding key: Accept

2026-01-19 10:16:39,270 INFO     ___FILE_ONLY___ [pubsub] Jan 19, 2026 10:16:39 AM io.gapi.emulators.grpc.HttpAdapter$StubMethodHandler handle

2026-01-19 10:16:39,271 INFO     ___FILE_ONLY___ [pubsub] INFO: Not forwarding key: content-length

2026-01-19 10:16:39,296 INFO     ___FILE_ONLY___ [pubsub] Jan 19, 2026 10:16:39 AM io.gapi.emulators.netty.HttpVersionRoutingHandler channelRead

2026-01-19 10:16:39,297 INFO     ___FILE_ONLY___ [pubsub] INFO: Detected non-HTTP/2 connection.

2026-01-19 10:16:39,299 INFO     ___FILE_ONLY___ [pubsub] Jan 19, 2026 10:16:39 AM io.gapi.emulators.grpc.HttpAdapter$StubMethodHandler handle

2026-01-19 10:16:39,300 INFO     ___FILE_ONLY___ [pubsub] INFO: Forwarding key: Host

2026-01-19 10:16:39,300 INFO     ___FILE_ONLY___ [pubsub] Jan 19, 2026 10:16:39 AM io.gapi.emulators.grpc.HttpAdapter$StubMethodHandler handle

2026-01-19 10:16:39,300 INFO     ___FILE_ONLY___ [pubsub] INFO: Forwarding key: User-Agent

2026-01-19 10:16:39,301 INFO     ___FILE_ONLY___ [pubsub] Jan 19, 2026 10:16:39 AM io.gapi.emulators.grpc.HttpAdapter$StubMethodHandler handle

2026-01-19 10:16:39,301 INFO     ___FILE_ONLY___ [pubsub] INFO: Forwarding key: Accept

2026-01-19 10:16:39,301 INFO     ___FILE_ONLY___ [pubsub] Jan 19, 2026 10:16:39 AM io.gapi.emulators.grpc.HttpAdapter$StubMethodHandler handle

2026-01-19 10:16:39,301 INFO     ___FILE_ONLY___ [pubsub] INFO: Not forwarding key: content-length

2026-01-19 10:16:39,304 INFO     ___FILE_ONLY___ [pubsub] Jan 19, 2026 10:16:39 AM io.gapi.emulators.netty.HttpHandler$1 onError

2026-01-19 10:16:39,304 INFO     ___FILE_ONLY___ [pubsub] INFO: Exception when handling request: NOT_FOUND: Subscription does not exist

2026-01-19 10:16:39,322 INFO     ___FILE_ONLY___ [pubsub] Jan 19, 2026 10:16:39 AM io.gapi.emulators.netty.HttpVersionRoutingHandler channelRead

2026-01-19 10:16:39,322 INFO     ___FILE_ONLY___ [pubsub] INFO: Detected non-HTTP/2 connection.

2026-01-19 10:16:39,342 INFO     ___FILE_ONLY___ [pubsub] Jan 19, 2026 10:16:39 AM io.gapi.emulators.grpc.HttpAdapter$StubMethodHandler handle

2026-01-19 10:16:39,343 INFO     ___FILE_ONLY___ [pubsub] INFO: Forwarding key: Host

2026-01-19 10:16:39,343 INFO     ___FILE_ONLY___ [pubsub] Jan 19, 2026 10:16:39 AM io.gapi.emulators.grpc.HttpAdapter$StubMethodHandler handle

2026-01-19 10:16:39,343 INFO     ___FILE_ONLY___ [pubsub] INFO: Forwarding key: User-Agent

2026-01-19 10:16:39,343 INFO     ___FILE_ONLY___ [pubsub] Jan 19, 2026 10:16:39 AM io.gapi.emulators.grpc.HttpAdapter$StubMethodHandler handle

2026-01-19 10:16:39,343 INFO     ___FILE_ONLY___ [pubsub] INFO: Forwarding key: Accept

2026-01-19 10:16:39,344 INFO     ___FILE_ONLY___ [pubsub] Jan 19, 2026 10:16:39 AM io.gapi.emulators.grpc.HttpAdapter$StubMethodHandler handle

2026-01-19 10:16:39,344 INFO     ___FILE_ONLY___ [pubsub] INFO: Forwarding key: Content-Type

2026-01-19 10:16:39,344 INFO     ___FILE_ONLY___ [pubsub] Jan 19, 2026 10:16:39 AM io.gapi.emulators.grpc.HttpAdapter$StubMethodHandler handle

2026-01-19 10:16:39,345 INFO     ___FILE_ONLY___ [pubsub] INFO: Not forwarding key: Content-Length

2026-01-19 10:16:39,380 INFO     ___FILE_ONLY___ [pubsub] Jan 19, 2026 10:16:39 AM io.gapi.emulators.netty.HttpVersionRoutingHandler channelRead

2026-01-19 10:16:39,381 INFO     ___FILE_ONLY___ [pubsub] INFO: Detected non-HTTP/2 connection.

2026-01-19 10:16:39,384 INFO     ___FILE_ONLY___ [pubsub] Jan 19, 2026 10:16:39 AM io.gapi.emulators.grpc.HttpAdapter$StubMethodHandler handle

2026-01-19 10:16:39,384 INFO     ___FILE_ONLY___ [pubsub] INFO: Forwarding key: Host

2026-01-19 10:16:39,385 INFO     ___FILE_ONLY___ [pubsub] Jan 19, 2026 10:16:39 AM io.gapi.emulators.grpc.HttpAdapter$StubMethodHandler handle

2026-01-19 10:16:39,385 INFO     ___FILE_ONLY___ [pubsub] INFO: Forwarding key: User-Agent

2026-01-19 10:16:39,385 INFO     ___FILE_ONLY___ [pubsub] Jan 19, 2026 10:16:39 AM io.gapi.emulators.grpc.HttpAdapter$StubMethodHandler handle

2026-01-19 10:16:39,385 INFO     ___FILE_ONLY___ [pubsub] INFO: Forwarding key: Accept

2026-01-19 10:16:39,387 INFO     ___FILE_ONLY___ [pubsub] Jan 19, 2026 10:16:39 AM io.gapi.emulators.grpc.HttpAdapter$StubMethodHandler handle

2026-01-19 10:16:39,387 INFO     ___FILE_ONLY___ [pubsub] INFO: Not forwarding key: content-length

2026-01-19 10:16:39,390 INFO     ___FILE_ONLY___ [pubsub] Jan 19, 2026 10:16:39 AM io.gapi.emulators.netty.HttpHandler$1 onError

2026-01-19 10:16:39,391 INFO     ___FILE_ONLY___ [pubsub] INFO: Exception when handling request: NOT_FOUND: Subscription does not exist

2026-01-19 10:16:39,404 INFO     ___FILE_ONLY___ [pubsub] Jan 19, 2026 10:16:39 AM io.gapi.emulators.netty.HttpVersionRoutingHandler channelRead

2026-01-19 10:16:39,405 INFO     ___FILE_ONLY___ [pubsub] INFO: Detected non-HTTP/2 connection.

2026-01-19 10:16:39,406 INFO     ___FILE_ONLY___ [pubsub] Jan 19, 2026 10:16:39 AM io.gapi.emulators.grpc.HttpAdapter$StubMethodHandler handle

2026-01-19 10:16:39,406 INFO     ___FILE_ONLY___ [pubsub] INFO: Forwarding key: Host

2026-01-19 10:16:39,407 INFO     ___FILE_ONLY___ [pubsub] Jan 19, 2026 10:16:39 AM io.gapi.emulators.grpc.HttpAdapter$StubMethodHandler handle

2026-01-19 10:16:39,407 INFO     ___FILE_ONLY___ [pubsub] INFO: Forwarding key: User-Agent

2026-01-19 10:16:39,407 INFO     ___FILE_ONLY___ [pubsub] Jan 19, 2026 10:16:39 AM io.gapi.emulators.grpc.HttpAdapter$StubMethodHandler handle

2026-01-19 10:16:39,407 INFO     ___FILE_ONLY___ [pubsub] INFO: Forwarding key: Accept

2026-01-19 10:16:39,407 INFO     ___FILE_ONLY___ [pubsub] Jan 19, 2026 10:16:39 AM io.gapi.emulators.grpc.HttpAdapter$StubMethodHandler handle

2026-01-19 10:16:39,408 INFO     ___FILE_ONLY___ [pubsub] INFO: Forwarding key: Content-Type

2026-01-19 10:16:39,408 INFO     ___FILE_ONLY___ [pubsub] Jan 19, 2026 10:16:39 AM io.gapi.emulators.grpc.HttpAdapter$StubMethodHandler handle

2026-01-19 10:16:39,408 INFO     ___FILE_ONLY___ [pubsub] INFO: Not forwarding key: Content-Length

2026-01-19 10:16:39,427 INFO     ___FILE_ONLY___ [pubsub] Jan 19, 2026 10:16:39 AM io.gapi.emulators.netty.HttpVersionRoutingHandler channelRead

2026-01-19 10:16:39,428 INFO     ___FILE_ONLY___ [pubsub] INFO: Detected non-HTTP/2 connection.

2026-01-19 10:16:39,428 INFO     ___FILE_ONLY___ [pubsub] Jan 19, 2026 10:16:39 AM io.gapi.emulators.grpc.HttpAdapter$StubMethodHandler handle

2026-01-19 10:16:39,429 INFO     ___FILE_ONLY___ [pubsub] INFO: Forwarding key: Host

2026-01-19 10:16:39,429 INFO     ___FILE_ONLY___ [pubsub] Jan 19, 2026 10:16:39 AM io.gapi.emulators.grpc.HttpAdapter$StubMethodHandler handle

2026-01-19 10:16:39,429 INFO     ___FILE_ONLY___ [pubsub] INFO: Forwarding key: User-Agent

2026-01-19 10:16:39,429 INFO     ___FILE_ONLY___ [pubsub] Jan 19, 2026 10:16:39 AM io.gapi.emulators.grpc.HttpAdapter$StubMethodHandler handle

2026-01-19 10:16:39,429 INFO     ___FILE_ONLY___ [pubsub] INFO: Forwarding key: Accept

2026-01-19 10:16:39,430 INFO     ___FILE_ONLY___ [pubsub] Jan 19, 2026 10:16:39 AM io.gapi.emulators.grpc.HttpAdapter$StubMethodHandler handle

2026-01-19 10:16:39,430 INFO     ___FILE_ONLY___ [pubsub] INFO: Not forwarding key: content-length

2026-01-19 10:16:39,434 INFO     ___FILE_ONLY___ [pubsub] Jan 19, 2026 10:16:39 AM io.gapi.emulators.netty.HttpHandler$1 onError

2026-01-19 10:16:39,436 INFO     ___FILE_ONLY___ [pubsub] INFO: Exception when handling request: NOT_FOUND: Subscription does not exist

2026-01-19 10:16:39,447 INFO     ___FILE_ONLY___ [pubsub] Jan 19, 2026 10:16:39 AM io.gapi.emulators.netty.HttpVersionRoutingHandler channelRead

2026-01-19 10:16:39,447 INFO     ___FILE_ONLY___ [pubsub] INFO: Detected non-HTTP/2 connection.

2026-01-19 10:16:39,451 INFO     ___FILE_ONLY___ [pubsub] Jan 19, 2026 10:16:39 AM io.gapi.emulators.grpc.HttpAdapter$StubMethodHandler handle

2026-01-19 10:16:39,451 INFO     ___FILE_ONLY___ [pubsub] INFO: Forwarding key: Host

2026-01-19 10:16:39,452 INFO     ___FILE_ONLY___ [pubsub] Jan 19, 2026 10:16:39 AM io.gapi.emulators.grpc.HttpAdapter$StubMethodHandler handle

2026-01-19 10:16:39,452 INFO     ___FILE_ONLY___ [pubsub] INFO: Forwarding key: User-Agent

2026-01-19 10:16:39,452 INFO     ___FILE_ONLY___ [pubsub] Jan 19, 2026 10:16:39 AM io.gapi.emulators.grpc.HttpAdapter$StubMethodHandler handle

2026-01-19 10:16:39,452 INFO     ___FILE_ONLY___ [pubsub] INFO: Forwarding key: Accept

2026-01-19 10:16:39,453 INFO     ___FILE_ONLY___ [pubsub] Jan 19, 2026 10:16:39 AM io.gapi.emulators.grpc.HttpAdapter$StubMethodHandler handle

2026-01-19 10:16:39,453 INFO     ___FILE_ONLY___ [pubsub] INFO: Forwarding key: Content-Type

2026-01-19 10:16:39,453 INFO     ___FILE_ONLY___ [pubsub] Jan 19, 2026 10:16:39 AM io.gapi.emulators.grpc.HttpAdapter$StubMethodHandler handle

2026-01-19 10:16:39,454 INFO     ___FILE_ONLY___ [pubsub] INFO: Not forwarding key: Content-Length

2026-01-19 10:16:39,470 INFO     ___FILE_ONLY___ [pubsub] Jan 19, 2026 10:16:39 AM io.gapi.emulators.netty.HttpVersionRoutingHandler channelRead

2026-01-19 10:16:39,471 INFO     ___FILE_ONLY___ [pubsub] INFO: Detected non-HTTP/2 connection.

2026-01-19 10:16:39,471 INFO     ___FILE_ONLY___ [pubsub] Jan 19, 2026 10:16:39 AM io.gapi.emulators.grpc.HttpAdapter$StubMethodHandler handle

2026-01-19 10:16:39,472 INFO     ___FILE_ONLY___ [pubsub] INFO: Forwarding key: Host

2026-01-19 10:16:39,472 INFO     ___FILE_ONLY___ [pubsub] Jan 19, 2026 10:16:39 AM io.gapi.emulators.grpc.HttpAdapter$StubMethodHandler handle

2026-01-19 10:16:39,472 INFO     ___FILE_ONLY___ [pubsub] INFO: Forwarding key: User-Agent

2026-01-19 10:16:39,473 INFO     ___FILE_ONLY___ [pubsub] Jan 19, 2026 10:16:39 AM io.gapi.emulators.grpc.HttpAdapter$StubMethodHandler handle

2026-01-19 10:16:39,473 INFO     ___FILE_ONLY___ [pubsub] INFO: Forwarding key: Accept

2026-01-19 10:16:39,473 INFO     ___FILE_ONLY___ [pubsub] Jan 19, 2026 10:16:39 AM io.gapi.emulators.grpc.HttpAdapter$StubMethodHandler handle

2026-01-19 10:16:39,474 INFO     ___FILE_ONLY___ [pubsub] INFO: Not forwarding key: content-length

2026-01-19 10:16:39,478 INFO     ___FILE_ONLY___ [pubsub] Jan 19, 2026 10:16:39 AM io.gapi.emulators.netty.HttpHandler$1 onError

2026-01-19 10:16:39,478 INFO     ___FILE_ONLY___ [pubsub] INFO: Exception when handling request: NOT_FOUND: Subscription does not exist

2026-01-19 10:16:39,490 INFO     ___FILE_ONLY___ [pubsub] Jan 19, 2026 10:16:39 AM io.gapi.emulators.netty.HttpVersionRoutingHandler channelRead

2026-01-19 10:16:39,490 INFO     ___FILE_ONLY___ [pubsub] INFO: Detected non-HTTP/2 connection.

2026-01-19 10:16:39,491 INFO     ___FILE_ONLY___ [pubsub] Jan 19, 2026 10:16:39 AM io.gapi.emulators.grpc.HttpAdapter$StubMethodHandler handle

2026-01-19 10:16:39,492 INFO     ___FILE_ONLY___ [pubsub] INFO: Forwarding key: Host

2026-01-19 10:16:39,492 INFO     ___FILE_ONLY___ [pubsub] Jan 19, 2026 10:16:39 AM io.gapi.emulators.grpc.HttpAdapter$StubMethodHandler handle

2026-01-19 10:16:39,492 INFO     ___FILE_ONLY___ [pubsub] INFO: Forwarding key: User-Agent

2026-01-19 10:16:39,492 INFO     ___FILE_ONLY___ [pubsub] Jan 19, 2026 10:16:39 AM io.gapi.emulators.grpc.HttpAdapter$StubMethodHandler handle

2026-01-19 10:16:39,493 INFO     ___FILE_ONLY___ [pubsub] INFO: Forwarding key: Accept

2026-01-19 10:16:39,493 INFO     ___FILE_ONLY___ [pubsub] Jan 19, 2026 10:16:39 AM io.gapi.emulators.grpc.HttpAdapter$StubMethodHandler handle

2026-01-19 10:16:39,493 INFO     ___FILE_ONLY___ [pubsub] INFO: Forwarding key: Content-Type

2026-01-19 10:16:39,493 INFO     ___FILE_ONLY___ [pubsub] Jan 19, 2026 10:16:39 AM io.gapi.emulators.grpc.HttpAdapter$StubMethodHandler handle

2026-01-19 10:16:39,493 INFO     ___FILE_ONLY___ [pubsub] INFO: Not forwarding key: Content-Length

2026-01-19 10:16:39,511 INFO     ___FILE_ONLY___ [pubsub] Jan 19, 2026 10:16:39 AM io.gapi.emulators.netty.HttpVersionRoutingHandler channelRead

2026-01-19 10:16:39,512 INFO     ___FILE_ONLY___ [pubsub] INFO: Detected non-HTTP/2 connection.

2026-01-19 10:16:39,512 INFO     ___FILE_ONLY___ [pubsub] Jan 19, 2026 10:16:39 AM io.gapi.emulators.grpc.HttpAdapter$StubMethodHandler handle

2026-01-19 10:16:39,513 INFO     ___FILE_ONLY___ [pubsub] INFO: Forwarding key: Host

2026-01-19 10:16:39,513 INFO     ___FILE_ONLY___ [pubsub] Jan 19, 2026 10:16:39 AM io.gapi.emulators.grpc.HttpAdapter$StubMethodHandler handle

2026-01-19 10:16:39,513 INFO     ___FILE_ONLY___ [pubsub] INFO: Forwarding key: User-Agent

2026-01-19 10:16:39,513 INFO     ___FILE_ONLY___ [pubsub] Jan 19, 2026 10:16:39 AM io.gapi.emulators.grpc.HttpAdapter$StubMethodHandler handle

2026-01-19 10:16:39,514 INFO     ___FILE_ONLY___ [pubsub] INFO: Forwarding key: Accept

2026-01-19 10:16:39,514 INFO     ___FILE_ONLY___ [pubsub] Jan 19, 2026 10:16:39 AM io.gapi.emulators.grpc.HttpAdapter$StubMethodHandler handle

2026-01-19 10:16:39,515 INFO     ___FILE_ONLY___ [pubsub] INFO: Not forwarding key: content-length

2026-01-19 10:16:39,519 INFO     ___FILE_ONLY___ [pubsub] Jan 19, 2026 10:16:39 AM io.gapi.emulators.netty.HttpHandler$1 onError

2026-01-19 10:16:39,519 INFO     ___FILE_ONLY___ [pubsub] INFO: Exception when handling request: NOT_FOUND: Subscription does not exist

2026-01-19 10:16:39,532 INFO     ___FILE_ONLY___ [pubsub] Jan 19, 2026 10:16:39 AM io.gapi.emulators.netty.HttpVersionRoutingHandler channelRead

2026-01-19 10:16:39,532 INFO     ___FILE_ONLY___ [pubsub] INFO: Detected non-HTTP/2 connection.

2026-01-19 10:16:39,559 INFO     ___FILE_ONLY___ [pubsub] Jan 19, 2026 10:16:39 AM io.gapi.emulators.grpc.HttpAdapter$StubMethodHandler handle

2026-01-19 10:16:39,560 INFO     ___FILE_ONLY___ [pubsub] INFO: Forwarding key: Host

2026-01-19 10:16:39,560 INFO     ___FILE_ONLY___ [pubsub] Jan 19, 2026 10:16:39 AM io.gapi.emulators.grpc.HttpAdapter$StubMethodHandler handle

2026-01-19 10:16:39,560 INFO     ___FILE_ONLY___ [pubsub] INFO: Forwarding key: User-Agent

2026-01-19 10:16:39,561 INFO     ___FILE_ONLY___ [pubsub] Jan 19, 2026 10:16:39 AM io.gapi.emulators.grpc.HttpAdapter$StubMethodHandler handle

2026-01-19 10:16:39,561 INFO     ___FILE_ONLY___ [pubsub] INFO: Forwarding key: Accept

2026-01-19 10:16:39,561 INFO     ___FILE_ONLY___ [pubsub] Jan 19, 2026 10:16:39 AM io.gapi.emulators.grpc.HttpAdapter$StubMethodHandler handle

2026-01-19 10:16:39,561 INFO     ___FILE_ONLY___ [pubsub] INFO: Forwarding key: Content-Type

2026-01-19 10:16:39,562 INFO     ___FILE_ONLY___ [pubsub] Jan 19, 2026 10:16:39 AM io.gapi.emulators.grpc.HttpAdapter$StubMethodHandler handle

2026-01-19 10:16:39,562 INFO     ___FILE_ONLY___ [pubsub] INFO: Not forwarding key: Content-Length

2026-01-19 10:16:39,602 INFO     ___FILE_ONLY___ [pubsub] Jan 19, 2026 10:16:39 AM io.gapi.emulators.netty.HttpVersionRoutingHandler channelRead

2026-01-19 10:16:39,602 INFO     ___FILE_ONLY___ [pubsub] INFO: Detected non-HTTP/2 connection.

2026-01-19 10:16:39,607 INFO     ___FILE_ONLY___ [pubsub] Jan 19, 2026 10:16:39 AM io.gapi.emulators.grpc.HttpAdapter$StubMethodHandler handle

2026-01-19 10:16:39,607 INFO     ___FILE_ONLY___ [pubsub] INFO: Forwarding key: Host

2026-01-19 10:16:39,607 INFO     ___FILE_ONLY___ [pubsub] Jan 19, 2026 10:16:39 AM io.gapi.emulators.grpc.HttpAdapter$StubMethodHandler handle

2026-01-19 10:16:39,608 INFO     ___FILE_ONLY___ [pubsub] INFO: Forwarding key: User-Agent

2026-01-19 10:16:39,608 INFO     ___FILE_ONLY___ [pubsub] Jan 19, 2026 10:16:39 AM io.gapi.emulators.grpc.HttpAdapter$StubMethodHandler handle

2026-01-19 10:16:39,608 INFO     ___FILE_ONLY___ [pubsub] INFO: Forwarding key: Accept

2026-01-19 10:16:39,608 INFO     ___FILE_ONLY___ [pubsub] Jan 19, 2026 10:16:39 AM io.gapi.emulators.grpc.HttpAdapter$StubMethodHandler handle

2026-01-19 10:16:39,608 INFO     ___FILE_ONLY___ [pubsub] INFO: Not forwarding key: content-length

2026-01-19 10:16:39,616 INFO     ___FILE_ONLY___ [pubsub] Jan 19, 2026 10:16:39 AM io.gapi.emulators.netty.HttpHandler$1 onError

2026-01-19 10:16:39,617 INFO     ___FILE_ONLY___ [pubsub] INFO: Exception when handling request: NOT_FOUND: Subscription does not exist

2026-01-19 10:16:39,629 INFO     ___FILE_ONLY___ [pubsub] Jan 19, 2026 10:16:39 AM io.gapi.emulators.netty.HttpVersionRoutingHandler channelRead

2026-01-19 10:16:39,630 INFO     ___FILE_ONLY___ [pubsub] INFO: Detected non-HTTP/2 connection.

2026-01-19 10:16:39,631 INFO     ___FILE_ONLY___ [pubsub] Jan 19, 2026 10:16:39 AM io.gapi.emulators.grpc.HttpAdapter$StubMethodHandler handle

2026-01-19 10:16:39,631 INFO     ___FILE_ONLY___ [pubsub] INFO: Forwarding key: Host

2026-01-19 10:16:39,632 INFO     ___FILE_ONLY___ [pubsub] Jan 19, 2026 10:16:39 AM io.gapi.emulators.grpc.HttpAdapter$StubMethodHandler handle

2026-01-19 10:16:39,632 INFO     ___FILE_ONLY___ [pubsub] INFO: Forwarding key: User-Agent

2026-01-19 10:16:39,632 INFO     ___FILE_ONLY___ [pubsub] Jan 19, 2026 10:16:39 AM io.gapi.emulators.grpc.HttpAdapter$StubMethodHandler handle

2026-01-19 10:16:39,632 INFO     ___FILE_ONLY___ [pubsub] INFO: Forwarding key: Accept

2026-01-19 10:16:39,633 INFO     ___FILE_ONLY___ [pubsub] Jan 19, 2026 10:16:39 AM io.gapi.emulators.grpc.HttpAdapter$StubMethodHandler handle

2026-01-19 10:16:39,633 INFO     ___FILE_ONLY___ [pubsub] INFO: Forwarding key: Content-Type

2026-01-19 10:16:39,633 INFO     ___FILE_ONLY___ [pubsub] Jan 19, 2026 10:16:39 AM io.gapi.emulators.grpc.HttpAdapter$StubMethodHandler handle

2026-01-19 10:16:39,633 INFO     ___FILE_ONLY___ [pubsub] INFO: Not forwarding key: Content-Length

2026-01-19 10:16:39,652 INFO     ___FILE_ONLY___ [pubsub] Jan 19, 2026 10:16:39 AM io.gapi.emulators.netty.HttpVersionRoutingHandler channelRead

2026-01-19 10:16:39,652 INFO     ___FILE_ONLY___ [pubsub] INFO: Detected non-HTTP/2 connection.

2026-01-19 10:16:39,653 INFO     ___FILE_ONLY___ [pubsub] Jan 19, 2026 10:16:39 AM io.gapi.emulators.grpc.HttpAdapter$StubMethodHandler handle

2026-01-19 10:16:39,653 INFO     ___FILE_ONLY___ [pubsub] INFO: Forwarding key: Host

2026-01-19 10:16:39,653 INFO     ___FILE_ONLY___ [pubsub] Jan 19, 2026 10:16:39 AM io.gapi.emulators.grpc.HttpAdapter$StubMethodHandler handle

2026-01-19 10:16:39,654 INFO     ___FILE_ONLY___ [pubsub] INFO: Forwarding key: User-Agent

2026-01-19 10:16:39,654 INFO     ___FILE_ONLY___ [pubsub] Jan 19, 2026 10:16:39 AM io.gapi.emulators.grpc.HttpAdapter$StubMethodHandler handle

2026-01-19 10:16:39,654 INFO     ___FILE_ONLY___ [pubsub] INFO: Forwarding key: Accept

2026-01-19 10:16:39,654 INFO     ___FILE_ONLY___ [pubsub] Jan 19, 2026 10:16:39 AM io.gapi.emulators.grpc.HttpAdapter$StubMethodHandler handle

2026-01-19 10:16:39,655 INFO     ___FILE_ONLY___ [pubsub] INFO: Not forwarding key: content-length

2026-01-19 10:16:39,657 INFO     ___FILE_ONLY___ [pubsub] Jan 19, 2026 10:16:39 AM io.gapi.emulators.netty.HttpHandler$1 onError

2026-01-19 10:16:39,657 INFO     ___FILE_ONLY___ [pubsub] INFO: Exception when handling request: NOT_FOUND: Subscription does not exist

2026-01-19 10:16:39,669 INFO     ___FILE_ONLY___ [pubsub] Jan 19, 2026 10:16:39 AM io.gapi.emulators.netty.HttpVersionRoutingHandler channelRead

2026-01-19 10:16:39,670 INFO     ___FILE_ONLY___ [pubsub] INFO: Detected non-HTTP/2 connection.

2026-01-19 10:16:39,670 INFO     ___FILE_ONLY___ [pubsub] Jan 19, 2026 10:16:39 AM io.gapi.emulators.grpc.HttpAdapter$StubMethodHandler handle

2026-01-19 10:16:39,671 INFO     ___FILE_ONLY___ [pubsub] INFO: Forwarding key: Host

2026-01-19 10:16:39,671 INFO     ___FILE_ONLY___ [pubsub] Jan 19, 2026 10:16:39 AM io.gapi.emulators.grpc.HttpAdapter$StubMethodHandler handle

2026-01-19 10:16:39,671 INFO     ___FILE_ONLY___ [pubsub] INFO: Forwarding key: User-Agent

2026-01-19 10:16:39,671 INFO     ___FILE_ONLY___ [pubsub] Jan 19, 2026 10:16:39 AM io.gapi.emulators.grpc.HttpAdapter$StubMethodHandler handle

2026-01-19 10:16:39,671 INFO     ___FILE_ONLY___ [pubsub] INFO: Forwarding key: Accept

2026-01-19 10:16:39,672 INFO     ___FILE_ONLY___ [pubsub] Jan 19, 2026 10:16:39 AM io.gapi.emulators.grpc.HttpAdapter$StubMethodHandler handle

2026-01-19 10:16:39,672 INFO     ___FILE_ONLY___ [pubsub] INFO: Forwarding key: Content-Type

2026-01-19 10:16:39,672 INFO     ___FILE_ONLY___ [pubsub] Jan 19, 2026 10:16:39 AM io.gapi.emulators.grpc.HttpAdapter$StubMethodHandler handle

2026-01-19 10:16:39,672 INFO     ___FILE_ONLY___ [pubsub] INFO: Not forwarding key: Content-Length

2026-01-19 10:16:39,689 INFO     ___FILE_ONLY___ [pubsub] Jan 19, 2026 10:16:39 AM io.gapi.emulators.netty.HttpVersionRoutingHandler channelRead

2026-01-19 10:16:39,689 INFO     ___FILE_ONLY___ [pubsub] INFO: Detected non-HTTP/2 connection.

2026-01-19 10:16:39,690 INFO     ___FILE_ONLY___ [pubsub] Jan 19, 2026 10:16:39 AM io.gapi.emulators.grpc.HttpAdapter$StubMethodHandler handle

2026-01-19 10:16:39,690 INFO     ___FILE_ONLY___ [pubsub] INFO: Forwarding key: Host

2026-01-19 10:16:39,690 INFO     ___FILE_ONLY___ [pubsub] Jan 19, 2026 10:16:39 AM io.gapi.emulators.grpc.HttpAdapter$StubMethodHandler handle

2026-01-19 10:16:39,691 INFO     ___FILE_ONLY___ [pubsub] INFO: Forwarding key: User-Agent

2026-01-19 10:16:39,691 INFO     ___FILE_ONLY___ [pubsub] Jan 19, 2026 10:16:39 AM io.gapi.emulators.grpc.HttpAdapter$StubMethodHandler handle

2026-01-19 10:16:39,691 INFO     ___FILE_ONLY___ [pubsub] INFO: Forwarding key: Accept

2026-01-19 10:16:39,691 INFO     ___FILE_ONLY___ [pubsub] Jan 19, 2026 10:16:39 AM io.gapi.emulators.grpc.HttpAdapter$StubMethodHandler handle

2026-01-19 10:16:39,692 INFO     ___FILE_ONLY___ [pubsub] INFO: Not forwarding key: content-length

2026-01-19 10:16:39,696 INFO     ___FILE_ONLY___ [pubsub] Jan 19, 2026 10:16:39 AM io.gapi.emulators.netty.HttpHandler$1 onError

2026-01-19 10:16:39,696 INFO     ___FILE_ONLY___ [pubsub] INFO: Exception when handling request: NOT_FOUND: Subscription does not exist

2026-01-19 10:16:39,709 INFO     ___FILE_ONLY___ [pubsub] Jan 19, 2026 10:16:39 AM io.gapi.emulators.netty.HttpVersionRoutingHandler channelRead

2026-01-19 10:16:39,709 INFO     ___FILE_ONLY___ [pubsub] INFO: Detected non-HTTP/2 connection.

2026-01-19 10:16:39,710 INFO     ___FILE_ONLY___ [pubsub] Jan 19, 2026 10:16:39 AM io.gapi.emulators.grpc.HttpAdapter$StubMethodHandler handle

2026-01-19 10:16:39,710 INFO     ___FILE_ONLY___ [pubsub] INFO: Forwarding key: Host

2026-01-19 10:16:39,710 INFO     ___FILE_ONLY___ [pubsub] Jan 19, 2026 10:16:39 AM io.gapi.emulators.grpc.HttpAdapter$StubMethodHandler handle

2026-01-19 10:16:39,711 INFO     ___FILE_ONLY___ [pubsub] INFO: Forwarding key: User-Agent

2026-01-19 10:16:39,711 INFO     ___FILE_ONLY___ [pubsub] Jan 19, 2026 10:16:39 AM io.gapi.emulators.grpc.HttpAdapter$StubMethodHandler handle

2026-01-19 10:16:39,711 INFO     ___FILE_ONLY___ [pubsub] INFO: Forwarding key: Accept

2026-01-19 10:16:39,711 INFO     ___FILE_ONLY___ [pubsub] Jan 19, 2026 10:16:39 AM io.gapi.emulators.grpc.HttpAdapter$StubMethodHandler handle

2026-01-19 10:16:39,712 INFO     ___FILE_ONLY___ [pubsub] INFO: Forwarding key: Content-Type

2026-01-19 10:16:39,712 INFO     ___FILE_ONLY___ [pubsub] Jan 19, 2026 10:16:39 AM io.gapi.emulators.grpc.HttpAdapter$StubMethodHandler handle

2026-01-19 10:16:39,712 INFO     ___FILE_ONLY___ [pubsub] INFO: Not forwarding key: Content-Length

2026-01-19 10:16:39,728 INFO     ___FILE_ONLY___ [pubsub] Jan 19, 2026 10:16:39 AM io.gapi.emulators.netty.HttpVersionRoutingHandler channelRead

2026-01-19 10:16:39,729 INFO     ___FILE_ONLY___ [pubsub] INFO: Detected non-HTTP/2 connection.

2026-01-19 10:16:39,730 INFO     ___FILE_ONLY___ [pubsub] Jan 19, 2026 10:16:39 AM io.gapi.emulators.grpc.HttpAdapter$StubMethodHandler handle

2026-01-19 10:16:39,730 INFO     ___FILE_ONLY___ [pubsub] INFO: Forwarding key: Host

2026-01-19 10:16:39,730 INFO     ___FILE_ONLY___ [pubsub] Jan 19, 2026 10:16:39 AM io.gapi.emulators.grpc.HttpAdapter$StubMethodHandler handle

2026-01-19 10:16:39,731 INFO     ___FILE_ONLY___ [pubsub] INFO: Forwarding key: User-Agent

2026-01-19 10:16:39,731 INFO     ___FILE_ONLY___ [pubsub] Jan 19, 2026 10:16:39 AM io.gapi.emulators.grpc.HttpAdapter$StubMethodHandler handle

2026-01-19 10:16:39,731 INFO     ___FILE_ONLY___ [pubsub] INFO: Forwarding key: Accept

2026-01-19 10:16:39,731 INFO     ___FILE_ONLY___ [pubsub] Jan 19, 2026 10:16:39 AM io.gapi.emulators.grpc.HttpAdapter$StubMethodHandler handle

2026-01-19 10:16:39,731 INFO     ___FILE_ONLY___ [pubsub] INFO: Not forwarding key: content-length

2026-01-19 10:16:39,736 INFO     ___FILE_ONLY___ [pubsub] Jan 19, 2026 10:16:39 AM io.gapi.emulators.netty.HttpHandler$1 onError

2026-01-19 10:16:39,736 INFO     ___FILE_ONLY___ [pubsub] INFO: Exception when handling request: NOT_FOUND: Subscription does not exist

2026-01-19 10:16:39,748 INFO     ___FILE_ONLY___ [pubsub] Jan 19, 2026 10:16:39 AM io.gapi.emulators.netty.HttpVersionRoutingHandler channelRead

2026-01-19 10:16:39,749 INFO     ___FILE_ONLY___ [pubsub] INFO: Detected non-HTTP/2 connection.

2026-01-19 10:16:39,750 INFO     ___FILE_ONLY___ [pubsub] Jan 19, 2026 10:16:39 AM io.gapi.emulators.grpc.HttpAdapter$StubMethodHandler handle

2026-01-19 10:16:39,750 INFO     ___FILE_ONLY___ [pubsub] INFO: Forwarding key: Host

2026-01-19 10:16:39,750 INFO     ___FILE_ONLY___ [pubsub] Jan 19, 2026 10:16:39 AM io.gapi.emulators.grpc.HttpAdapter$StubMethodHandler handle

2026-01-19 10:16:39,750 INFO     ___FILE_ONLY___ [pubsub] INFO: Forwarding key: User-Agent

2026-01-19 10:16:39,751 INFO     ___FILE_ONLY___ [pubsub] Jan 19, 2026 10:16:39 AM io.gapi.emulators.grpc.HttpAdapter$StubMethodHandler handle

2026-01-19 10:16:39,751 INFO     ___FILE_ONLY___ [pubsub] INFO: Forwarding key: Accept

2026-01-19 10:16:39,751 INFO     ___FILE_ONLY___ [pubsub] Jan 19, 2026 10:16:39 AM io.gapi.emulators.grpc.HttpAdapter$StubMethodHandler handle

2026-01-19 10:16:39,751 INFO     ___FILE_ONLY___ [pubsub] INFO: Forwarding key: Content-Type

2026-01-19 10:16:39,751 INFO     ___FILE_ONLY___ [pubsub] Jan 19, 2026 10:16:39 AM io.gapi.emulators.grpc.HttpAdapter$StubMethodHandler handle

2026-01-19 10:16:39,752 INFO     ___FILE_ONLY___ [pubsub] INFO: Not forwarding key: Content-Length

2026-01-19 10:16:39,774 INFO     ___FILE_ONLY___ [pubsub] Jan 19, 2026 10:16:39 AM io.gapi.emulators.netty.HttpVersionRoutingHandler channelRead

2026-01-19 10:16:39,774 INFO     ___FILE_ONLY___ [pubsub] INFO: Detected non-HTTP/2 connection.

2026-01-19 10:16:39,775 INFO     ___FILE_ONLY___ [pubsub] Jan 19, 2026 10:16:39 AM io.gapi.emulators.grpc.HttpAdapter$StubMethodHandler handle

2026-01-19 10:16:39,775 INFO     ___FILE_ONLY___ [pubsub] INFO: Forwarding key: Host

2026-01-19 10:16:39,775 INFO     ___FILE_ONLY___ [pubsub] Jan 19, 2026 10:16:39 AM io.gapi.emulators.grpc.HttpAdapter$StubMethodHandler handle

2026-01-19 10:16:39,776 INFO     ___FILE_ONLY___ [pubsub] INFO: Forwarding key: User-Agent

2026-01-19 10:16:39,776 INFO     ___FILE_ONLY___ [pubsub] Jan 19, 2026 10:16:39 AM io.gapi.emulators.grpc.HttpAdapter$StubMethodHandler handle

2026-01-19 10:16:39,776 INFO     ___FILE_ONLY___ [pubsub] INFO: Forwarding key: Accept

2026-01-19 10:16:39,776 INFO     ___FILE_ONLY___ [pubsub] Jan 19, 2026 10:16:39 AM io.gapi.emulators.grpc.HttpAdapter$StubMethodHandler handle

2026-01-19 10:16:39,777 INFO     ___FILE_ONLY___ [pubsub] INFO: Not forwarding key: content-length

2026-01-19 10:16:39,778 INFO     ___FILE_ONLY___ [pubsub] Jan 19, 2026 10:16:39 AM io.gapi.emulators.netty.HttpHandler$1 onError

2026-01-19 10:16:39,779 INFO     ___FILE_ONLY___ [pubsub] INFO: Exception when handling request: NOT_FOUND: Subscription does not exist

2026-01-19 10:16:39,795 INFO     ___FILE_ONLY___ [pubsub] Jan 19, 2026 10:16:39 AM io.gapi.emulators.netty.HttpVersionRoutingHandler channelRead

2026-01-19 10:16:39,795 INFO     ___FILE_ONLY___ [pubsub] INFO: Detected non-HTTP/2 connection.

2026-01-19 10:16:39,797 INFO     ___FILE_ONLY___ [pubsub] Jan 19, 2026 10:16:39 AM io.gapi.emulators.grpc.HttpAdapter$StubMethodHandler handle

2026-01-19 10:16:39,797 INFO     ___FILE_ONLY___ [pubsub] INFO: Forwarding key: Host

2026-01-19 10:16:39,797 INFO     ___FILE_ONLY___ [pubsub] Jan 19, 2026 10:16:39 AM io.gapi.emulators.grpc.HttpAdapter$StubMethodHandler handle

2026-01-19 10:16:39,797 INFO     ___FILE_ONLY___ [pubsub] INFO: Forwarding key: User-Agent

2026-01-19 10:16:39,798 INFO     ___FILE_ONLY___ [pubsub] Jan 19, 2026 10:16:39 AM io.gapi.emulators.grpc.HttpAdapter$StubMethodHandler handle

2026-01-19 10:16:39,798 INFO     ___FILE_ONLY___ [pubsub] INFO: Forwarding key: Accept

2026-01-19 10:16:39,798 INFO     ___FILE_ONLY___ [pubsub] Jan 19, 2026 10:16:39 AM io.gapi.emulators.grpc.HttpAdapter$StubMethodHandler handle

2026-01-19 10:16:39,798 INFO     ___FILE_ONLY___ [pubsub] INFO: Forwarding key: Content-Type

2026-01-19 10:16:39,799 INFO     ___FILE_ONLY___ [pubsub] Jan 19, 2026 10:16:39 AM io.gapi.emulators.grpc.HttpAdapter$StubMethodHandler handle

2026-01-19 10:16:39,799 INFO     ___FILE_ONLY___ [pubsub] INFO: Not forwarding key: Content-Length

2026-01-19 10:16:49,109 INFO     ___FILE_ONLY___ [pubsub] Jan 19, 2026 10:16:49 AM io.gapi.emulators.netty.HttpVersionRoutingHandler channelRead

2026-01-19 10:16:49,109 INFO     ___FILE_ONLY___ [pubsub] INFO: Detected HTTP/2 connection.

2026-01-19 10:16:49,110 INFO     ___FILE_ONLY___ [pubsub] Jan 19, 2026 10:16:49 AM io.gapi.emulators.netty.HttpVersionRoutingHandler channelRead

2026-01-19 10:16:49,110 INFO     ___FILE_ONLY___ [pubsub] INFO: Detected HTTP/2 connection.

2026-01-19 10:16:49,111 INFO     ___FILE_ONLY___ [pubsub] Jan 19, 2026 10:16:49 AM io.gapi.emulators.netty.HttpVersionRoutingHandler channelRead

2026-01-19 10:16:49,111 INFO     ___FILE_ONLY___ [pubsub] INFO: Detected HTTP/2 connection.

2026-01-19 10:16:49,118 INFO     ___FILE_ONLY___ [pubsub] Jan 19, 2026 10:16:49 AM io.gapi.emulators.netty.HttpVersionRoutingHandler channelRead

2026-01-19 10:16:49,118 INFO     ___FILE_ONLY___ [pubsub] INFO: Detected HTTP/2 connection.

2026-01-19 10:16:57,927 INFO     ___FILE_ONLY___ [pubsub] Jan 19, 2026 10:16:57 AM io.gapi.emulators.netty.HttpVersionRoutingHandler channelRead

2026-01-19 10:16:57,927 INFO     ___FILE_ONLY___ [pubsub] INFO: Detected HTTP/2 connection.

2026-01-19 10:16:57,928 INFO     ___FILE_ONLY___ [pubsub] Jan 19, 2026 10:16:57 AM io.gapi.emulators.netty.HttpVersionRoutingHandler channelRead

2026-01-19 10:16:57,928 INFO     ___FILE_ONLY___ [pubsub] INFO: Detected HTTP/2 connection.

2026-01-19 10:16:59,410 INFO     ___FILE_ONLY___ [pubsub] Jan 19, 2026 10:16:59 AM io.gapi.emulators.netty.HttpVersionRoutingHandler channelRead

2026-01-19 10:16:59,410 INFO     ___FILE_ONLY___ [pubsub] INFO: Detected HTTP/2 connection.

2026-01-19 10:16:59,411 INFO     ___FILE_ONLY___ [pubsub] Jan 19, 2026 10:16:59 AM io.gapi.emulators.netty.HttpVersionRoutingHandler channelRead

2026-01-19 10:16:59,411 INFO     ___FILE_ONLY___ [pubsub] INFO: Detected HTTP/2 connection.

